<?xml version="1.0" encoding="UTF-8"?>
<robot generator="Robot 3.1 (Python 3.7.0 on win32)" generated="20190613 23:51:15.200" rpa="false">
<suite id="s1" name="RFWSite" source="C:\Users\Gurunag.U\eclipse-workspace\RFWSite">
<suite id="s1-s1" name="RFWSite testsuite" source="C:\Users\Gurunag.U\eclipse-workspace\RFWSite\RFWSite_testsuite.robot">
<test id="s1-s1-t1" name="Test Cases">
<kw name="Open Browser And Open Google" library="RFWSite_Keywords" type="setup">
<kw name="Open Browser" library="SeleniumLibrary">
<doc>Opens a new browser instance to the given ``url``.</doc>
<arguments>
<arg>${url}</arg>
<arg>${browser}</arg>
</arguments>
<msg timestamp="20190613 23:51:15.944" level="INFO">Opening browser 'gc' to base url 'https://www.google.com/'.</msg>
<status status="PASS" starttime="20190613 23:51:15.943" endtime="20190613 23:51:20.912"></status>
</kw>
<kw name="Maximize Browser Window" library="SeleniumLibrary">
<doc>Maximizes current browser window.</doc>
<status status="PASS" starttime="20190613 23:51:20.913" endtime="20190613 23:51:22.100"></status>
</kw>
<status status="PASS" starttime="20190613 23:51:15.942" endtime="20190613 23:51:22.101"></status>
</kw>
<kw name="Search Robot Framework" library="RFWSite_Keywords">
<kw name="Element Click" library="RFWSite_Keywords">
<arguments>
<arg>${google_search_locator}</arg>
</arguments>
<kw name="Wait Until Element Is Visible" library="SeleniumLibrary">
<doc>Waits until element ``locator`` is visible.</doc>
<arguments>
<arg>${loc}</arg>
</arguments>
<status status="PASS" starttime="20190613 23:51:22.104" endtime="20190613 23:51:22.172"></status>
</kw>
<kw name="Element Should Be Visible" library="SeleniumLibrary">
<doc>Verifies that the element identified by ``locator`` is visible.</doc>
<arguments>
<arg>${loc}</arg>
</arguments>
<msg timestamp="20190613 23:51:22.215" level="INFO">Element 'css = input[name='q']' is displayed.</msg>
<status status="PASS" starttime="20190613 23:51:22.173" endtime="20190613 23:51:22.216"></status>
</kw>
<kw name="Click Element" library="SeleniumLibrary">
<doc>Click element identified by ``locator``.</doc>
<arguments>
<arg>${loc}</arg>
</arguments>
<msg timestamp="20190613 23:51:22.217" level="INFO">Clicking element 'css = input[name='q']'.</msg>
<status status="PASS" starttime="20190613 23:51:22.216" endtime="20190613 23:51:22.363"></status>
</kw>
<status status="PASS" starttime="20190613 23:51:22.103" endtime="20190613 23:51:22.364"></status>
</kw>
<kw name="Clear Element Text" library="SeleniumLibrary">
<doc>Clears the value of text entry element identified by ``locator``.</doc>
<arguments>
<arg>${google_search_locator}</arg>
</arguments>
<status status="PASS" starttime="20190613 23:51:22.364" endtime="20190613 23:51:22.440"></status>
</kw>
<kw name="Input Text" library="SeleniumLibrary">
<doc>Types the given ``text`` into text field identified by ``locator``.</doc>
<arguments>
<arg>${google_s earch_locator}</arg>
<arg>${input_RFW}</arg>
</arguments>
<msg timestamp="20190613 23:51:22.442" level="INFO">Typing text 'Robot Framework' into text field 'css = input[name='q']'.</msg>
<status status="PASS" starttime="20190613 23:51:22.441" endtime="20190613 23:51:22.678"></status>
</kw>
<kw name="Element Click" library="RFWSite_Keywords">
<arguments>
<arg>${search_button_locator}</arg>
</arguments>
<kw name="Wait Until Element Is Visible" library="SeleniumLibrary">
<doc>Waits until element ``locator`` is visible.</doc>
<arguments>
<arg>${loc}</arg>
</arguments>
<status status="PASS" starttime="20190613 23:51:22.680" endtime="20190613 23:51:22.988"></status>
</kw>
<kw name="Element Should Be Visible" library="SeleniumLibrary">
<doc>Verifies that the element identified by ``locator`` is visible.</doc>
<arguments>
<arg>${loc}</arg>
</arguments>
<msg timestamp="20190613 23:51:23.026" level="INFO">Element 'xpath = //div[@jsname='VlcLAe']//input[1]' is displayed.</msg>
<status status="PASS" starttime="20190613 23:51:22.989" endtime="20190613 23:51:23.026"></status>
</kw>
<kw name="Click Element" library="SeleniumLibrary">
<doc>Click element identified by ``locator``.</doc>
<arguments>
<arg>${loc}</arg>
</arguments>
<msg timestamp="20190613 23:51:23.028" level="INFO">Clicking element 'xpath = //div[@jsname='VlcLAe']//input[1]'.</msg>
<status status="PASS" starttime="20190613 23:51:23.027" endtime="20190613 23:51:24.894"></status>
</kw>
<status status="PASS" starttime="20190613 23:51:22.678" endtime="20190613 23:51:24.895"></status>
</kw>
<kw name="Wait Until Element Is Visible" library="SeleniumLibrary">
<doc>Waits until element ``locator`` is visible.</doc>
<arguments>
<arg>${google_img_locator}</arg>
</arguments>
<status status="PASS" starttime="20190613 23:51:24.896" endtime="20190613 23:51:24.980"></status>
</kw>
<kw name="Page Should Contain Image" library="SeleniumLibrary">
<doc>Verifies image identified by ``locator`` is found from current page.</doc>
<arguments>
<arg>${google_img_locator}</arg>
</arguments>
<msg timestamp="20190613 23:51:25.014" level="INFO">Current page contains image 'css = img[alt='Google']'.</msg>
<status status="PASS" starttime="20190613 23:51:24.981" endtime="20190613 23:51:25.014"></status>
</kw>
<status status="PASS" starttime="20190613 23:51:22.102" endtime="20190613 23:51:25.015"></status>
</kw>
<kw name="Robot Framework Click Link" library="RFWSite_Keywords">
<kw name="Element Click" library="RFWSite_Keywords">
<arguments>
<arg>${RFW_link_locator}</arg>
</arguments>
<kw name="Wait Until Element Is Visible" library="SeleniumLibrary">
<doc>Waits until element ``locator`` is visible.</doc>
<arguments>
<arg>${loc}</arg>
</arguments>
<status status="PASS" starttime="20190613 23:51:25.019" endtime="20190613 23:51:25.084"></status>
</kw>
<kw name="Element Should Be Visible" library="SeleniumLibrary">
<doc>Verifies that the element identified by ``locator`` is visible.</doc>
<arguments>
<arg>${loc}</arg>
</arguments>
<msg timestamp="20190613 23:51:25.128" level="INFO">Element 'css = h3[class='LC20lb']' is displayed.</msg>
<status status="PASS" starttime="20190613 23:51:25.085" endtime="20190613 23:51:25.128"></status>
</kw>
<kw name="Click Element" library="SeleniumLibrary">
<doc>Click element identified by ``locator``.</doc>
<arguments>
<arg>${loc}</arg>
</arguments>
<msg timestamp="20190613 23:51:25.130" level="INFO">Clicking element 'css = h3[class='LC20lb']'.</msg>
<status status="PASS" starttime="20190613 23:51:25.129" endtime="20190613 23:51:29.997"></status>
</kw>
<status status="PASS" starttime="20190613 23:51:25.018" endtime="20190613 23:51:29.998"></status>
</kw>
<kw name="Wait Until Element Is Visible" library="SeleniumLibrary">
<doc>Waits until element ``locator`` is visible.</doc>
<arguments>
<arg>${RFW_img_locator}</arg>
</arguments>
<status status="PASS" starttime="20190613 23:51:29.999" endtime="20190613 23:51:30.068"></status>
</kw>
<status status="PASS" starttime="20190613 23:51:25.016" endtime="20190613 23:51:30.069"></status>
</kw>
<kw name="Move Till Seleneium Library" library="RFWSite_Keywords">
<kw name="Element Click" library="RFWSite_Keywords">
<arguments>
<arg>${libraries_locator}</arg>
</arguments>
<kw name="Wait Until Element Is Visible" library="SeleniumLibrary">
<doc>Waits until element ``locator`` is visible.</doc>
<arguments>
<arg>${loc}</arg>
</arguments>
<status status="PASS" starttime="20190613 23:51:30.073" endtime="20190613 23:51:30.135"></status>
</kw>
<kw name="Element Should Be Visible" library="SeleniumLibrary">
<doc>Verifies that the element identified by ``locator`` is visible.</doc>
<arguments>
<arg>${loc}</arg>
</arguments>
<msg timestamp="20190613 23:51:30.176" level="INFO">Element 'xpath = //nav[@toggleable='md']/li[3]' is displayed.</msg>
<status status="PASS" starttime="20190613 23:51:30.136" endtime="20190613 23:51:30.176"></status>
</kw>
<kw name="Click Element" library="SeleniumLibrary">
<doc>Click element identified by ``locator``.</doc>
<arguments>
<arg>${loc}</arg>
</arguments>
<msg timestamp="20190613 23:51:30.178" level="INFO">Clicking element 'xpath = //nav[@toggleable='md']/li[3]'.</msg>
<status status="PASS" starttime="20190613 23:51:30.177" endtime="20190613 23:51:30.316"></status>
</kw>
<status status="PASS" starttime="20190613 23:51:30.072" endtime="20190613 23:51:30.317"></status>
</kw>
<kw name="Element Click" library="RFWSite_Keywords">
<arguments>
<arg>${external_locator}</arg>
</arguments>
<kw name="Wait Until Element Is Visible" library="SeleniumLibrary">
<doc>Waits until element ``locator`` is visible.</doc>
<arguments>
<arg>${loc}</arg>
</arguments>
<status status="PASS" starttime="20190613 23:51:30.320" endtime="20190613 23:51:30.383"></status>
</kw>
<kw name="Element Should Be Visible" library="SeleniumLibrary">
<doc>Verifies that the element identified by ``locator`` is visible.</doc>
<arguments>
<arg>${loc}</arg>
</arguments>
<msg timestamp="20190613 23:51:30.426" level="INFO">Element 'css = a[id='__BVID__40____BV_tab_button__']' is displayed.</msg>
<status status="PASS" starttime="20190613 23:51:30.383" endtime="20190613 23:51:30.427"></status>
</kw>
<kw name="Click Element" library="SeleniumLibrary">
<doc>Click element identified by ``locator``.</doc>
<arguments>
<arg>${loc}</arg>
</arguments>
<msg timestamp="20190613 23:51:30.428" level="INFO">Clicking element 'css = a[id='__BVID__40____BV_tab_button__']'.</msg>
<status status="PASS" starttime="20190613 23:51:30.427" endtime="20190613 23:51:30.541"></status>
</kw>
<status status="PASS" starttime="20190613 23:51:30.318" endtime="20190613 23:51:30.542"></status>
</kw>
<kw name="Element Click" library="RFWSite_Keywords">
<arguments>
<arg>${selenium_library_locator}</arg>
</arguments>
<kw name="Wait Until Element Is Visible" library="SeleniumLibrary">
<doc>Waits until element ``locator`` is visible.</doc>
<arguments>
<arg>${loc}</arg>
</arguments>
<status status="PASS" starttime="20190613 23:51:30.544" endtime="20190613 23:51:30.873"></status>
</kw>
<kw name="Element Should Be Visible" library="SeleniumLibrary">
<doc>Verifies that the element identified by ``locator`` is visible.</doc>
<arguments>
<arg>${loc}</arg>
</arguments>
<msg timestamp="20190613 23:51:30.918" level="INFO">Element 'xpath = //div[@id="{tab.title}-standard"]/div[30]/a' is displayed.</msg>
<status status="PASS" starttime="20190613 23:51:30.874" endtime="20190613 23:51:30.919"></status>
</kw>
<kw name="Click Element" library="SeleniumLibrary">
<doc>Click element identified by ``locator``.</doc>
<arguments>
<arg>${loc}</arg>
</arguments>
<msg timestamp="20190613 23:51:30.921" level="INFO">Clicking element 'xpath = //div[@id="{tab.title}-standard"]/div[30]/a'.</msg>
<status status="PASS" starttime="20190613 23:51:30.920" endtime="20190613 23:51:31.191"></status>
</kw>
<status status="PASS" starttime="20190613 23:51:30.543" endtime="20190613 23:51:31.192"></status>
</kw>
<status status="PASS" starttime="20190613 23:51:30.070" endtime="20190613 23:51:31.193"></status>
</kw>
<kw name="Switch To Github and select documentation" library="RFWSite_Keywords">
<kw name="Select Window" library="SeleniumLibrary">
<doc>Selects browser window matching ``locator``.</doc>
<arguments>
<arg>${tab_title}</arg>
</arguments>
<status status="PASS" starttime="20190613 23:51:31.197" endtime="20190613 23:51:33.436"></status>
</kw>
<kw name="Wait Until Element Is Visible" library="SeleniumLibrary">
<doc>Waits until element ``locator`` is visible.</doc>
<arguments>
<arg>${github_locator}</arg>
</arguments>
<status status="PASS" starttime="20190613 23:51:33.437" endtime="20190613 23:51:33.526"></status>
</kw>
<kw name="Element Click" library="RFWSite_Keywords">
<arguments>
<arg>${documentation_locator}</arg>
</arguments>
<kw name="Wait Until Element Is Visible" library="SeleniumLibrary">
<doc>Waits until element ``locator`` is visible.</doc>
<arguments>
<arg>${loc}</arg>
</arguments>
<status status="PASS" starttime="20190613 23:51:33.527" endtime="20190613 23:51:33.595"></status>
</kw>
<kw name="Element Should Be Visible" library="SeleniumLibrary">
<doc>Verifies that the element identified by ``locator`` is visible.</doc>
<arguments>
<arg>${loc}</arg>
</arguments>
<msg timestamp="20190613 23:51:33.641" level="INFO">Element 'xpath = //article[@itemprop='text']/p[4]/a' is displayed.</msg>
<status status="PASS" starttime="20190613 23:51:33.596" endtime="20190613 23:51:33.642"></status>
</kw>
<kw name="Click Element" library="SeleniumLibrary">
<doc>Click element identified by ``locator``.</doc>
<arguments>
<arg>${loc}</arg>
</arguments>
<msg timestamp="20190613 23:51:33.643" level="INFO">Clicking element 'xpath = //article[@itemprop='text']/p[4]/a'.</msg>
<status status="PASS" starttime="20190613 23:51:33.642" endtime="20190613 23:51:34.961"></status>
</kw>
<status status="PASS" starttime="20190613 23:51:33.526" endtime="20190613 23:51:34.962"></status>
</kw>
<status status="PASS" starttime="20190613 23:51:31.195" endtime="20190613 23:51:34.963"></status>
</kw>
<kw name="Close The Browser" library="RFWSite_Keywords" type="teardown">
<kw name="Sleep" library="BuiltIn">
<doc>Pauses the test executed for the given time.</doc>
<arguments>
<arg>3s</arg>
</arguments>
<msg timestamp="20190613 23:51:37.969" level="INFO">Slept 3 seconds</msg>
<status status="PASS" starttime="20190613 23:51:34.967" endtime="20190613 23:51:37.970"></status>
</kw>
<kw name="Close Browser" library="SeleniumLibrary">
<doc>Closes the current browser.</doc>
<status status="PASS" starttime="20190613 23:51:37.971" endtime="20190613 23:51:40.385"></status>
</kw>
<status status="PASS" starttime="20190613 23:51:34.965" endtime="20190613 23:51:40.386"></status>
</kw>
<status status="PASS" starttime="20190613 23:51:15.941" endtime="20190613 23:51:40.386" critical="yes"></status>
</test>
<doc>this file contains the testcases of the project</doc>
<status status="PASS" starttime="20190613 23:51:15.390" endtime="20190613 23:51:40.389"></status>
</suite>
<status status="PASS" starttime="20190613 23:51:15.313" endtime="20190613 23:51:40.395"></status>
</suite>
<statistics>
<total>
<stat pass="1" fail="0">Critical Tests</stat>
<stat pass="1" fail="0">All Tests</stat>
</total>
<tag>
</tag>
<suite>
<stat pass="1" fail="0" id="s1" name="RFWSite">RFWSite</stat>
<stat pass="1" fail="0" id="s1-s1" name="RFWSite testsuite">RFWSite.RFWSite testsuite</stat>
</suite>
</statistics>
<errors>
</errors>
</robot>
