<?xml version="1.0" encoding="UTF-8"?>
<robot generator="Robot 3.1 (Python 3.7.0 on win32)" generated="20190617 06:50:50.416" rpa="false">
<suite id="s1" name="OrangeHRM Employee" source="C:\Users\Gurunag.U\eclipse-workspace\OrangeHRM_Employee">
<suite id="s1-s1" name="Testsuite" source="C:\Users\Gurunag.U\eclipse-workspace\OrangeHRM_Employee\Testsuite">
<suite id="s1-s1-s1" name="OrangeHRM Employee Testsuite" source="C:\Users\Gurunag.U\eclipse-workspace\OrangeHRM_Employee\Testsuite\OrangeHRM_Employee_Testsuite.robot">
<kw name="Open Brower And Open Page" library="login_assignment_resource" type="setup">
<kw name="Open Browser" library="SeleniumLibrary">
<doc>Opens a new browser instance to the given ``url``.</doc>
<arguments>
<arg>${url}</arg>
<arg>${browser}</arg>
</arguments>
<msg timestamp="20190617 06:50:51.325" level="INFO">Opening browser 'gc' to base url 'https://opensource-demo.orangehrmlive.com/index.php/auth/login'.</msg>
<status status="PASS" starttime="20190617 06:50:51.324" endtime="20190617 06:50:57.211"></status>
</kw>
<kw name="Maximize Browser Window" library="SeleniumLibrary">
<doc>Maximizes current browser window.</doc>
<status status="PASS" starttime="20190617 06:50:57.213" endtime="20190617 06:50:58.388"></status>
</kw>
<kw name="Set Browser Implicit Wait" library="SeleniumLibrary">
<doc>Sets the implicit wait value used by Selenium.</doc>
<arguments>
<arg>${timeout}</arg>
</arguments>
<status status="PASS" starttime="20190617 06:50:58.389" endtime="20190617 06:50:58.393"></status>
</kw>
<status status="PASS" starttime="20190617 06:50:51.323" endtime="20190617 06:50:58.394"></status>
</kw>
<test id="s1-s1-s1-t1" name="Tsst Cases">
<kw name="Login to OrangeHRM" library="OrangeHRM_Employee_Keywords">
<kw name="Verify The Login Page" library="login_assignment_resource">
<kw name="Wait Until Element Is Visible" library="SeleniumLibrary">
<doc>Waits until element ``locator`` is visible.</doc>
<arguments>
<arg>${loginpage_locator}</arg>
</arguments>
<status status="PASS" starttime="20190617 06:50:58.402" endtime="20190617 06:50:58.472"></status>
</kw>
<kw name="Page Should Contain Element" library="SeleniumLibrary">
<doc>Verifies that element ``locator`` is found on the current page.</doc>
<arguments>
<arg>${loginpage_locator}</arg>
</arguments>
<msg timestamp="20190617 06:50:58.494" level="INFO">Current page contains element 'css = div[id='logInPanelHeading']'.</msg>
<status status="PASS" starttime="20190617 06:50:58.473" endtime="20190617 06:50:58.495"></status>
</kw>
<status status="PASS" starttime="20190617 06:50:58.400" endtime="20190617 06:50:58.495"></status>
</kw>
<kw name="Enter Username" library="login_assignment_resource">
<kw name="Click On Element" library="login_assignment_resource">
<arguments>
<arg>${username_locator}</arg>
</arguments>
<kw name="Wait Until Element Is Visible" library="SeleniumLibrary">
<doc>Waits until element ``locator`` is visible.</doc>
<arguments>
<arg>${locator}</arg>
</arguments>
<status status="PASS" starttime="20190617 06:50:58.499" endtime="20190617 06:50:58.563"></status>
</kw>
<kw name="Click Element" library="SeleniumLibrary">
<doc>Click element identified by ``locator``.</doc>
<arguments>
<arg>${locator}</arg>
</arguments>
<msg timestamp="20190617 06:50:58.566" level="INFO">Clicking element 'css = input[name='txtUsername']'.</msg>
<status status="PASS" starttime="20190617 06:50:58.564" endtime="20190617 06:50:58.695"></status>
</kw>
<status status="PASS" starttime="20190617 06:50:58.497" endtime="20190617 06:50:58.696"></status>
</kw>
<kw name="Clear Element Text" library="SeleniumLibrary">
<doc>Clears the value of text entry element identified by ``locator``.</doc>
<arguments>
<arg>${username_locator}</arg>
</arguments>
<status status="PASS" starttime="20190617 06:50:58.697" endtime="20190617 06:50:58.767"></status>
</kw>
<kw name="Input Text" library="SeleniumLibrary">
<doc>Types the given ``text`` into text field identified by ``locator``.</doc>
<arguments>
<arg>${username_locator}</arg>
<arg>${username}</arg>
</arguments>
<msg timestamp="20190617 06:50:58.769" level="INFO">Typing text 'Admin' into text field 'css = input[name='txtUsername']'.</msg>
<status status="PASS" starttime="20190617 06:50:58.768" endtime="20190617 06:50:58.918"></status>
</kw>
<status status="PASS" starttime="20190617 06:50:58.496" endtime="20190617 06:50:58.919"></status>
</kw>
<kw name="Enter Password" library="login_assignment_resource">
<kw name="Click On Element" library="login_assignment_resource">
<arguments>
<arg>${password_locator}</arg>
</arguments>
<kw name="Wait Until Element Is Visible" library="SeleniumLibrary">
<doc>Waits until element ``locator`` is visible.</doc>
<arguments>
<arg>${locator}</arg>
</arguments>
<status status="PASS" starttime="20190617 06:50:58.922" endtime="20190617 06:50:58.989"></status>
</kw>
<kw name="Click Element" library="SeleniumLibrary">
<doc>Click element identified by ``locator``.</doc>
<arguments>
<arg>${locator}</arg>
</arguments>
<msg timestamp="20190617 06:50:58.991" level="INFO">Clicking element 'css = input[name='txtPassword']'.</msg>
<status status="PASS" starttime="20190617 06:50:58.990" endtime="20190617 06:50:59.106"></status>
</kw>
<status status="PASS" starttime="20190617 06:50:58.921" endtime="20190617 06:50:59.107"></status>
</kw>
<kw name="Clear Element Text" library="SeleniumLibrary">
<doc>Clears the value of text entry element identified by ``locator``.</doc>
<arguments>
<arg>${password_locator}</arg>
</arguments>
<status status="PASS" starttime="20190617 06:50:59.107" endtime="20190617 06:50:59.183"></status>
</kw>
<kw name="Input Text" library="SeleniumLibrary">
<doc>Types the given ``text`` into text field identified by ``locator``.</doc>
<arguments>
<arg>${password_locator}</arg>
<arg>${password}</arg>
</arguments>
<msg timestamp="20190617 06:50:59.185" level="INFO">Typing text 'admin123' into text field 'css = input[name='txtPassword']'.</msg>
<status status="PASS" starttime="20190617 06:50:59.184" endtime="20190617 06:50:59.339"></status>
</kw>
<status status="PASS" starttime="20190617 06:50:58.920" endtime="20190617 06:50:59.339"></status>
</kw>
<kw name="click on signin button" library="login_assignment_resource">
<kw name="Click On Element" library="login_assignment_resource">
<arguments>
<arg>${signin_button_locator}</arg>
</arguments>
<kw name="Wait Until Element Is Visible" library="SeleniumLibrary">
<doc>Waits until element ``locator`` is visible.</doc>
<arguments>
<arg>${locator}</arg>
</arguments>
<status status="PASS" starttime="20190617 06:50:59.343" endtime="20190617 06:50:59.407"></status>
</kw>
<kw name="Click Element" library="SeleniumLibrary">
<doc>Click element identified by ``locator``.</doc>
<arguments>
<arg>${locator}</arg>
</arguments>
<msg timestamp="20190617 06:50:59.409" level="INFO">Clicking element 'css = [name='Submit']'.</msg>
<status status="PASS" starttime="20190617 06:50:59.408" endtime="20190617 06:51:00.935"></status>
</kw>
<status status="PASS" starttime="20190617 06:50:59.342" endtime="20190617 06:51:00.936"></status>
</kw>
<status status="PASS" starttime="20190617 06:50:59.340" endtime="20190617 06:51:00.937"></status>
</kw>
<kw name="Verify Logged In Page" library="login_assignment_resource">
<kw name="Run Keyword And Return Status" library="BuiltIn">
<doc>Runs the given keyword with given arguments and returns the status as a Boolean value.</doc>
<arguments>
<arg>Element Should Be Visible</arg>
<arg>${Welcome_admin_locator}</arg>
</arguments>
<assign>
<var>${message}</var>
</assign>
<kw name="Element Should Be Visible" library="SeleniumLibrary">
<doc>Verifies that the element identified by ``locator`` is visible.</doc>
<arguments>
<arg>${Welcome_admin_locator}</arg>
</arguments>
<msg timestamp="20190617 06:51:01.007" level="INFO">Element 'css = [id='welcome']' is displayed.</msg>
<status status="PASS" starttime="20190617 06:51:00.941" endtime="20190617 06:51:01.007"></status>
</kw>
<msg timestamp="20190617 06:51:01.008" level="INFO">${message} = True</msg>
<status status="PASS" starttime="20190617 06:51:00.939" endtime="20190617 06:51:01.009"></status>
</kw>
<kw name="Run Keyword If" library="BuiltIn">
<doc>Runs the given keyword with the given arguments, if ``condition`` is true.</doc>
<arguments>
<arg>${message} == True</arg>
<arg>Print</arg>
<arg>Valid Login</arg>
<arg>ELSE</arg>
<arg>Print</arg>
<arg>Login failed</arg>
</arguments>
<kw name="Print" library="login_assignment_resource">
<arguments>
<arg>Valid Login</arg>
</arguments>
<kw name="Log" library="BuiltIn">
<doc>Logs the given message with the given level.</doc>
<arguments>
<arg>\n${message}\n</arg>
</arguments>
<msg timestamp="20190617 06:51:01.015" level="INFO">
Valid Login
</msg>
<status status="PASS" starttime="20190617 06:51:01.013" endtime="20190617 06:51:01.015"></status>
</kw>
<kw name="Log To Console" library="BuiltIn">
<doc>Logs the given message to the console.</doc>
<arguments>
<arg>\n${message}\n</arg>
</arguments>
<status status="PASS" starttime="20190617 06:51:01.016" endtime="20190617 06:51:01.017"></status>
</kw>
<status status="PASS" starttime="20190617 06:51:01.012" endtime="20190617 06:51:01.018"></status>
</kw>
<status status="PASS" starttime="20190617 06:51:01.010" endtime="20190617 06:51:01.018"></status>
</kw>
<status status="PASS" starttime="20190617 06:51:00.938" endtime="20190617 06:51:01.019"></status>
</kw>
<status status="PASS" starttime="20190617 06:50:58.397" endtime="20190617 06:51:01.020"></status>
</kw>
<kw name="Navigate And Verify Add Employee Form" library="OrangeHRM_Employee_Keywords">
<kw name="Click On Element" library="login_assignment_resource">
<arguments>
<arg>${PIM_loc}</arg>
</arguments>
<kw name="Wait Until Element Is Visible" library="SeleniumLibrary">
<doc>Waits until element ``locator`` is visible.</doc>
<arguments>
<arg>${locator}</arg>
</arguments>
<status status="PASS" starttime="20190617 06:51:01.023" endtime="20190617 06:51:01.090"></status>
</kw>
<kw name="Click Element" library="SeleniumLibrary">
<doc>Click element identified by ``locator``.</doc>
<arguments>
<arg>${locator}</arg>
</arguments>
<msg timestamp="20190617 06:51:01.092" level="INFO">Clicking element 'xpath = //a[@id='menu_pim_viewPimModule']/b'.</msg>
<status status="PASS" starttime="20190617 06:51:01.091" endtime="20190617 06:51:04.047"></status>
</kw>
<status status="PASS" starttime="20190617 06:51:01.022" endtime="20190617 06:51:04.049"></status>
</kw>
<kw name="Click On Element" library="login_assignment_resource">
<arguments>
<arg>${add_employee_loc}</arg>
</arguments>
<kw name="Wait Until Element Is Visible" library="SeleniumLibrary">
<doc>Waits until element ``locator`` is visible.</doc>
<arguments>
<arg>${locator}</arg>
</arguments>
<status status="PASS" starttime="20190617 06:51:04.052" endtime="20190617 06:51:04.124"></status>
</kw>
<kw name="Click Element" library="SeleniumLibrary">
<doc>Click element identified by ``locator``.</doc>
<arguments>
<arg>${locator}</arg>
</arguments>
<msg timestamp="20190617 06:51:04.127" level="INFO">Clicking element 'css = a[id='menu_pim_addEmployee']'.</msg>
<status status="PASS" starttime="20190617 06:51:04.125" endtime="20190617 06:51:04.916"></status>
</kw>
<status status="PASS" starttime="20190617 06:51:04.049" endtime="20190617 06:51:04.917"></status>
</kw>
<kw name="Wait Until Element Is Visible" library="SeleniumLibrary">
<doc>Waits until element ``locator`` is visible.</doc>
<arguments>
<arg>${add_employee_page_loc}</arg>
</arguments>
<status status="PASS" starttime="20190617 06:51:04.918" endtime="20190617 06:51:04.999"></status>
</kw>
<kw name="Run Keyword And Return Status" library="BuiltIn">
<doc>Runs the given keyword with given arguments and returns the status as a Boolean value.</doc>
<arguments>
<arg>Element Should Be Visible</arg>
<arg>${add_employee_page_loc}</arg>
</arguments>
<assign>
<var>${result}</var>
</assign>
<kw name="Element Should Be Visible" library="SeleniumLibrary">
<doc>Verifies that the element identified by ``locator`` is visible.</doc>
<arguments>
<arg>${add_employee_page_loc}</arg>
</arguments>
<msg timestamp="20190617 06:51:05.044" level="INFO">Element 'xpath = //div[@class='head']/h1' is displayed.</msg>
<status status="PASS" starttime="20190617 06:51:05.001" endtime="20190617 06:51:05.044"></status>
</kw>
<msg timestamp="20190617 06:51:05.045" level="INFO">${result} = True</msg>
<status status="PASS" starttime="20190617 06:51:05.000" endtime="20190617 06:51:05.045"></status>
</kw>
<kw name="Run Keyword If" library="BuiltIn">
<doc>Runs the given keyword with the given arguments, if ``condition`` is true.</doc>
<arguments>
<arg>${result}==True</arg>
<arg>Print</arg>
<arg>Add Employee form succesfully loaded</arg>
<arg>ELSE</arg>
<arg>Print</arg>
<arg>Add Employee form failed to load</arg>
</arguments>
<kw name="Print" library="login_assignment_resource">
<arguments>
<arg>Add Employee form succesfully loaded</arg>
</arguments>
<kw name="Log" library="BuiltIn">
<doc>Logs the given message with the given level.</doc>
<arguments>
<arg>\n${message}\n</arg>
</arguments>
<msg timestamp="20190617 06:51:05.050" level="INFO">
Add Employee form succesfully loaded
</msg>
<status status="PASS" starttime="20190617 06:51:05.049" endtime="20190617 06:51:05.051"></status>
</kw>
<kw name="Log To Console" library="BuiltIn">
<doc>Logs the given message to the console.</doc>
<arguments>
<arg>\n${message}\n</arg>
</arguments>
<status status="PASS" starttime="20190617 06:51:05.051" endtime="20190617 06:51:05.053"></status>
</kw>
<status status="PASS" starttime="20190617 06:51:05.048" endtime="20190617 06:51:05.054"></status>
</kw>
<status status="PASS" starttime="20190617 06:51:05.046" endtime="20190617 06:51:05.055"></status>
</kw>
<status status="PASS" starttime="20190617 06:51:01.021" endtime="20190617 06:51:05.056"></status>
</kw>
<kw name="Setting A Temporary User Data" library="OrangeHRM_Employee_Keywords">
<kw name="Generate Random Sequence of size 10" library="Custom_keywords">
<assign>
<var>${res}</var>
</assign>
<kw name="Generate Random String" library="String">
<doc>Generates a string with a desired ``length`` from the given ``chars``.</doc>
<arguments>
<arg>${random_index}</arg>
<arg>${random_alphanumeric}</arg>
</arguments>
<assign>
<var>${result}</var>
</assign>
<msg timestamp="20190617 06:51:05.062" level="INFO">${result} = 2qz8YicOGj</msg>
<status status="PASS" starttime="20190617 06:51:05.060" endtime="20190617 06:51:05.063"></status>
</kw>
<msg timestamp="20190617 06:51:05.064" level="INFO">${res} = 2qz8YicOGj</msg>
<status status="PASS" starttime="20190617 06:51:05.059" endtime="20190617 06:51:05.064"></status>
</kw>
<kw name="Set Global Variable" library="BuiltIn">
<doc>Makes a variable available globally in all tests and suites.</doc>
<arguments>
<arg>${first_name}</arg>
<arg>${res}</arg>
</arguments>
<msg timestamp="20190617 06:51:05.066" level="INFO">${first_name} = 2qz8YicOGj</msg>
<status status="PASS" starttime="20190617 06:51:05.065" endtime="20190617 06:51:05.067"></status>
</kw>
<kw name="Generate Random Sequence of size 10" library="Custom_keywords">
<assign>
<var>${res}</var>
</assign>
<kw name="Generate Random String" library="String">
<doc>Generates a string with a desired ``length`` from the given ``chars``.</doc>
<arguments>
<arg>${random_index}</arg>
<arg>${random_alphanumeric}</arg>
</arguments>
<assign>
<var>${result}</var>
</assign>
<msg timestamp="20190617 06:51:05.070" level="INFO">${result} = 055muxBfIB</msg>
<status status="PASS" starttime="20190617 06:51:05.068" endtime="20190617 06:51:05.070"></status>
</kw>
<msg timestamp="20190617 06:51:05.071" level="INFO">${res} = 055muxBfIB</msg>
<status status="PASS" starttime="20190617 06:51:05.067" endtime="20190617 06:51:05.071"></status>
</kw>
<kw name="Set Global Variable" library="BuiltIn">
<doc>Makes a variable available globally in all tests and suites.</doc>
<arguments>
<arg>${last_name}</arg>
<arg>${res}</arg>
</arguments>
<msg timestamp="20190617 06:51:05.073" level="INFO">${last_name} = 055muxBfIB</msg>
<status status="PASS" starttime="20190617 06:51:05.072" endtime="20190617 06:51:05.074"></status>
</kw>
<kw name="Generate Random Sequence of size 10" library="Custom_keywords">
<assign>
<var>${res}</var>
</assign>
<kw name="Generate Random String" library="String">
<doc>Generates a string with a desired ``length`` from the given ``chars``.</doc>
<arguments>
<arg>${random_index}</arg>
<arg>${random_alphanumeric}</arg>
</arguments>
<assign>
<var>${result}</var>
</assign>
<msg timestamp="20190617 06:51:05.077" level="INFO">${result} = GjtTy8oPbN</msg>
<status status="PASS" starttime="20190617 06:51:05.075" endtime="20190617 06:51:05.077"></status>
</kw>
<msg timestamp="20190617 06:51:05.078" level="INFO">${res} = GjtTy8oPbN</msg>
<status status="PASS" starttime="20190617 06:51:05.074" endtime="20190617 06:51:05.078"></status>
</kw>
<kw name="Set Global Variable" library="BuiltIn">
<doc>Makes a variable available globally in all tests and suites.</doc>
<arguments>
<arg>${middle_name}</arg>
<arg>${res}</arg>
</arguments>
<msg timestamp="20190617 06:51:05.080" level="INFO">${middle_name} = GjtTy8oPbN</msg>
<status status="PASS" starttime="20190617 06:51:05.079" endtime="20190617 06:51:05.080"></status>
</kw>
<kw name="Generate Random Sequence of size 10" library="Custom_keywords">
<assign>
<var>${res}</var>
</assign>
<kw name="Generate Random String" library="String">
<doc>Generates a string with a desired ``length`` from the given ``chars``.</doc>
<arguments>
<arg>${random_index}</arg>
<arg>${random_alphanumeric}</arg>
</arguments>
<assign>
<var>${result}</var>
</assign>
<msg timestamp="20190617 06:51:05.083" level="INFO">${result} = 7ArKEA2WIF</msg>
<status status="PASS" starttime="20190617 06:51:05.082" endtime="20190617 06:51:05.084"></status>
</kw>
<msg timestamp="20190617 06:51:05.084" level="INFO">${res} = 7ArKEA2WIF</msg>
<status status="PASS" starttime="20190617 06:51:05.081" endtime="20190617 06:51:05.085"></status>
</kw>
<kw name="Set Global Variable" library="BuiltIn">
<doc>Makes a variable available globally in all tests and suites.</doc>
<arguments>
<arg>${Driving_license_number}</arg>
<arg>${res}</arg>
</arguments>
<msg timestamp="20190617 06:51:05.086" level="INFO">${Driving_license_number} = 7ArKEA2WIF</msg>
<status status="PASS" starttime="20190617 06:51:05.085" endtime="20190617 06:51:05.087"></status>
</kw>
<status status="PASS" starttime="20190617 06:51:05.057" endtime="20190617 06:51:05.087"></status>
</kw>
<kw name="Filling Add Employee Form" library="OrangeHRM_Employee_Keywords">
<kw name="Clear And Enter Input Text" library="Custom_keywords">
<arguments>
<arg>${add_emp_FirstName_loc}</arg>
<arg>${first_name}</arg>
</arguments>
<kw name="Click On Element" library="login_assignment_resource">
<arguments>
<arg>${loc}</arg>
</arguments>
<kw name="Wait Until Element Is Visible" library="SeleniumLibrary">
<doc>Waits until element ``locator`` is visible.</doc>
<arguments>
<arg>${locator}</arg>
</arguments>
<status status="PASS" starttime="20190617 06:51:05.092" endtime="20190617 06:51:05.157"></status>
</kw>
<kw name="Click Element" library="SeleniumLibrary">
<doc>Click element identified by ``locator``.</doc>
<arguments>
<arg>${locator}</arg>
</arguments>
<msg timestamp="20190617 06:51:05.159" level="INFO">Clicking element 'css = input[id='firstName']'.</msg>
<status status="PASS" starttime="20190617 06:51:05.158" endtime="20190617 06:51:05.321"></status>
</kw>
<status status="PASS" starttime="20190617 06:51:05.091" endtime="20190617 06:51:05.322"></status>
</kw>
<kw name="Clear Element Text" library="SeleniumLibrary">
<doc>Clears the value of text entry element identified by ``locator``.</doc>
<arguments>
<arg>${loc}</arg>
</arguments>
<status status="PASS" starttime="20190617 06:51:05.323" endtime="20190617 06:51:05.408"></status>
</kw>
<kw name="Input Text" library="SeleniumLibrary">
<doc>Types the given ``text`` into text field identified by ``locator``.</doc>
<arguments>
<arg>${loc}</arg>
<arg>${text}</arg>
</arguments>
<msg timestamp="20190617 06:51:05.411" level="INFO">Typing text '2qz8YicOGj' into text field 'css = input[id='firstName']'.</msg>
<status status="PASS" starttime="20190617 06:51:05.409" endtime="20190617 06:51:05.638"></status>
</kw>
<status status="PASS" starttime="20190617 06:51:05.089" endtime="20190617 06:51:05.639"></status>
</kw>
<kw name="Clear And Enter Input Text" library="Custom_keywords">
<arguments>
<arg>${add_emp_LastName_loc}</arg>
<arg>${last_name}</arg>
</arguments>
<kw name="Click On Element" library="login_assignment_resource">
<arguments>
<arg>${loc}</arg>
</arguments>
<kw name="Wait Until Element Is Visible" library="SeleniumLibrary">
<doc>Waits until element ``locator`` is visible.</doc>
<arguments>
<arg>${locator}</arg>
</arguments>
<status status="PASS" starttime="20190617 06:51:05.642" endtime="20190617 06:51:05.705"></status>
</kw>
<kw name="Click Element" library="SeleniumLibrary">
<doc>Click element identified by ``locator``.</doc>
<arguments>
<arg>${locator}</arg>
</arguments>
<msg timestamp="20190617 06:51:05.707" level="INFO">Clicking element 'css = input[id='lastName']'.</msg>
<status status="PASS" starttime="20190617 06:51:05.706" endtime="20190617 06:51:05.849"></status>
</kw>
<status status="PASS" starttime="20190617 06:51:05.641" endtime="20190617 06:51:05.849"></status>
</kw>
<kw name="Clear Element Text" library="SeleniumLibrary">
<doc>Clears the value of text entry element identified by ``locator``.</doc>
<arguments>
<arg>${loc}</arg>
</arguments>
<status status="PASS" starttime="20190617 06:51:05.850" endtime="20190617 06:51:05.906"></status>
</kw>
<kw name="Input Text" library="SeleniumLibrary">
<doc>Types the given ``text`` into text field identified by ``locator``.</doc>
<arguments>
<arg>${loc}</arg>
<arg>${text}</arg>
</arguments>
<msg timestamp="20190617 06:51:05.907" level="INFO">Typing text '055muxBfIB' into text field 'css = input[id='lastName']'.</msg>
<status status="PASS" starttime="20190617 06:51:05.906" endtime="20190617 06:51:06.120"></status>
</kw>
<status status="PASS" starttime="20190617 06:51:05.640" endtime="20190617 06:51:06.121"></status>
</kw>
<kw name="Get Value" library="SeleniumLibrary">
<doc>Returns the value attribute of element identified by ``locator``.</doc>
<arguments>
<arg>${Add_employee_Employee_id_loc}</arg>
</arguments>
<assign>
<var>${result}</var>
</assign>
<msg timestamp="20190617 06:51:06.169" level="INFO">${result} = 0031</msg>
<status status="PASS" starttime="20190617 06:51:06.122" endtime="20190617 06:51:06.170"></status>
</kw>
<kw name="Set Global Variable" library="BuiltIn">
<doc>Makes a variable available globally in all tests and suites.</doc>
<arguments>
<arg>${Employee_id}</arg>
<arg>${result}</arg>
</arguments>
<msg timestamp="20190617 06:51:06.173" level="INFO">${Employee_id} = 0031</msg>
<status status="PASS" starttime="20190617 06:51:06.171" endtime="20190617 06:51:06.174"></status>
</kw>
<kw name="Choose File" library="SeleniumLibrary">
<doc>Inputs the ``file_path`` into file input field ``locator``.</doc>
<arguments>
<arg>${add_employee_photograph _loc}</arg>
<arg>${Photograph_location}</arg>
</arguments>
<status status="PASS" starttime="20190617 06:51:06.175" endtime="20190617 06:51:06.249"></status>
</kw>
<kw name="Click On Element" library="login_assignment_resource">
<arguments>
<arg>${add_employee_save_button}</arg>
</arguments>
<kw name="Wait Until Element Is Visible" library="SeleniumLibrary">
<doc>Waits until element ``locator`` is visible.</doc>
<arguments>
<arg>${locator}</arg>
</arguments>
<status status="PASS" starttime="20190617 06:51:06.251" endtime="20190617 06:51:06.316"></status>
</kw>
<kw name="Click Element" library="SeleniumLibrary">
<doc>Click element identified by ``locator``.</doc>
<arguments>
<arg>${locator}</arg>
</arguments>
<msg timestamp="20190617 06:51:06.319" level="INFO">Clicking element 'css = input[id='btnSave']'.</msg>
<status status="PASS" starttime="20190617 06:51:06.317" endtime="20190617 06:51:07.742"></status>
</kw>
<status status="PASS" starttime="20190617 06:51:06.250" endtime="20190617 06:51:07.743"></status>
</kw>
<kw name="Run Keyword And Return Status" library="BuiltIn">
<doc>Runs the given keyword with given arguments and returns the status as a Boolean value.</doc>
<arguments>
<arg>Element Should Be Visible</arg>
<arg>${personal_details_page_loc}</arg>
</arguments>
<assign>
<var>${result}</var>
</assign>
<kw name="Element Should Be Visible" library="SeleniumLibrary">
<doc>Verifies that the element identified by ``locator`` is visible.</doc>
<arguments>
<arg>${personal_details_page_loc}</arg>
</arguments>
<msg timestamp="20190617 06:51:07.818" level="INFO">Element 'xpath = //div[@class='personalDetails']/div[1]/h1' is displayed.</msg>
<status status="PASS" starttime="20190617 06:51:07.746" endtime="20190617 06:51:07.819"></status>
</kw>
<msg timestamp="20190617 06:51:07.820" level="INFO">${result} = True</msg>
<status status="PASS" starttime="20190617 06:51:07.744" endtime="20190617 06:51:07.820"></status>
</kw>
<kw name="Run Keyword If" library="BuiltIn">
<doc>Runs the given keyword with the given arguments, if ``condition`` is true.</doc>
<arguments>
<arg>${result}==True</arg>
<arg>Print</arg>
<arg>Succesfully Cretaed Employee</arg>
<arg>ELSE</arg>
<arg>Print</arg>
<arg>Failed to ccreate employee</arg>
</arguments>
<kw name="Print" library="login_assignment_resource">
<arguments>
<arg>Succesfully Cretaed Employee</arg>
</arguments>
<kw name="Log" library="BuiltIn">
<doc>Logs the given message with the given level.</doc>
<arguments>
<arg>\n${message}\n</arg>
</arguments>
<msg timestamp="20190617 06:51:07.825" level="INFO">
Succesfully Cretaed Employee
</msg>
<status status="PASS" starttime="20190617 06:51:07.824" endtime="20190617 06:51:07.827"></status>
</kw>
<kw name="Log To Console" library="BuiltIn">
<doc>Logs the given message to the console.</doc>
<arguments>
<arg>\n${message}\n</arg>
</arguments>
<status status="PASS" starttime="20190617 06:51:07.827" endtime="20190617 06:51:07.828"></status>
</kw>
<status status="PASS" starttime="20190617 06:51:07.822" endtime="20190617 06:51:07.828"></status>
</kw>
<status status="PASS" starttime="20190617 06:51:07.821" endtime="20190617 06:51:07.830"></status>
</kw>
<status status="PASS" starttime="20190617 06:51:05.088" endtime="20190617 06:51:07.830"></status>
</kw>
<kw name="Edit Personal Details" library="OrangeHRM_Employee_Keywords">
<kw name="Wait Until Element Is Visible" library="SeleniumLibrary">
<doc>Waits until element ``locator`` is visible.</doc>
<arguments>
<arg>${personal_details_page_loc}</arg>
</arguments>
<status status="PASS" starttime="20190617 06:51:07.832" endtime="20190617 06:51:07.872"></status>
</kw>
<kw name="Click On Element" library="login_assignment_resource">
<arguments>
<arg>${personal_details_edit&amp;save_btn_loc}</arg>
</arguments>
<kw name="Wait Until Element Is Visible" library="SeleniumLibrary">
<doc>Waits until element ``locator`` is visible.</doc>
<arguments>
<arg>${locator}</arg>
</arguments>
<status status="PASS" starttime="20190617 06:51:07.875" endtime="20190617 06:51:07.934"></status>
</kw>
<kw name="Click Element" library="SeleniumLibrary">
<doc>Click element identified by ``locator``.</doc>
<arguments>
<arg>${locator}</arg>
</arguments>
<msg timestamp="20190617 06:51:07.936" level="INFO">Clicking element 'css = input[id='btnSave']'.</msg>
<status status="PASS" starttime="20190617 06:51:07.935" endtime="20190617 06:51:08.082"></status>
</kw>
<status status="PASS" starttime="20190617 06:51:07.873" endtime="20190617 06:51:08.083"></status>
</kw>
<kw name="Clear And Enter Input Text" library="Custom_keywords">
<arguments>
<arg>${Personal_details_middlename_loc}</arg>
<arg>${middle_name}</arg>
</arguments>
<kw name="Click On Element" library="login_assignment_resource">
<arguments>
<arg>${loc}</arg>
</arguments>
<kw name="Wait Until Element Is Visible" library="SeleniumLibrary">
<doc>Waits until element ``locator`` is visible.</doc>
<arguments>
<arg>${locator}</arg>
</arguments>
<status status="PASS" starttime="20190617 06:51:08.086" endtime="20190617 06:51:08.155"></status>
</kw>
<kw name="Click Element" library="SeleniumLibrary">
<doc>Click element identified by ``locator``.</doc>
<arguments>
<arg>${locator}</arg>
</arguments>
<msg timestamp="20190617 06:51:08.158" level="INFO">Clicking element 'css = input[title='Middle Name']'.</msg>
<status status="PASS" starttime="20190617 06:51:08.156" endtime="20190617 06:51:08.295"></status>
</kw>
<status status="PASS" starttime="20190617 06:51:08.085" endtime="20190617 06:51:08.296"></status>
</kw>
<kw name="Clear Element Text" library="SeleniumLibrary">
<doc>Clears the value of text entry element identified by ``locator``.</doc>
<arguments>
<arg>${loc}</arg>
</arguments>
<status status="PASS" starttime="20190617 06:51:08.297" endtime="20190617 06:51:08.378"></status>
</kw>
<kw name="Input Text" library="SeleniumLibrary">
<doc>Types the given ``text`` into text field identified by ``locator``.</doc>
<arguments>
<arg>${loc}</arg>
<arg>${text}</arg>
</arguments>
<msg timestamp="20190617 06:51:08.380" level="INFO">Typing text 'GjtTy8oPbN' into text field 'css = input[title='Middle Name']'.</msg>
<status status="PASS" starttime="20190617 06:51:08.379" endtime="20190617 06:51:08.604"></status>
</kw>
<status status="PASS" starttime="20190617 06:51:08.083" endtime="20190617 06:51:08.605"></status>
</kw>
<kw name="Clear And Enter Input Text" library="Custom_keywords">
<arguments>
<arg>${personal_details_DL_loc}</arg>
<arg>${Driving_license_number}</arg>
</arguments>
<kw name="Click On Element" library="login_assignment_resource">
<arguments>
<arg>${loc}</arg>
</arguments>
<kw name="Wait Until Element Is Visible" library="SeleniumLibrary">
<doc>Waits until element ``locator`` is visible.</doc>
<arguments>
<arg>${locator}</arg>
</arguments>
<status status="PASS" starttime="20190617 06:51:08.609" endtime="20190617 06:51:08.681"></status>
</kw>
<kw name="Click Element" library="SeleniumLibrary">
<doc>Click element identified by ``locator``.</doc>
<arguments>
<arg>${locator}</arg>
</arguments>
<msg timestamp="20190617 06:51:08.683" level="INFO">Clicking element 'css = input[name='personal[txtLicenNo]']'.</msg>
<status status="PASS" starttime="20190617 06:51:08.682" endtime="20190617 06:51:08.815"></status>
</kw>
<status status="PASS" starttime="20190617 06:51:08.608" endtime="20190617 06:51:08.816"></status>
</kw>
<kw name="Clear Element Text" library="SeleniumLibrary">
<doc>Clears the value of text entry element identified by ``locator``.</doc>
<arguments>
<arg>${loc}</arg>
</arguments>
<status status="PASS" starttime="20190617 06:51:08.817" endtime="20190617 06:51:08.900"></status>
</kw>
<kw name="Input Text" library="SeleniumLibrary">
<doc>Types the given ``text`` into text field identified by ``locator``.</doc>
<arguments>
<arg>${loc}</arg>
<arg>${text}</arg>
</arguments>
<msg timestamp="20190617 06:51:08.902" level="INFO">Typing text '7ArKEA2WIF' into text field 'css = input[name='personal[txtLicenNo]']'.</msg>
<status status="PASS" starttime="20190617 06:51:08.901" endtime="20190617 06:51:09.141"></status>
</kw>
<status status="PASS" starttime="20190617 06:51:08.606" endtime="20190617 06:51:09.142"></status>
</kw>
<kw name="Clear And Enter Input Text" library="Custom_keywords">
<arguments>
<arg>${Personal_details_license_exp_loc}</arg>
<arg>${licence_expiry_date}</arg>
</arguments>
<kw name="Click On Element" library="login_assignment_resource">
<arguments>
<arg>${loc}</arg>
</arguments>
<kw name="Wait Until Element Is Visible" library="SeleniumLibrary">
<doc>Waits until element ``locator`` is visible.</doc>
<arguments>
<arg>${locator}</arg>
</arguments>
<status status="PASS" starttime="20190617 06:51:09.145" endtime="20190617 06:51:09.209"></status>
</kw>
<kw name="Click Element" library="SeleniumLibrary">
<doc>Click element identified by ``locator``.</doc>
<arguments>
<arg>${locator}</arg>
</arguments>
<msg timestamp="20190617 06:51:09.211" level="INFO">Clicking element 'css = input[name='personal[txtLicExpDate]']'.</msg>
<status status="PASS" starttime="20190617 06:51:09.210" endtime="20190617 06:51:09.422"></status>
</kw>
<status status="PASS" starttime="20190617 06:51:09.144" endtime="20190617 06:51:09.423"></status>
</kw>
<kw name="Clear Element Text" library="SeleniumLibrary">
<doc>Clears the value of text entry element identified by ``locator``.</doc>
<arguments>
<arg>${loc}</arg>
</arguments>
<status status="PASS" starttime="20190617 06:51:09.424" endtime="20190617 06:51:09.505"></status>
</kw>
<kw name="Input Text" library="SeleniumLibrary">
<doc>Types the given ``text`` into text field identified by ``locator``.</doc>
<arguments>
<arg>${loc}</arg>
<arg>${text}</arg>
</arguments>
<msg timestamp="20190617 06:51:09.508" level="INFO">Typing text '2020-02-20' into text field 'css = input[name='personal[txtLicExpDate]']'.</msg>
<status status="PASS" starttime="20190617 06:51:09.506" endtime="20190617 06:51:09.859"></status>
</kw>
<status status="PASS" starttime="20190617 06:51:09.142" endtime="20190617 06:51:09.860"></status>
</kw>
<kw name="Click On Element" library="login_assignment_resource">
<arguments>
<arg>${expiry_date_symbol_loc}</arg>
</arguments>
<kw name="Wait Until Element Is Visible" library="SeleniumLibrary">
<doc>Waits until element ``locator`` is visible.</doc>
<arguments>
<arg>${locator}</arg>
</arguments>
<status status="PASS" starttime="20190617 06:51:09.862" endtime="20190617 06:51:09.940"></status>
</kw>
<kw name="Click Element" library="SeleniumLibrary">
<doc>Click element identified by ``locator``.</doc>
<arguments>
<arg>${locator}</arg>
</arguments>
<msg timestamp="20190617 06:51:09.941" level="INFO">Clicking element 'xpath = //form[@id='frmEmpPersonalDetails']/fieldset/ol[2]/li[4]/img'.</msg>
<status status="PASS" starttime="20190617 06:51:09.940" endtime="20190617 06:51:10.089"></status>
</kw>
<status status="PASS" starttime="20190617 06:51:09.861" endtime="20190617 06:51:10.090"></status>
</kw>
<kw name="Click On Element" library="login_assignment_resource">
<arguments>
<arg>${gender_radio_male_loc}</arg>
</arguments>
<kw name="Wait Until Element Is Visible" library="SeleniumLibrary">
<doc>Waits until element ``locator`` is visible.</doc>
<arguments>
<arg>${locator}</arg>
</arguments>
<status status="PASS" starttime="20190617 06:51:10.094" endtime="20190617 06:51:10.165"></status>
</kw>
<kw name="Click Element" library="SeleniumLibrary">
<doc>Click element identified by ``locator``.</doc>
<arguments>
<arg>${locator}</arg>
</arguments>
<msg timestamp="20190617 06:51:10.168" level="INFO">Clicking element 'css = [id="personal_optGender_1"]'.</msg>
<status status="PASS" starttime="20190617 06:51:10.166" endtime="20190617 06:51:10.300"></status>
</kw>
<status status="PASS" starttime="20190617 06:51:10.091" endtime="20190617 06:51:10.301"></status>
</kw>
<kw name="Select From DropDown With Value" library="Custom_keywords">
<arguments>
<arg>${Marital_status_loc}</arg>
<arg>${Marital_status_label}</arg>
</arguments>
<kw name="Element Should Be Visible" library="SeleniumLibrary">
<doc>Verifies that the element identified by ``locator`` is visible.</doc>
<arguments>
<arg>${loc}</arg>
</arguments>
<msg timestamp="20190617 06:51:10.370" level="INFO">Element 'css = select[id='personal_cmbMarital']' is displayed.</msg>
<status status="PASS" starttime="20190617 06:51:10.304" endtime="20190617 06:51:10.371"></status>
</kw>
<kw name="Select From List By Label" library="SeleniumLibrary">
<doc>Selects options from selection list ``locator`` by ``labels``.</doc>
<arguments>
<arg>${loc}</arg>
<arg>${label}</arg>
</arguments>
<msg timestamp="20190617 06:51:10.373" level="INFO">Selecting options from selection list 'css = select[id='personal_cmbMarital']' by label Married.</msg>
<status status="PASS" starttime="20190617 06:51:10.371" endtime="20190617 06:51:10.555"></status>
</kw>
<status status="PASS" starttime="20190617 06:51:10.302" endtime="20190617 06:51:10.556"></status>
</kw>
<kw name="Select From DropDown With Value" library="Custom_keywords">
<arguments>
<arg>${nationality_loc}</arg>
<arg>${nationality_label}</arg>
</arguments>
<kw name="Element Should Be Visible" library="SeleniumLibrary">
<doc>Verifies that the element identified by ``locator`` is visible.</doc>
<arguments>
<arg>${loc}</arg>
</arguments>
<msg timestamp="20190617 06:51:10.618" level="INFO">Element 'css = select[id='personal_cmbNation']' is displayed.</msg>
<status status="PASS" starttime="20190617 06:51:10.558" endtime="20190617 06:51:10.619"></status>
</kw>
<kw name="Select From List By Label" library="SeleniumLibrary">
<doc>Selects options from selection list ``locator`` by ``labels``.</doc>
<arguments>
<arg>${loc}</arg>
<arg>${label}</arg>
</arguments>
<msg timestamp="20190617 06:51:10.621" level="INFO">Selecting options from selection list 'css = select[id='personal_cmbNation']' by label Indian.</msg>
<status status="PASS" starttime="20190617 06:51:10.620" endtime="20190617 06:51:10.791"></status>
</kw>
<status status="PASS" starttime="20190617 06:51:10.557" endtime="20190617 06:51:10.792"></status>
</kw>
<kw name="Clear And Enter Input Text" library="Custom_keywords">
<arguments>
<arg>${date_of_birth_loc}</arg>
<arg>${date_of_birth}</arg>
</arguments>
<kw name="Click On Element" library="login_assignment_resource">
<arguments>
<arg>${loc}</arg>
</arguments>
<kw name="Wait Until Element Is Visible" library="SeleniumLibrary">
<doc>Waits until element ``locator`` is visible.</doc>
<arguments>
<arg>${locator}</arg>
</arguments>
<status status="PASS" starttime="20190617 06:51:10.796" endtime="20190617 06:51:10.864"></status>
</kw>
<kw name="Click Element" library="SeleniumLibrary">
<doc>Click element identified by ``locator``.</doc>
<arguments>
<arg>${locator}</arg>
</arguments>
<msg timestamp="20190617 06:51:10.866" level="INFO">Clicking element 'css = input[id='personal_DOB']'.</msg>
<status status="PASS" starttime="20190617 06:51:10.865" endtime="20190617 06:51:11.040"></status>
</kw>
<status status="PASS" starttime="20190617 06:51:10.794" endtime="20190617 06:51:11.041"></status>
</kw>
<kw name="Clear Element Text" library="SeleniumLibrary">
<doc>Clears the value of text entry element identified by ``locator``.</doc>
<arguments>
<arg>${loc}</arg>
</arguments>
<status status="PASS" starttime="20190617 06:51:11.042" endtime="20190617 06:51:11.117"></status>
</kw>
<kw name="Input Text" library="SeleniumLibrary">
<doc>Types the given ``text`` into text field identified by ``locator``.</doc>
<arguments>
<arg>${loc}</arg>
<arg>${text}</arg>
</arguments>
<msg timestamp="20190617 06:51:11.119" level="INFO">Typing text '1998-07-12' into text field 'css = input[id='personal_DOB']'.</msg>
<status status="PASS" starttime="20190617 06:51:11.118" endtime="20190617 06:51:11.451"></status>
</kw>
<status status="PASS" starttime="20190617 06:51:10.792" endtime="20190617 06:51:11.452"></status>
</kw>
<kw name="Click On Element" library="login_assignment_resource">
<arguments>
<arg>${personal_details_edit&amp;save_btn_loc}</arg>
</arguments>
<kw name="Wait Until Element Is Visible" library="SeleniumLibrary">
<doc>Waits until element ``locator`` is visible.</doc>
<arguments>
<arg>${locator}</arg>
</arguments>
<status status="PASS" starttime="20190617 06:51:11.455" endtime="20190617 06:51:11.499"></status>
</kw>
<kw name="Click Element" library="SeleniumLibrary">
<doc>Click element identified by ``locator``.</doc>
<arguments>
<arg>${locator}</arg>
</arguments>
<msg timestamp="20190617 06:51:11.501" level="INFO">Clicking element 'css = input[id='btnSave']'.</msg>
<status status="PASS" starttime="20190617 06:51:11.500" endtime="20190617 06:51:12.578"></status>
</kw>
<status status="PASS" starttime="20190617 06:51:11.453" endtime="20190617 06:51:12.580"></status>
</kw>
<status status="PASS" starttime="20190617 06:51:07.831" endtime="20190617 06:51:12.581"></status>
</kw>
<status status="PASS" starttime="20190617 06:50:58.395" endtime="20190617 06:51:12.582" critical="yes"></status>
</test>
<kw name="close the browser" library="login_assignment_resource" type="teardown">
<kw name="Sleep" library="BuiltIn">
<doc>Pauses the test executed for the given time.</doc>
<arguments>
<arg>${timeout}</arg>
</arguments>
<msg timestamp="20190617 06:51:22.589" level="INFO">Slept 10 seconds</msg>
<status status="PASS" starttime="20190617 06:51:12.587" endtime="20190617 06:51:22.590"></status>
</kw>
<kw name="Close Browser" library="SeleniumLibrary">
<doc>Closes the current browser.</doc>
<status status="PASS" starttime="20190617 06:51:22.591" endtime="20190617 06:51:25.064"></status>
</kw>
<status status="PASS" starttime="20190617 06:51:12.585" endtime="20190617 06:51:25.065"></status>
</kw>
<doc>this file contains all the test cases for the project</doc>
<status status="PASS" starttime="20190617 06:50:50.622" endtime="20190617 06:51:25.066"></status>
</suite>
<status status="PASS" starttime="20190617 06:50:50.614" endtime="20190617 06:51:25.073"></status>
</suite>
<status status="PASS" starttime="20190617 06:50:50.537" endtime="20190617 06:51:25.078"></status>
</suite>
<statistics>
<total>
<stat pass="1" fail="0">Critical Tests</stat>
<stat pass="1" fail="0">All Tests</stat>
</total>
<tag>
</tag>
<suite>
<stat pass="1" fail="0" id="s1" name="OrangeHRM Employee">OrangeHRM Employee</stat>
<stat pass="1" fail="0" id="s1-s1" name="Testsuite">OrangeHRM Employee.Testsuite</stat>
<stat pass="1" fail="0" id="s1-s1-s1" name="OrangeHRM Employee Testsuite">OrangeHRM Employee.Testsuite.OrangeHRM Employee Testsuite</stat>
</suite>
</statistics>
<errors>
</errors>
</robot>
