<?xml version="1.0" encoding="UTF-8"?>
<robot generator="Robot 3.1 (Python 3.7.0 on win32)" generated="20190610 05:20:35.857" rpa="false">
<suite id="s1" name="Demo Strings" source="C:\Users\Gurunag.U\eclipse-workspace\demo_strings">
<suite id="s1-s1" name="Demo Strings" source="C:\Users\Gurunag.U\eclipse-workspace\demo_strings\demo_strings.robot">
<test id="s1-s1-t1" name="string keywords">
<kw name="To Lowercase">
<arguments>
<arg>GgkTECh</arg>
</arguments>
<kw name="Convert To Lowercase" library="String">
<doc>Converts string to lowercase.</doc>
<arguments>
<arg>${string}</arg>
</arguments>
<assign>
<var>${result}</var>
</assign>
<msg timestamp="20190610 05:20:36.023" level="INFO">${result} = ggktech</msg>
<status status="PASS" starttime="20190610 05:20:36.013" endtime="20190610 05:20:36.023"></status>
</kw>
<kw name="Log To Console" library="BuiltIn">
<doc>Logs the given message to the console.</doc>
<arguments>
<arg>\n lowercase:${result}</arg>
</arguments>
<status status="PASS" starttime="20190610 05:20:36.025" endtime="20190610 05:20:36.034"></status>
</kw>
<status status="PASS" starttime="20190610 05:20:35.979" endtime="20190610 05:20:36.036"></status>
</kw>
<kw name="To Uppercase">
<arguments>
<arg>gGkTech</arg>
</arguments>
<kw name="Convert To Uppercase" library="String">
<doc>Converts string to uppercase.</doc>
<arguments>
<arg>${string}</arg>
</arguments>
<assign>
<var>${result}</var>
</assign>
<msg timestamp="20190610 05:20:36.054" level="INFO">${result} = GGKTECH</msg>
<status status="PASS" starttime="20190610 05:20:36.045" endtime="20190610 05:20:36.054"></status>
</kw>
<kw name="Log To Console" library="BuiltIn">
<doc>Logs the given message to the console.</doc>
<arguments>
<arg>\n uppercase:${result}</arg>
</arguments>
<status status="PASS" starttime="20190610 05:20:36.056" endtime="20190610 05:20:36.060"></status>
</kw>
<status status="PASS" starttime="20190610 05:20:36.038" endtime="20190610 05:20:36.062"></status>
</kw>
<kw name="string fetch from left">
<arguments>
<arg>ggktech</arg>
<arg>t</arg>
</arguments>
<kw name="Fetch From Left" library="String">
<doc>Returns contents of the ``string`` before the first occurrence of ``marker``.</doc>
<arguments>
<arg>${string}</arg>
<arg>${marker}</arg>
</arguments>
<assign>
<var>${result}</var>
</assign>
<msg timestamp="20190610 05:20:36.079" level="INFO">${result} = ggk</msg>
<status status="PASS" starttime="20190610 05:20:36.070" endtime="20190610 05:20:36.080"></status>
</kw>
<kw name="Log To Console" library="BuiltIn">
<doc>Logs the given message to the console.</doc>
<arguments>
<arg>\n fetch from left:${result}</arg>
</arguments>
<status status="PASS" starttime="20190610 05:20:36.082" endtime="20190610 05:20:36.085"></status>
</kw>
<status status="PASS" starttime="20190610 05:20:36.063" endtime="20190610 05:20:36.087"></status>
</kw>
<kw name="string fetch from right">
<arguments>
<arg>ggktech</arg>
<arg>t</arg>
</arguments>
<kw name="Fetch From Right" library="String">
<doc>Returns contents of the ``string`` after the last occurrence of ``marker``.</doc>
<arguments>
<arg>${string}</arg>
<arg>${marker}</arg>
</arguments>
<assign>
<var>${result}</var>
</assign>
<msg timestamp="20190610 05:20:36.104" level="INFO">${result} = ech</msg>
<status status="PASS" starttime="20190610 05:20:36.095" endtime="20190610 05:20:36.104"></status>
</kw>
<kw name="Log To Console" library="BuiltIn">
<doc>Logs the given message to the console.</doc>
<arguments>
<arg>\n fetch from right:${result}</arg>
</arguments>
<status status="PASS" starttime="20190610 05:20:36.106" endtime="20190610 05:20:36.109"></status>
</kw>
<status status="PASS" starttime="20190610 05:20:36.088" endtime="20190610 05:20:36.111"></status>
</kw>
<kw name="generate random string with letters and numbers">
<arguments>
<arg>10</arg>
</arguments>
<kw name="Generate Random String" library="String">
<doc>Generates a string with a desired ``length`` from the given ``chars``.</doc>
<arguments>
<arg>${length}</arg>
</arguments>
<assign>
<var>${result}</var>
</assign>
<msg timestamp="20190610 05:20:36.129" level="INFO">${result} = dpYU1NUuBi</msg>
<status status="PASS" starttime="20190610 05:20:36.120" endtime="20190610 05:20:36.129"></status>
</kw>
<kw name="Log To Console" library="BuiltIn">
<doc>Logs the given message to the console.</doc>
<arguments>
<arg>\n generate random string:${result}</arg>
</arguments>
<status status="PASS" starttime="20190610 05:20:36.131" endtime="20190610 05:20:36.134"></status>
</kw>
<status status="PASS" starttime="20190610 05:20:36.113" endtime="20190610 05:20:36.136"></status>
</kw>
<kw name="substring">
<arguments>
<arg>ggktech</arg>
<arg>2</arg>
<arg>6</arg>
</arguments>
<kw name="Get Substring" library="String">
<doc>Returns a substring from ``start`` index to ``end`` index.</doc>
<arguments>
<arg>${string}</arg>
<arg>${start}</arg>
<arg>${end}</arg>
</arguments>
<assign>
<var>${result}</var>
</assign>
<msg timestamp="20190610 05:20:36.153" level="INFO">${result} = ktec</msg>
<status status="PASS" starttime="20190610 05:20:36.144" endtime="20190610 05:20:36.153"></status>
</kw>
<kw name="Log To Console" library="BuiltIn">
<doc>Logs the given message to the console.</doc>
<arguments>
<arg>\n get substring:${result}</arg>
</arguments>
<status status="PASS" starttime="20190610 05:20:36.155" endtime="20190610 05:20:36.158"></status>
</kw>
<status status="PASS" starttime="20190610 05:20:36.137" endtime="20190610 05:20:36.160"></status>
</kw>
<kw name="split string left">
<arguments>
<arg>ggk-tech</arg>
<arg>-</arg>
</arguments>
<kw name="Split String" library="String">
<doc>Splits the ``string`` using ``separator`` as a delimiter string.</doc>
<arguments>
<arg>${string}</arg>
<arg>${sep}</arg>
</arguments>
<assign>
<var>@{words}</var>
</assign>
<msg timestamp="20190610 05:20:36.176" level="INFO">@{words} = [ ggk | tech ]</msg>
<status status="PASS" starttime="20190610 05:20:36.168" endtime="20190610 05:20:36.176"></status>
</kw>
<kw name="Log To Console" library="BuiltIn">
<doc>Logs the given message to the console.</doc>
<arguments>
<arg>\n split string:@{words}</arg>
</arguments>
<status status="PASS" starttime="20190610 05:20:36.178" endtime="20190610 05:20:36.181"></status>
</kw>
<status status="PASS" starttime="20190610 05:20:36.161" endtime="20190610 05:20:36.183"></status>
</kw>
<kw name="split string right">
<arguments>
<arg>ggk-tech</arg>
<arg>-</arg>
</arguments>
<kw name="Split String From Right" library="String">
<doc>Splits the ``string`` using ``separator`` starting from right.</doc>
<arguments>
<arg>${string}</arg>
<arg>${sep}</arg>
</arguments>
<assign>
<var>@{words}</var>
</assign>
<msg timestamp="20190610 05:20:36.201" level="INFO">@{words} = [ ggk | tech ]</msg>
<status status="PASS" starttime="20190610 05:20:36.192" endtime="20190610 05:20:36.201"></status>
</kw>
<kw name="Log To Console" library="BuiltIn">
<doc>Logs the given message to the console.</doc>
<arguments>
<arg>\n split string from right:@{words}</arg>
</arguments>
<status status="PASS" starttime="20190610 05:20:36.203" endtime="20190610 05:20:36.207"></status>
</kw>
<status status="PASS" starttime="20190610 05:20:36.185" endtime="20190610 05:20:36.208"></status>
</kw>
<status status="PASS" starttime="20190610 05:20:35.978" endtime="20190610 05:20:36.210" critical="yes"></status>
</test>
<test id="s1-s1-t2" name="check for uppercase">
<kw name="check for Uppercase">
<arguments>
<arg>GGKTECH</arg>
</arguments>
<kw name="Should Be Uppercase" library="String">
<doc>Fails if the given ``string`` is not in uppercase.</doc>
<arguments>
<arg>${string}</arg>
<arg>msg=not uppercase</arg>
</arguments>
<status status="PASS" starttime="20190610 05:20:36.220" endtime="20190610 05:20:36.228"></status>
</kw>
<status status="PASS" starttime="20190610 05:20:36.213" endtime="20190610 05:20:36.230"></status>
</kw>
<status status="PASS" starttime="20190610 05:20:36.211" endtime="20190610 05:20:36.231" critical="yes"></status>
</test>
<test id="s1-s1-t3" name="check for lowercases">
<kw name="check for Lowercase">
<arguments>
<arg>ggktech</arg>
</arguments>
<kw name="Should Be Lowercase" library="String">
<doc>Fails if the given ``string`` is not in lowercase.</doc>
<arguments>
<arg>${string}</arg>
<arg>msg=not lowercase</arg>
</arguments>
<status status="PASS" starttime="20190610 05:20:36.241" endtime="20190610 05:20:36.250"></status>
</kw>
<status status="PASS" starttime="20190610 05:20:36.234" endtime="20190610 05:20:36.251"></status>
</kw>
<status status="PASS" starttime="20190610 05:20:36.233" endtime="20190610 05:20:36.253" critical="yes"></status>
</test>
<doc>this file contains the use of string keywords</doc>
<status status="PASS" starttime="20190610 05:20:35.960" endtime="20190610 05:20:36.255"></status>
</suite>
<status status="PASS" starttime="20190610 05:20:35.919" endtime="20190610 05:20:36.261"></status>
</suite>
<statistics>
<total>
<stat pass="3" fail="0">Critical Tests</stat>
<stat pass="3" fail="0">All Tests</stat>
</total>
<tag>
</tag>
<suite>
<stat pass="3" fail="0" id="s1" name="Demo Strings">Demo Strings</stat>
<stat pass="3" fail="0" id="s1-s1" name="Demo Strings">Demo Strings.Demo Strings</stat>
</suite>
</statistics>
<errors>
</errors>
</robot>
