<?xml version="1.0" encoding="UTF-8"?>
<robot generator="Robot 3.1 (Python 3.7.3 on win32)" generated="20190701 16:08:22.543" rpa="false">
<suite id="s1" name="Login Assignment" source="C:\Users\gurunag.u\Desktop\robot framework assignmnets\12-06-2019\login_assignment">
<suite id="s1-s1" name="Login Assignment Testsuite" source="C:\Users\gurunag.u\Desktop\robot framework assignmnets\12-06-2019\login_assignment\login_assignment_testsuite.robot">
<test id="s1-s1-t1" name="Login Verification">
<kw name="Open Brower And Open Page" library="login_assignment_resource">
<kw name="Open Browser" library="SeleniumLibrary">
<doc>Opens a new browser instance to the given ``url``.</doc>
<arguments>
<arg>${url}</arg>
<arg>${browser}</arg>
</arguments>
<msg timestamp="20190701 16:08:23.013" level="INFO">Opening browser 'gc' to base url 'https://opensource-demo.orangehrmlive.com/index.php/auth/login'.</msg>
<status status="PASS" starttime="20190701 16:08:23.013" endtime="20190701 16:08:28.756"></status>
</kw>
<kw name="Maximize Browser Window" library="SeleniumLibrary">
<doc>Maximizes current browser window.</doc>
<status status="PASS" starttime="20190701 16:08:28.757" endtime="20190701 16:08:29.900"></status>
</kw>
<status status="PASS" starttime="20190701 16:08:23.013" endtime="20190701 16:08:29.900"></status>
</kw>
<kw name="Verify The Login Page" library="login_assignment_resource">
<kw name="Wait Until Element Is Visible" library="SeleniumLibrary">
<doc>Waits until element ``locator`` is visible.</doc>
<arguments>
<arg>${loginpage_locator}</arg>
</arguments>
<status status="PASS" starttime="20190701 16:08:29.900" endtime="20190701 16:08:29.920"></status>
</kw>
<kw name="Page Should Contain Element" library="SeleniumLibrary">
<doc>Verifies that element ``locator`` is found on the current page.</doc>
<arguments>
<arg>${loginpage_locator}</arg>
</arguments>
<msg timestamp="20190701 16:08:29.927" level="INFO">Current page contains element 'css = div[id='logInPanelHeading']'.</msg>
<status status="PASS" starttime="20190701 16:08:29.920" endtime="20190701 16:08:29.928"></status>
</kw>
<status status="PASS" starttime="20190701 16:08:29.900" endtime="20190701 16:08:29.928"></status>
</kw>
<kw name="Enter Username" library="login_assignment_resource">
<kw name="Wait Until Element Is Visible" library="SeleniumLibrary">
<doc>Waits until element ``locator`` is visible.</doc>
<arguments>
<arg>${username_locator}</arg>
</arguments>
<status status="PASS" starttime="20190701 16:08:29.929" endtime="20190701 16:08:29.948"></status>
</kw>
<kw name="Click Element" library="SeleniumLibrary">
<doc>Click element identified by ``locator``.</doc>
<arguments>
<arg>${username_locator}</arg>
</arguments>
<msg timestamp="20190701 16:08:29.948" level="INFO">Clicking element 'css = input[name='txtUsername']'.</msg>
<status status="PASS" starttime="20190701 16:08:29.948" endtime="20190701 16:08:29.986"></status>
</kw>
<kw name="Clear Element Text" library="SeleniumLibrary">
<doc>Clears the value of text entry element identified by ``locator``.</doc>
<arguments>
<arg>${username_locator}</arg>
</arguments>
<status status="PASS" starttime="20190701 16:08:29.986" endtime="20190701 16:08:30.010"></status>
</kw>
<kw name="Input Text" library="SeleniumLibrary">
<doc>Types the given ``text`` into text field identified by ``locator``.</doc>
<arguments>
<arg>${username_locator}</arg>
<arg>${username}</arg>
</arguments>
<msg timestamp="20190701 16:08:30.011" level="INFO">Typing text 'Admin' into text field 'css = input[name='txtUsername']'.</msg>
<status status="PASS" starttime="20190701 16:08:30.010" endtime="20190701 16:08:30.055"></status>
</kw>
<status status="PASS" starttime="20190701 16:08:29.928" endtime="20190701 16:08:30.055"></status>
</kw>
<kw name="Enter Password" library="login_assignment_resource">
<kw name="Wait Until Element Is Visible" library="SeleniumLibrary">
<doc>Waits until element ``locator`` is visible.</doc>
<arguments>
<arg>${password_locator}</arg>
</arguments>
<status status="PASS" starttime="20190701 16:08:30.056" endtime="20190701 16:08:30.076"></status>
</kw>
<kw name="Click Element" library="SeleniumLibrary">
<doc>Click element identified by ``locator``.</doc>
<arguments>
<arg>${password_locator}</arg>
</arguments>
<msg timestamp="20190701 16:08:30.076" level="INFO">Clicking element 'css = input[name='txtPassword']'.</msg>
<status status="PASS" starttime="20190701 16:08:30.076" endtime="20190701 16:08:30.110"></status>
</kw>
<kw name="Clear Element Text" library="SeleniumLibrary">
<doc>Clears the value of text entry element identified by ``locator``.</doc>
<arguments>
<arg>${password_locator}</arg>
</arguments>
<status status="PASS" starttime="20190701 16:08:30.111" endtime="20190701 16:08:30.132"></status>
</kw>
<kw name="Input Text" library="SeleniumLibrary">
<doc>Types the given ``text`` into text field identified by ``locator``.</doc>
<arguments>
<arg>${password_locator}</arg>
<arg>${password}</arg>
</arguments>
<msg timestamp="20190701 16:08:30.132" level="INFO">Typing text 'admin123' into text field 'css = input[name='txtPassword']'.</msg>
<status status="PASS" starttime="20190701 16:08:30.132" endtime="20190701 16:08:30.178"></status>
</kw>
<status status="PASS" starttime="20190701 16:08:30.055" endtime="20190701 16:08:30.179"></status>
</kw>
<kw name="click on signin button" library="login_assignment_resource">
<kw name="Wait Until Element Is Visible" library="SeleniumLibrary">
<doc>Waits until element ``locator`` is visible.</doc>
<arguments>
<arg>${signin_button_locator}</arg>
</arguments>
<status status="PASS" starttime="20190701 16:08:30.179" endtime="20190701 16:08:30.198"></status>
</kw>
<kw name="Click Element" library="SeleniumLibrary">
<doc>Click element identified by ``locator``.</doc>
<arguments>
<arg>${signin_button_locator}</arg>
</arguments>
<msg timestamp="20190701 16:08:30.199" level="INFO">Clicking element 'css = [name='Submit']'.</msg>
<status status="PASS" starttime="20190701 16:08:30.198" endtime="20190701 16:08:31.723"></status>
</kw>
<status status="PASS" starttime="20190701 16:08:30.179" endtime="20190701 16:08:31.723"></status>
</kw>
<kw name="Verify Logged In Page" library="login_assignment_resource">
<kw name="Element Should Be Visible" library="SeleniumLibrary">
<doc>Verifies that the element identified by ``locator`` is visible.</doc>
<arguments>
<arg>${loggedin_page_locator}</arg>
</arguments>
<assign>
<var>${message}</var>
</assign>
<msg timestamp="20190701 16:08:31.752" level="INFO">Element 'css = [id='welcome']' is displayed.</msg>
<msg timestamp="20190701 16:08:31.753" level="INFO">${message} = None</msg>
<status status="PASS" starttime="20190701 16:08:31.726" endtime="20190701 16:08:31.753"></status>
</kw>
<kw name="Run Keyword If" library="BuiltIn">
<doc>Runs the given keyword with the given arguments, if ``condition`` is true.</doc>
<arguments>
<arg>${message} == None</arg>
<arg>Print</arg>
<arg>Valid Login</arg>
<arg>ELSE</arg>
<arg>Print</arg>
<arg>Login failed</arg>
</arguments>
<kw name="Print" library="login_assignment_resource">
<arguments>
<arg>Valid Login</arg>
</arguments>
<kw name="Log" library="BuiltIn">
<doc>Logs the given message with the given level.</doc>
<arguments>
<arg>\n${message}\n</arg>
</arguments>
<msg timestamp="20190701 16:08:31.754" level="INFO">
Valid Login
</msg>
<status status="PASS" starttime="20190701 16:08:31.754" endtime="20190701 16:08:31.754"></status>
</kw>
<kw name="Log To Console" library="BuiltIn">
<doc>Logs the given message to the console.</doc>
<arguments>
<arg>\n${message}\n</arg>
</arguments>
<status status="PASS" starttime="20190701 16:08:31.755" endtime="20190701 16:08:31.755"></status>
</kw>
<status status="PASS" starttime="20190701 16:08:31.754" endtime="20190701 16:08:31.755"></status>
</kw>
<status status="PASS" starttime="20190701 16:08:31.753" endtime="20190701 16:08:31.756"></status>
</kw>
<status status="PASS" starttime="20190701 16:08:31.724" endtime="20190701 16:08:31.756"></status>
</kw>
<kw name="close the browser" library="login_assignment_resource">
<kw name="Sleep" library="BuiltIn">
<doc>Pauses the test executed for the given time.</doc>
<arguments>
<arg>3s</arg>
</arguments>
<msg timestamp="20190701 16:08:34.758" level="INFO">Slept 3 seconds</msg>
<status status="PASS" starttime="20190701 16:08:31.757" endtime="20190701 16:08:34.758"></status>
</kw>
<kw name="Close Browser" library="SeleniumLibrary">
<doc>Closes the current browser.</doc>
<status status="PASS" starttime="20190701 16:08:34.758" endtime="20190701 16:08:36.979"></status>
</kw>
<status status="PASS" starttime="20190701 16:08:31.757" endtime="20190701 16:08:36.979"></status>
</kw>
<status status="PASS" starttime="20190701 16:08:23.012" endtime="20190701 16:08:36.979" critical="yes"></status>
</test>
<doc>this file contains the login test cases</doc>
<status status="PASS" starttime="20190701 16:08:22.755" endtime="20190701 16:08:36.980"></status>
</suite>
<status status="PASS" starttime="20190701 16:08:22.727" endtime="20190701 16:08:36.982"></status>
</suite>
<statistics>
<total>
<stat pass="1" fail="0">Critical Tests</stat>
<stat pass="1" fail="0">All Tests</stat>
</total>
<tag>
</tag>
<suite>
<stat pass="1" fail="0" id="s1" name="Login Assignment">Login Assignment</stat>
<stat pass="1" fail="0" id="s1-s1" name="Login Assignment Testsuite">Login Assignment.Login Assignment Testsuite</stat>
</suite>
</statistics>
<errors>
</errors>
</robot>
