<?xml version="1.0" encoding="UTF-8"?>
<robot generator="Robot 3.1 (Python 3.7.0 on win32)" generated="20190617 03:01:25.855" rpa="false">
<suite id="s1" name="OrangeHRM user" source="C:\Users\Gurunag.U\eclipse-workspace\OrangeHRM_user">
<suite id="s1-s1" name="Testsuite" source="C:\Users\Gurunag.U\eclipse-workspace\OrangeHRM_user\testsuite">
<suite id="s1-s1-s1" name="OrangeHRM user testsuite" source="C:\Users\Gurunag.U\eclipse-workspace\OrangeHRM_user\testsuite\OrangeHRM_user_testsuite.robot">
<kw name="Open Brower And Open Page" library="login_assignment_resource" type="setup">
<kw name="Open Browser" library="SeleniumLibrary">
<doc>Opens a new browser instance to the given ``url``.</doc>
<arguments>
<arg>${url}</arg>
<arg>${browser}</arg>
</arguments>
<msg timestamp="20190617 03:01:26.902" level="INFO">Opening browser 'gc' to base url 'https://opensource-demo.orangehrmlive.com/index.php/auth/login'.</msg>
<status status="PASS" starttime="20190617 03:01:26.900" endtime="20190617 03:01:31.876"></status>
</kw>
<kw name="Maximize Browser Window" library="SeleniumLibrary">
<doc>Maximizes current browser window.</doc>
<status status="PASS" starttime="20190617 03:01:31.877" endtime="20190617 03:01:33.022"></status>
</kw>
<kw name="Set Browser Implicit Wait" library="SeleniumLibrary">
<doc>Sets the implicit wait value used by Selenium.</doc>
<arguments>
<arg>${timeout}</arg>
</arguments>
<status status="PASS" starttime="20190617 03:01:33.023" endtime="20190617 03:01:33.027"></status>
</kw>
<status status="PASS" starttime="20190617 03:01:26.898" endtime="20190617 03:01:33.027"></status>
</kw>
<test id="s1-s1-s1-t1" name="OrangeHRM Test Cases">
<kw name="Login to OrangeHRM" library="OrangeHRM_user_Keywords">
<kw name="Verify The Login Page" library="login_assignment_resource">
<kw name="Wait Until Element Is Visible" library="SeleniumLibrary">
<doc>Waits until element ``locator`` is visible.</doc>
<arguments>
<arg>${loginpage_locator}</arg>
</arguments>
<status status="PASS" starttime="20190617 03:01:33.032" endtime="20190617 03:01:33.085"></status>
</kw>
<kw name="Page Should Contain Element" library="SeleniumLibrary">
<doc>Verifies that element ``locator`` is found on the current page.</doc>
<arguments>
<arg>${loginpage_locator}</arg>
</arguments>
<msg timestamp="20190617 03:01:33.105" level="INFO">Current page contains element 'css = div[id='logInPanelHeading']'.</msg>
<status status="PASS" starttime="20190617 03:01:33.086" endtime="20190617 03:01:33.106"></status>
</kw>
<status status="PASS" starttime="20190617 03:01:33.031" endtime="20190617 03:01:33.107"></status>
</kw>
<kw name="Enter Username" library="login_assignment_resource">
<kw name="Click On Element" library="login_assignment_resource">
<arguments>
<arg>${username_locator}</arg>
</arguments>
<kw name="Wait Until Element Is Visible" library="SeleniumLibrary">
<doc>Waits until element ``locator`` is visible.</doc>
<arguments>
<arg>${locator}</arg>
</arguments>
<status status="PASS" starttime="20190617 03:01:33.110" endtime="20190617 03:01:33.178"></status>
</kw>
<kw name="Click Element" library="SeleniumLibrary">
<doc>Click element identified by ``locator``.</doc>
<arguments>
<arg>${locator}</arg>
</arguments>
<msg timestamp="20190617 03:01:33.180" level="INFO">Clicking element 'css = input[name='txtUsername']'.</msg>
<status status="PASS" starttime="20190617 03:01:33.179" endtime="20190617 03:01:33.292"></status>
</kw>
<status status="PASS" starttime="20190617 03:01:33.108" endtime="20190617 03:01:33.292"></status>
</kw>
<kw name="Clear Element Text" library="SeleniumLibrary">
<doc>Clears the value of text entry element identified by ``locator``.</doc>
<arguments>
<arg>${username_locator}</arg>
</arguments>
<status status="PASS" starttime="20190617 03:01:33.293" endtime="20190617 03:01:33.369"></status>
</kw>
<kw name="Input Text" library="SeleniumLibrary">
<doc>Types the given ``text`` into text field identified by ``locator``.</doc>
<arguments>
<arg>${username_locator}</arg>
<arg>${username}</arg>
</arguments>
<msg timestamp="20190617 03:01:33.371" level="INFO">Typing text 'Admin' into text field 'css = input[name='txtUsername']'.</msg>
<status status="PASS" starttime="20190617 03:01:33.370" endtime="20190617 03:01:33.515"></status>
</kw>
<status status="PASS" starttime="20190617 03:01:33.107" endtime="20190617 03:01:33.516"></status>
</kw>
<kw name="Enter Password" library="login_assignment_resource">
<kw name="Click On Element" library="login_assignment_resource">
<arguments>
<arg>${password_locator}</arg>
</arguments>
<kw name="Wait Until Element Is Visible" library="SeleniumLibrary">
<doc>Waits until element ``locator`` is visible.</doc>
<arguments>
<arg>${locator}</arg>
</arguments>
<status status="PASS" starttime="20190617 03:01:33.519" endtime="20190617 03:01:33.588"></status>
</kw>
<kw name="Click Element" library="SeleniumLibrary">
<doc>Click element identified by ``locator``.</doc>
<arguments>
<arg>${locator}</arg>
</arguments>
<msg timestamp="20190617 03:01:33.590" level="INFO">Clicking element 'css = input[name='txtPassword']'.</msg>
<status status="PASS" starttime="20190617 03:01:33.589" endtime="20190617 03:01:33.701"></status>
</kw>
<status status="PASS" starttime="20190617 03:01:33.518" endtime="20190617 03:01:33.702"></status>
</kw>
<kw name="Clear Element Text" library="SeleniumLibrary">
<doc>Clears the value of text entry element identified by ``locator``.</doc>
<arguments>
<arg>${password_locator}</arg>
</arguments>
<status status="PASS" starttime="20190617 03:01:33.703" endtime="20190617 03:01:33.780"></status>
</kw>
<kw name="Input Text" library="SeleniumLibrary">
<doc>Types the given ``text`` into text field identified by ``locator``.</doc>
<arguments>
<arg>${password_locator}</arg>
<arg>${password}</arg>
</arguments>
<msg timestamp="20190617 03:01:33.782" level="INFO">Typing text 'admin123' into text field 'css = input[name='txtPassword']'.</msg>
<status status="PASS" starttime="20190617 03:01:33.781" endtime="20190617 03:01:33.939"></status>
</kw>
<status status="PASS" starttime="20190617 03:01:33.517" endtime="20190617 03:01:33.940"></status>
</kw>
<kw name="click on signin button" library="login_assignment_resource">
<kw name="Click On Element" library="login_assignment_resource">
<arguments>
<arg>${signin_button_locator}</arg>
</arguments>
<kw name="Wait Until Element Is Visible" library="SeleniumLibrary">
<doc>Waits until element ``locator`` is visible.</doc>
<arguments>
<arg>${locator}</arg>
</arguments>
<status status="PASS" starttime="20190617 03:01:33.944" endtime="20190617 03:01:34.012"></status>
</kw>
<kw name="Click Element" library="SeleniumLibrary">
<doc>Click element identified by ``locator``.</doc>
<arguments>
<arg>${locator}</arg>
</arguments>
<msg timestamp="20190617 03:01:34.014" level="INFO">Clicking element 'css = [name='Submit']'.</msg>
<status status="PASS" starttime="20190617 03:01:34.013" endtime="20190617 03:01:35.575"></status>
</kw>
<status status="PASS" starttime="20190617 03:01:33.943" endtime="20190617 03:01:35.576"></status>
</kw>
<status status="PASS" starttime="20190617 03:01:33.941" endtime="20190617 03:01:35.577"></status>
</kw>
<kw name="Verify Logged In Page" library="login_assignment_resource">
<kw name="Run Keyword And Return Status" library="BuiltIn">
<doc>Runs the given keyword with given arguments and returns the status as a Boolean value.</doc>
<arguments>
<arg>Element Should Be Visible</arg>
<arg>${Welcome_admin_locator}</arg>
</arguments>
<assign>
<var>${message}</var>
</assign>
<kw name="Element Should Be Visible" library="SeleniumLibrary">
<doc>Verifies that the element identified by ``locator`` is visible.</doc>
<arguments>
<arg>${Welcome_admin_locator}</arg>
</arguments>
<msg timestamp="20190617 03:01:35.641" level="INFO">Element 'css = [id='welcome']' is displayed.</msg>
<status status="PASS" starttime="20190617 03:01:35.580" endtime="20190617 03:01:35.642"></status>
</kw>
<msg timestamp="20190617 03:01:35.642" level="INFO">${message} = True</msg>
<status status="PASS" starttime="20190617 03:01:35.579" endtime="20190617 03:01:35.643"></status>
</kw>
<kw name="Run Keyword If" library="BuiltIn">
<doc>Runs the given keyword with the given arguments, if ``condition`` is true.</doc>
<arguments>
<arg>${message} == True</arg>
<arg>Print</arg>
<arg>Valid Login</arg>
<arg>ELSE</arg>
<arg>Print</arg>
<arg>Login failed</arg>
</arguments>
<kw name="Print" library="login_assignment_resource">
<arguments>
<arg>Valid Login</arg>
</arguments>
<kw name="Log" library="BuiltIn">
<doc>Logs the given message with the given level.</doc>
<arguments>
<arg>\n${message}\n</arg>
</arguments>
<msg timestamp="20190617 03:01:35.650" level="INFO">
Valid Login
</msg>
<status status="PASS" starttime="20190617 03:01:35.649" endtime="20190617 03:01:35.651"></status>
</kw>
<kw name="Log To Console" library="BuiltIn">
<doc>Logs the given message to the console.</doc>
<arguments>
<arg>\n${message}\n</arg>
</arguments>
<status status="PASS" starttime="20190617 03:01:35.652" endtime="20190617 03:01:35.653"></status>
</kw>
<status status="PASS" starttime="20190617 03:01:35.647" endtime="20190617 03:01:35.654"></status>
</kw>
<status status="PASS" starttime="20190617 03:01:35.644" endtime="20190617 03:01:35.655"></status>
</kw>
<status status="PASS" starttime="20190617 03:01:35.577" endtime="20190617 03:01:35.656"></status>
</kw>
<status status="PASS" starttime="20190617 03:01:33.030" endtime="20190617 03:01:35.656"></status>
</kw>
<kw name="Navigate to Users" library="OrangeHRM_user_Keywords">
<kw name="Click On Element" library="login_assignment_resource">
<arguments>
<arg>${Admin_option_locator}</arg>
</arguments>
<kw name="Wait Until Element Is Visible" library="SeleniumLibrary">
<doc>Waits until element ``locator`` is visible.</doc>
<arguments>
<arg>${locator}</arg>
</arguments>
<status status="PASS" starttime="20190617 03:01:35.660" endtime="20190617 03:01:35.722"></status>
</kw>
<kw name="Click Element" library="SeleniumLibrary">
<doc>Click element identified by ``locator``.</doc>
<arguments>
<arg>${locator}</arg>
</arguments>
<msg timestamp="20190617 03:01:35.723" level="INFO">Clicking element 'xpath = //a[@id='menu_admin_viewAdminModule']/b'.</msg>
<status status="PASS" starttime="20190617 03:01:35.722" endtime="20190617 03:01:38.009"></status>
</kw>
<status status="PASS" starttime="20190617 03:01:35.658" endtime="20190617 03:01:38.010"></status>
</kw>
<kw name="Click On Element" library="login_assignment_resource">
<arguments>
<arg>${user_management_loc}</arg>
</arguments>
<kw name="Wait Until Element Is Visible" library="SeleniumLibrary">
<doc>Waits until element ``locator`` is visible.</doc>
<arguments>
<arg>${locator}</arg>
</arguments>
<status status="PASS" starttime="20190617 03:01:38.013" endtime="20190617 03:01:38.083"></status>
</kw>
<kw name="Click Element" library="SeleniumLibrary">
<doc>Click element identified by ``locator``.</doc>
<arguments>
<arg>${locator}</arg>
</arguments>
<msg timestamp="20190617 03:01:38.085" level="INFO">Clicking element 'xpath = //a[@id='menu_admin_UserManagement']'.</msg>
<status status="PASS" starttime="20190617 03:01:38.084" endtime="20190617 03:01:38.245"></status>
</kw>
<status status="PASS" starttime="20190617 03:01:38.011" endtime="20190617 03:01:38.247"></status>
</kw>
<kw name="Click On Element" library="login_assignment_resource">
<arguments>
<arg>${Users_Locator}</arg>
</arguments>
<kw name="Wait Until Element Is Visible" library="SeleniumLibrary">
<doc>Waits until element ``locator`` is visible.</doc>
<arguments>
<arg>${locator}</arg>
</arguments>
<status status="PASS" starttime="20190617 03:01:38.251" endtime="20190617 03:01:38.321"></status>
</kw>
<kw name="Click Element" library="SeleniumLibrary">
<doc>Click element identified by ``locator``.</doc>
<arguments>
<arg>${locator}</arg>
</arguments>
<msg timestamp="20190617 03:01:38.323" level="INFO">Clicking element '//a[@id='menu_admin_viewSystemUsers']'.</msg>
<status status="PASS" starttime="20190617 03:01:38.322" endtime="20190617 03:01:38.903"></status>
</kw>
<status status="PASS" starttime="20190617 03:01:38.249" endtime="20190617 03:01:38.904"></status>
</kw>
<kw name="Generate Random UserName And Password Dynamically" library="OrangeHRM_user_Keywords">
<kw name="Generate Random String" library="String">
<doc>Generates a string with a desired ``length`` from the given ``chars``.</doc>
<arguments>
<arg>${Random_index}</arg>
<arg>${alphanumeric}</arg>
</arguments>
<assign>
<var>${random_name}</var>
</assign>
<msg timestamp="20190617 03:01:38.908" level="INFO">${random_name} = 3u9V257EP6</msg>
<status status="PASS" starttime="20190617 03:01:38.906" endtime="20190617 03:01:38.908"></status>
</kw>
<kw name="Set Global Variable" library="BuiltIn">
<doc>Makes a variable available globally in all tests and suites.</doc>
<arguments>
<arg>${new_username}</arg>
<arg>${random_name}</arg>
</arguments>
<msg timestamp="20190617 03:01:38.911" level="INFO">${new_username} = 3u9V257EP6</msg>
<status status="PASS" starttime="20190617 03:01:38.909" endtime="20190617 03:01:38.911"></status>
</kw>
<kw name="Generate Random String" library="String">
<doc>Generates a string with a desired ``length`` from the given ``chars``.</doc>
<arguments>
<arg>${Random_index}</arg>
<arg>${alphanumeric}</arg>
</arguments>
<assign>
<var>${random_password}</var>
</assign>
<msg timestamp="20190617 03:01:38.915" level="INFO">${random_password} = FVMJIPrGVO</msg>
<status status="PASS" starttime="20190617 03:01:38.912" endtime="20190617 03:01:38.915"></status>
</kw>
<kw name="Set Global Variable" library="BuiltIn">
<doc>Makes a variable available globally in all tests and suites.</doc>
<arguments>
<arg>${new_password}</arg>
<arg>${random_password}</arg>
</arguments>
<msg timestamp="20190617 03:01:38.918" level="INFO">${new_password} = FVMJIPrGVO</msg>
<status status="PASS" starttime="20190617 03:01:38.916" endtime="20190617 03:01:38.919"></status>
</kw>
<status status="PASS" starttime="20190617 03:01:38.905" endtime="20190617 03:01:38.920"></status>
</kw>
<status status="PASS" starttime="20190617 03:01:35.657" endtime="20190617 03:01:38.922"></status>
</kw>
<kw name="Search The User" library="OrangeHRM_user_Keywords">
<kw name="Clear And Enter In Input Text" library="Shared_Keywords">
<arguments>
<arg>${search_username_loc}</arg>
<arg>${new_username}</arg>
</arguments>
<kw name="Click On Element" library="login_assignment_resource">
<arguments>
<arg>${loc}</arg>
</arguments>
<kw name="Wait Until Element Is Visible" library="SeleniumLibrary">
<doc>Waits until element ``locator`` is visible.</doc>
<arguments>
<arg>${locator}</arg>
</arguments>
<status status="PASS" starttime="20190617 03:01:38.928" endtime="20190617 03:01:39.004"></status>
</kw>
<kw name="Click Element" library="SeleniumLibrary">
<doc>Click element identified by ``locator``.</doc>
<arguments>
<arg>${locator}</arg>
</arguments>
<msg timestamp="20190617 03:01:39.006" level="INFO">Clicking element 'css=input[id='searchSystemUser_userName']'.</msg>
<status status="PASS" starttime="20190617 03:01:39.005" endtime="20190617 03:01:39.158"></status>
</kw>
<status status="PASS" starttime="20190617 03:01:38.926" endtime="20190617 03:01:39.159"></status>
</kw>
<kw name="Clear Element Text" library="SeleniumLibrary">
<doc>Clears the value of text entry element identified by ``locator``.</doc>
<arguments>
<arg>${loc}</arg>
</arguments>
<status status="PASS" starttime="20190617 03:01:39.160" endtime="20190617 03:01:39.243"></status>
</kw>
<kw name="Input Text" library="SeleniumLibrary">
<doc>Types the given ``text`` into text field identified by ``locator``.</doc>
<arguments>
<arg>${loc}</arg>
<arg>${text}</arg>
</arguments>
<msg timestamp="20190617 03:01:39.245" level="INFO">Typing text '3u9V257EP6' into text field 'css=input[id='searchSystemUser_userName']'.</msg>
<status status="PASS" starttime="20190617 03:01:39.244" endtime="20190617 03:01:39.423"></status>
</kw>
<status status="PASS" starttime="20190617 03:01:38.924" endtime="20190617 03:01:39.424"></status>
</kw>
<kw name="Select From DropDown With Value" library="Shared_Keywords">
<arguments>
<arg>${search_user_role_loc}</arg>
<arg>${user_role_label}</arg>
</arguments>
<kw name="Element Should Be Visible" library="SeleniumLibrary">
<doc>Verifies that the element identified by ``locator`` is visible.</doc>
<arguments>
<arg>${loc}</arg>
</arguments>
<msg timestamp="20190617 03:01:39.491" level="INFO">Element 'css=Select[id='searchSystemUser_userType']' is displayed.</msg>
<status status="PASS" starttime="20190617 03:01:39.426" endtime="20190617 03:01:39.491"></status>
</kw>
<kw name="Select From List By Label" library="SeleniumLibrary">
<doc>Selects options from selection list ``locator`` by ``labels``.</doc>
<arguments>
<arg>${loc}</arg>
<arg>${index}</arg>
</arguments>
<msg timestamp="20190617 03:01:39.493" level="INFO">Selecting options from selection list 'css=Select[id='searchSystemUser_userType']' by label ESS.</msg>
<status status="PASS" starttime="20190617 03:01:39.492" endtime="20190617 03:01:39.677"></status>
</kw>
<status status="PASS" starttime="20190617 03:01:39.425" endtime="20190617 03:01:39.678"></status>
</kw>
<kw name="Clear And Enter In Input Text" library="Shared_Keywords">
<arguments>
<arg>${search_employee_name_loc}</arg>
<arg>${employeename}</arg>
</arguments>
<kw name="Click On Element" library="login_assignment_resource">
<arguments>
<arg>${loc}</arg>
</arguments>
<kw name="Wait Until Element Is Visible" library="SeleniumLibrary">
<doc>Waits until element ``locator`` is visible.</doc>
<arguments>
<arg>${locator}</arg>
</arguments>
<status status="PASS" starttime="20190617 03:01:39.681" endtime="20190617 03:01:39.747"></status>
</kw>
<kw name="Click Element" library="SeleniumLibrary">
<doc>Click element identified by ``locator``.</doc>
<arguments>
<arg>${locator}</arg>
</arguments>
<msg timestamp="20190617 03:01:39.749" level="INFO">Clicking element 'css=input[id='searchSystemUser_employeeName_empName']'.</msg>
<status status="PASS" starttime="20190617 03:01:39.748" endtime="20190617 03:01:39.885"></status>
</kw>
<status status="PASS" starttime="20190617 03:01:39.680" endtime="20190617 03:01:39.886"></status>
</kw>
<kw name="Clear Element Text" library="SeleniumLibrary">
<doc>Clears the value of text entry element identified by ``locator``.</doc>
<arguments>
<arg>${loc}</arg>
</arguments>
<status status="PASS" starttime="20190617 03:01:39.886" endtime="20190617 03:01:39.961"></status>
</kw>
<kw name="Input Text" library="SeleniumLibrary">
<doc>Types the given ``text`` into text field identified by ``locator``.</doc>
<arguments>
<arg>${loc}</arg>
<arg>${text}</arg>
</arguments>
<msg timestamp="20190617 03:01:39.963" level="INFO">Typing text 'Jasmine Morgan' into text field 'css=input[id='searchSystemUser_employeeName_empName']'.</msg>
<status status="PASS" starttime="20190617 03:01:39.962" endtime="20190617 03:01:40.151"></status>
</kw>
<status status="PASS" starttime="20190617 03:01:39.678" endtime="20190617 03:01:40.152"></status>
</kw>
<kw name="Select From DropDown With Value" library="Shared_Keywords">
<arguments>
<arg>${search_status_loc}</arg>
<arg>${status_role_label}</arg>
</arguments>
<kw name="Element Should Be Visible" library="SeleniumLibrary">
<doc>Verifies that the element identified by ``locator`` is visible.</doc>
<arguments>
<arg>${loc}</arg>
</arguments>
<msg timestamp="20190617 03:01:40.261" level="INFO">Element 'css=Select[id='searchSystemUser_status']' is displayed.</msg>
<status status="PASS" starttime="20190617 03:01:40.155" endtime="20190617 03:01:40.262"></status>
</kw>
<kw name="Select From List By Label" library="SeleniumLibrary">
<doc>Selects options from selection list ``locator`` by ``labels``.</doc>
<arguments>
<arg>${loc}</arg>
<arg>${index}</arg>
</arguments>
<msg timestamp="20190617 03:01:40.264" level="INFO">Selecting options from selection list 'css=Select[id='searchSystemUser_status']' by label Enabled.</msg>
<status status="PASS" starttime="20190617 03:01:40.262" endtime="20190617 03:01:40.441"></status>
</kw>
<status status="PASS" starttime="20190617 03:01:40.153" endtime="20190617 03:01:40.442"></status>
</kw>
<kw name="Click On Element" library="login_assignment_resource">
<arguments>
<arg>${search_button_loc}</arg>
</arguments>
<kw name="Wait Until Element Is Visible" library="SeleniumLibrary">
<doc>Waits until element ``locator`` is visible.</doc>
<arguments>
<arg>${locator}</arg>
</arguments>
<status status="PASS" starttime="20190617 03:01:40.445" endtime="20190617 03:01:40.507"></status>
</kw>
<kw name="Click Element" library="SeleniumLibrary">
<doc>Click element identified by ``locator``.</doc>
<arguments>
<arg>${locator}</arg>
</arguments>
<msg timestamp="20190617 03:01:40.509" level="INFO">Clicking element 'css=input[id='searchBtn']'.</msg>
<status status="PASS" starttime="20190617 03:01:40.508" endtime="20190617 03:01:41.068"></status>
</kw>
<status status="PASS" starttime="20190617 03:01:40.443" endtime="20190617 03:01:41.069"></status>
</kw>
<kw name="Run Keyword And Return Status" library="BuiltIn">
<doc>Runs the given keyword with given arguments and returns the status as a Boolean value.</doc>
<arguments>
<arg>Element Should Be Visible</arg>
<arg>${search_checkbox_locator}</arg>
</arguments>
<assign>
<var>${result}</var>
</assign>
<kw name="Element Should Be Visible" library="SeleniumLibrary">
<doc>Verifies that the element identified by ``locator`` is visible.</doc>
<arguments>
<arg>${search_checkbox_locator}</arg>
</arguments>
<kw name="Capture Page Screenshot" library="SeleniumLibrary">
<doc>Takes screenshot of the current page and embeds it into log file.</doc>
<msg timestamp="20190617 03:01:51.706" level="INFO" html="yes">&lt;/td&gt;&lt;/tr&gt;&lt;tr&gt;&lt;td colspan="3"&gt;&lt;a href="selenium-screenshot-16.png"&gt;&lt;img src="selenium-screenshot-16.png" width="800px"&gt;&lt;/a&gt;</msg>
<status status="PASS" starttime="20190617 03:01:51.102" endtime="20190617 03:01:51.707"></status>
</kw>
<msg timestamp="20190617 03:01:51.714" level="FAIL">Element with locator 'xpath = //table[@class='table hover']/tbody/tr/td[1]/input' not found.</msg>
<status status="FAIL" starttime="20190617 03:01:41.071" endtime="20190617 03:01:51.715"></status>
</kw>
<msg timestamp="20190617 03:01:51.715" level="INFO">${result} = False</msg>
<status status="PASS" starttime="20190617 03:01:41.070" endtime="20190617 03:01:51.716"></status>
</kw>
<kw name="Run Keyword If" library="BuiltIn">
<doc>Runs the given keyword with the given arguments, if ``condition`` is true.</doc>
<arguments>
<arg>${result}==True</arg>
<arg>Print</arg>
<arg>The user ${new_username} is present in the record</arg>
<arg>ELSE</arg>
<arg>Print</arg>
<arg>The user ${new_username} is not present in the record</arg>
</arguments>
<kw name="Print" library="login_assignment_resource">
<arguments>
<arg>The user ${new_username} is not present in the record</arg>
</arguments>
<kw name="Log" library="BuiltIn">
<doc>Logs the given message with the given level.</doc>
<arguments>
<arg>\n${message}\n</arg>
</arguments>
<msg timestamp="20190617 03:01:51.720" level="INFO">
The user 3u9V257EP6 is not present in the record
</msg>
<status status="PASS" starttime="20190617 03:01:51.719" endtime="20190617 03:01:51.720"></status>
</kw>
<kw name="Log To Console" library="BuiltIn">
<doc>Logs the given message to the console.</doc>
<arguments>
<arg>\n${message}\n</arg>
</arguments>
<status status="PASS" starttime="20190617 03:01:51.721" endtime="20190617 03:01:51.722"></status>
</kw>
<status status="PASS" starttime="20190617 03:01:51.718" endtime="20190617 03:01:51.723"></status>
</kw>
<status status="PASS" starttime="20190617 03:01:51.716" endtime="20190617 03:01:51.724"></status>
</kw>
<status status="PASS" starttime="20190617 03:01:38.923" endtime="20190617 03:01:51.724"></status>
</kw>
<kw name="Navigate And Fill New User Form" library="OrangeHRM_user_Keywords">
<kw name="Click On Element" library="login_assignment_resource">
<arguments>
<arg>${add_user_locator}</arg>
</arguments>
<kw name="Wait Until Element Is Visible" library="SeleniumLibrary">
<doc>Waits until element ``locator`` is visible.</doc>
<arguments>
<arg>${locator}</arg>
</arguments>
<status status="PASS" starttime="20190617 03:01:51.728" endtime="20190617 03:01:51.800"></status>
</kw>
<kw name="Click Element" library="SeleniumLibrary">
<doc>Click element identified by ``locator``.</doc>
<arguments>
<arg>${locator}</arg>
</arguments>
<msg timestamp="20190617 03:01:51.802" level="INFO">Clicking element 'css = input[id="btnAdd"]'.</msg>
<status status="PASS" starttime="20190617 03:01:51.801" endtime="20190617 03:01:53.244"></status>
</kw>
<status status="PASS" starttime="20190617 03:01:51.727" endtime="20190617 03:01:53.247"></status>
</kw>
<kw name="Wait Until Element Is Visible" library="SeleniumLibrary">
<doc>Waits until element ``locator`` is visible.</doc>
<arguments>
<arg>${add_user_page_loc}</arg>
</arguments>
<status status="PASS" starttime="20190617 03:01:53.248" endtime="20190617 03:01:53.323"></status>
</kw>
<kw name="Select From DropDown With Value" library="Shared_Keywords">
<arguments>
<arg>${user_role_loc}</arg>
<arg>${user_role_label}</arg>
</arguments>
<kw name="Element Should Be Visible" library="SeleniumLibrary">
<doc>Verifies that the element identified by ``locator`` is visible.</doc>
<arguments>
<arg>${loc}</arg>
</arguments>
<msg timestamp="20190617 03:01:53.391" level="INFO">Element 'css = Select[id='systemUser_userType']' is displayed.</msg>
<status status="PASS" starttime="20190617 03:01:53.326" endtime="20190617 03:01:53.392"></status>
</kw>
<kw name="Select From List By Label" library="SeleniumLibrary">
<doc>Selects options from selection list ``locator`` by ``labels``.</doc>
<arguments>
<arg>${loc}</arg>
<arg>${index}</arg>
</arguments>
<msg timestamp="20190617 03:01:53.394" level="INFO">Selecting options from selection list 'css = Select[id='systemUser_userType']' by label ESS.</msg>
<status status="PASS" starttime="20190617 03:01:53.393" endtime="20190617 03:01:53.506"></status>
</kw>
<status status="PASS" starttime="20190617 03:01:53.324" endtime="20190617 03:01:53.507"></status>
</kw>
<kw name="Clear And Enter In Input Text" library="Shared_Keywords">
<arguments>
<arg>${employee_name_loc}</arg>
<arg>${employeename}</arg>
</arguments>
<kw name="Click On Element" library="login_assignment_resource">
<arguments>
<arg>${loc}</arg>
</arguments>
<kw name="Wait Until Element Is Visible" library="SeleniumLibrary">
<doc>Waits until element ``locator`` is visible.</doc>
<arguments>
<arg>${locator}</arg>
</arguments>
<status status="PASS" starttime="20190617 03:01:53.510" endtime="20190617 03:01:53.574"></status>
</kw>
<kw name="Click Element" library="SeleniumLibrary">
<doc>Click element identified by ``locator``.</doc>
<arguments>
<arg>${locator}</arg>
</arguments>
<msg timestamp="20190617 03:01:53.575" level="INFO">Clicking element 'css = input[id='systemUser_employeeName_empName']'.</msg>
<status status="PASS" starttime="20190617 03:01:53.574" endtime="20190617 03:01:53.732"></status>
</kw>
<status status="PASS" starttime="20190617 03:01:53.509" endtime="20190617 03:01:53.732"></status>
</kw>
<kw name="Clear Element Text" library="SeleniumLibrary">
<doc>Clears the value of text entry element identified by ``locator``.</doc>
<arguments>
<arg>${loc}</arg>
</arguments>
<status status="PASS" starttime="20190617 03:01:53.733" endtime="20190617 03:01:53.807"></status>
</kw>
<kw name="Input Text" library="SeleniumLibrary">
<doc>Types the given ``text`` into text field identified by ``locator``.</doc>
<arguments>
<arg>${loc}</arg>
<arg>${text}</arg>
</arguments>
<msg timestamp="20190617 03:01:53.809" level="INFO">Typing text 'Jasmine Morgan' into text field 'css = input[id='systemUser_employeeName_empName']'.</msg>
<status status="PASS" starttime="20190617 03:01:53.808" endtime="20190617 03:01:54.088"></status>
</kw>
<status status="PASS" starttime="20190617 03:01:53.508" endtime="20190617 03:01:54.088"></status>
</kw>
<kw name="Clear And Enter In Input Text" library="Shared_Keywords">
<arguments>
<arg>${username_loc}</arg>
<arg>${new_username}</arg>
</arguments>
<kw name="Click On Element" library="login_assignment_resource">
<arguments>
<arg>${loc}</arg>
</arguments>
<kw name="Wait Until Element Is Visible" library="SeleniumLibrary">
<doc>Waits until element ``locator`` is visible.</doc>
<arguments>
<arg>${locator}</arg>
</arguments>
<status status="PASS" starttime="20190617 03:01:54.092" endtime="20190617 03:01:54.163"></status>
</kw>
<kw name="Click Element" library="SeleniumLibrary">
<doc>Click element identified by ``locator``.</doc>
<arguments>
<arg>${locator}</arg>
</arguments>
<msg timestamp="20190617 03:01:54.165" level="INFO">Clicking element 'css = input[id='systemUser_userName']'.</msg>
<status status="PASS" starttime="20190617 03:01:54.164" endtime="20190617 03:01:54.308"></status>
</kw>
<status status="PASS" starttime="20190617 03:01:54.091" endtime="20190617 03:01:54.309"></status>
</kw>
<kw name="Clear Element Text" library="SeleniumLibrary">
<doc>Clears the value of text entry element identified by ``locator``.</doc>
<arguments>
<arg>${loc}</arg>
</arguments>
<status status="PASS" starttime="20190617 03:01:54.310" endtime="20190617 03:01:54.386"></status>
</kw>
<kw name="Input Text" library="SeleniumLibrary">
<doc>Types the given ``text`` into text field identified by ``locator``.</doc>
<arguments>
<arg>${loc}</arg>
<arg>${text}</arg>
</arguments>
<msg timestamp="20190617 03:01:54.387" level="INFO">Typing text '3u9V257EP6' into text field 'css = input[id='systemUser_userName']'.</msg>
<status status="PASS" starttime="20190617 03:01:54.386" endtime="20190617 03:01:54.612"></status>
</kw>
<status status="PASS" starttime="20190617 03:01:54.089" endtime="20190617 03:01:54.614"></status>
</kw>
<kw name="Select From DropDown With Value" library="Shared_Keywords">
<arguments>
<arg>${status_loc}</arg>
<arg>${status_role_label}</arg>
</arguments>
<kw name="Element Should Be Visible" library="SeleniumLibrary">
<doc>Verifies that the element identified by ``locator`` is visible.</doc>
<arguments>
<arg>${loc}</arg>
</arguments>
<msg timestamp="20190617 03:01:54.688" level="INFO">Element 'css = Select[id='systemUser_status']' is displayed.</msg>
<status status="PASS" starttime="20190617 03:01:54.616" endtime="20190617 03:01:54.689"></status>
</kw>
<kw name="Select From List By Label" library="SeleniumLibrary">
<doc>Selects options from selection list ``locator`` by ``labels``.</doc>
<arguments>
<arg>${loc}</arg>
<arg>${index}</arg>
</arguments>
<msg timestamp="20190617 03:01:54.690" level="INFO">Selecting options from selection list 'css = Select[id='systemUser_status']' by label Enabled.</msg>
<status status="PASS" starttime="20190617 03:01:54.689" endtime="20190617 03:01:54.796"></status>
</kw>
<status status="PASS" starttime="20190617 03:01:54.614" endtime="20190617 03:01:54.797"></status>
</kw>
<kw name="Clear And Enter In Input Text" library="Shared_Keywords">
<arguments>
<arg>${password_loc}</arg>
<arg>${new_password}</arg>
</arguments>
<kw name="Click On Element" library="login_assignment_resource">
<arguments>
<arg>${loc}</arg>
</arguments>
<kw name="Wait Until Element Is Visible" library="SeleniumLibrary">
<doc>Waits until element ``locator`` is visible.</doc>
<arguments>
<arg>${locator}</arg>
</arguments>
<status status="PASS" starttime="20190617 03:01:54.801" endtime="20190617 03:01:54.865"></status>
</kw>
<kw name="Click Element" library="SeleniumLibrary">
<doc>Click element identified by ``locator``.</doc>
<arguments>
<arg>${locator}</arg>
</arguments>
<msg timestamp="20190617 03:01:54.867" level="INFO">Clicking element 'css = input[id='systemUser_password']'.</msg>
<status status="PASS" starttime="20190617 03:01:54.866" endtime="20190617 03:01:55.009"></status>
</kw>
<status status="PASS" starttime="20190617 03:01:54.799" endtime="20190617 03:01:55.010"></status>
</kw>
<kw name="Clear Element Text" library="SeleniumLibrary">
<doc>Clears the value of text entry element identified by ``locator``.</doc>
<arguments>
<arg>${loc}</arg>
</arguments>
<status status="PASS" starttime="20190617 03:01:55.011" endtime="20190617 03:01:55.090"></status>
</kw>
<kw name="Input Text" library="SeleniumLibrary">
<doc>Types the given ``text`` into text field identified by ``locator``.</doc>
<arguments>
<arg>${loc}</arg>
<arg>${text}</arg>
</arguments>
<msg timestamp="20190617 03:01:55.091" level="INFO">Typing text 'FVMJIPrGVO' into text field 'css = input[id='systemUser_password']'.</msg>
<status status="PASS" starttime="20190617 03:01:55.091" endtime="20190617 03:01:55.380"></status>
</kw>
<status status="PASS" starttime="20190617 03:01:54.798" endtime="20190617 03:01:55.381"></status>
</kw>
<kw name="Clear And Enter In Input Text" library="Shared_Keywords">
<arguments>
<arg>${confirm_password_loc}</arg>
<arg>${new_password}</arg>
</arguments>
<kw name="Click On Element" library="login_assignment_resource">
<arguments>
<arg>${loc}</arg>
</arguments>
<kw name="Wait Until Element Is Visible" library="SeleniumLibrary">
<doc>Waits until element ``locator`` is visible.</doc>
<arguments>
<arg>${locator}</arg>
</arguments>
<status status="PASS" starttime="20190617 03:01:55.387" endtime="20190617 03:01:55.457"></status>
</kw>
<kw name="Click Element" library="SeleniumLibrary">
<doc>Click element identified by ``locator``.</doc>
<arguments>
<arg>${locator}</arg>
</arguments>
<msg timestamp="20190617 03:01:55.459" level="INFO">Clicking element 'css = input[id='systemUser_confirmPassword']'.</msg>
<status status="PASS" starttime="20190617 03:01:55.458" endtime="20190617 03:01:55.584"></status>
</kw>
<status status="PASS" starttime="20190617 03:01:55.384" endtime="20190617 03:01:55.585"></status>
</kw>
<kw name="Clear Element Text" library="SeleniumLibrary">
<doc>Clears the value of text entry element identified by ``locator``.</doc>
<arguments>
<arg>${loc}</arg>
</arguments>
<status status="PASS" starttime="20190617 03:01:55.586" endtime="20190617 03:01:55.657"></status>
</kw>
<kw name="Input Text" library="SeleniumLibrary">
<doc>Types the given ``text`` into text field identified by ``locator``.</doc>
<arguments>
<arg>${loc}</arg>
<arg>${text}</arg>
</arguments>
<msg timestamp="20190617 03:01:55.659" level="INFO">Typing text 'FVMJIPrGVO' into text field 'css = input[id='systemUser_confirmPassword']'.</msg>
<status status="PASS" starttime="20190617 03:01:55.657" endtime="20190617 03:01:55.912"></status>
</kw>
<status status="PASS" starttime="20190617 03:01:55.382" endtime="20190617 03:01:55.913"></status>
</kw>
<kw name="Click On Element" library="login_assignment_resource">
<arguments>
<arg>${save_button_loc}</arg>
</arguments>
<kw name="Wait Until Element Is Visible" library="SeleniumLibrary">
<doc>Waits until element ``locator`` is visible.</doc>
<arguments>
<arg>${locator}</arg>
</arguments>
<status status="PASS" starttime="20190617 03:01:55.915" endtime="20190617 03:01:55.979"></status>
</kw>
<kw name="Click Element" library="SeleniumLibrary">
<doc>Click element identified by ``locator``.</doc>
<arguments>
<arg>${locator}</arg>
</arguments>
<msg timestamp="20190617 03:01:55.981" level="INFO">Clicking element 'css = input[id='btnSave']'.</msg>
<status status="PASS" starttime="20190617 03:01:55.980" endtime="20190617 03:01:56.122"></status>
</kw>
<status status="PASS" starttime="20190617 03:01:55.913" endtime="20190617 03:01:56.123"></status>
</kw>
<kw name="Run Keyword And Return Status" library="BuiltIn">
<doc>Runs the given keyword with given arguments and returns the status as a Boolean value.</doc>
<arguments>
<arg>Element Should Be Visible</arg>
<arg>${System_users_locator}</arg>
</arguments>
<assign>
<var>${result}</var>
</assign>
<kw name="Element Should Be Visible" library="SeleniumLibrary">
<doc>Verifies that the element identified by ``locator`` is visible.</doc>
<arguments>
<arg>${System_users_locator}</arg>
</arguments>
<msg timestamp="20190617 03:01:57.541" level="INFO">Element 'xpath = //div[@id='systemUser-information']/div[1]/h1' is displayed.</msg>
<status status="PASS" starttime="20190617 03:01:56.125" endtime="20190617 03:01:57.542"></status>
</kw>
<msg timestamp="20190617 03:01:57.543" level="INFO">${result} = True</msg>
<status status="PASS" starttime="20190617 03:01:56.124" endtime="20190617 03:01:57.543"></status>
</kw>
<kw name="Run Keyword If" library="BuiltIn">
<doc>Runs the given keyword with the given arguments, if ``condition`` is true.</doc>
<arguments>
<arg>${result}==True</arg>
<arg>Print</arg>
<arg>Succesfully created the user</arg>
<arg>ELSE</arg>
<arg>Print</arg>
<arg>Failed to create the user</arg>
</arguments>
<kw name="Print" library="login_assignment_resource">
<arguments>
<arg>Succesfully created the user</arg>
</arguments>
<kw name="Log" library="BuiltIn">
<doc>Logs the given message with the given level.</doc>
<arguments>
<arg>\n${message}\n</arg>
</arguments>
<msg timestamp="20190617 03:01:57.548" level="INFO">
Succesfully created the user
</msg>
<status status="PASS" starttime="20190617 03:01:57.547" endtime="20190617 03:01:57.549"></status>
</kw>
<kw name="Log To Console" library="BuiltIn">
<doc>Logs the given message to the console.</doc>
<arguments>
<arg>\n${message}\n</arg>
</arguments>
<status status="PASS" starttime="20190617 03:01:57.550" endtime="20190617 03:01:57.551"></status>
</kw>
<status status="PASS" starttime="20190617 03:01:57.546" endtime="20190617 03:01:57.552"></status>
</kw>
<status status="PASS" starttime="20190617 03:01:57.544" endtime="20190617 03:01:57.552"></status>
</kw>
<status status="PASS" starttime="20190617 03:01:51.725" endtime="20190617 03:01:57.553"></status>
</kw>
<kw name="Search The User" library="OrangeHRM_user_Keywords">
<kw name="Clear And Enter In Input Text" library="Shared_Keywords">
<arguments>
<arg>${search_username_loc}</arg>
<arg>${new_username}</arg>
</arguments>
<kw name="Click On Element" library="login_assignment_resource">
<arguments>
<arg>${loc}</arg>
</arguments>
<kw name="Wait Until Element Is Visible" library="SeleniumLibrary">
<doc>Waits until element ``locator`` is visible.</doc>
<arguments>
<arg>${locator}</arg>
</arguments>
<status status="PASS" starttime="20190617 03:01:57.558" endtime="20190617 03:01:57.612"></status>
</kw>
<kw name="Click Element" library="SeleniumLibrary">
<doc>Click element identified by ``locator``.</doc>
<arguments>
<arg>${locator}</arg>
</arguments>
<msg timestamp="20190617 03:01:57.614" level="INFO">Clicking element 'css=input[id='searchSystemUser_userName']'.</msg>
<status status="PASS" starttime="20190617 03:01:57.613" endtime="20190617 03:01:57.760"></status>
</kw>
<status status="PASS" starttime="20190617 03:01:57.557" endtime="20190617 03:01:57.762"></status>
</kw>
<kw name="Clear Element Text" library="SeleniumLibrary">
<doc>Clears the value of text entry element identified by ``locator``.</doc>
<arguments>
<arg>${loc}</arg>
</arguments>
<status status="PASS" starttime="20190617 03:01:57.762" endtime="20190617 03:01:57.837"></status>
</kw>
<kw name="Input Text" library="SeleniumLibrary">
<doc>Types the given ``text`` into text field identified by ``locator``.</doc>
<arguments>
<arg>${loc}</arg>
<arg>${text}</arg>
</arguments>
<msg timestamp="20190617 03:01:57.839" level="INFO">Typing text '3u9V257EP6' into text field 'css=input[id='searchSystemUser_userName']'.</msg>
<status status="PASS" starttime="20190617 03:01:57.838" endtime="20190617 03:01:58.012"></status>
</kw>
<status status="PASS" starttime="20190617 03:01:57.555" endtime="20190617 03:01:58.013"></status>
</kw>
<kw name="Select From DropDown With Value" library="Shared_Keywords">
<arguments>
<arg>${search_user_role_loc}</arg>
<arg>${user_role_label}</arg>
</arguments>
<kw name="Element Should Be Visible" library="SeleniumLibrary">
<doc>Verifies that the element identified by ``locator`` is visible.</doc>
<arguments>
<arg>${loc}</arg>
</arguments>
<msg timestamp="20190617 03:01:58.069" level="INFO">Element 'css=Select[id='searchSystemUser_userType']' is displayed.</msg>
<status status="PASS" starttime="20190617 03:01:58.015" endtime="20190617 03:01:58.070"></status>
</kw>
<kw name="Select From List By Label" library="SeleniumLibrary">
<doc>Selects options from selection list ``locator`` by ``labels``.</doc>
<arguments>
<arg>${loc}</arg>
<arg>${index}</arg>
</arguments>
<msg timestamp="20190617 03:01:58.072" level="INFO">Selecting options from selection list 'css=Select[id='searchSystemUser_userType']' by label ESS.</msg>
<status status="PASS" starttime="20190617 03:01:58.071" endtime="20190617 03:01:58.254"></status>
</kw>
<status status="PASS" starttime="20190617 03:01:58.014" endtime="20190617 03:01:58.255"></status>
</kw>
<kw name="Clear And Enter In Input Text" library="Shared_Keywords">
<arguments>
<arg>${search_employee_name_loc}</arg>
<arg>${employeename}</arg>
</arguments>
<kw name="Click On Element" library="login_assignment_resource">
<arguments>
<arg>${loc}</arg>
</arguments>
<kw name="Wait Until Element Is Visible" library="SeleniumLibrary">
<doc>Waits until element ``locator`` is visible.</doc>
<arguments>
<arg>${locator}</arg>
</arguments>
<status status="PASS" starttime="20190617 03:01:58.260" endtime="20190617 03:01:58.315"></status>
</kw>
<kw name="Click Element" library="SeleniumLibrary">
<doc>Click element identified by ``locator``.</doc>
<arguments>
<arg>${locator}</arg>
</arguments>
<msg timestamp="20190617 03:01:58.317" level="INFO">Clicking element 'css=input[id='searchSystemUser_employeeName_empName']'.</msg>
<status status="PASS" starttime="20190617 03:01:58.316" endtime="20190617 03:01:58.465"></status>
</kw>
<status status="PASS" starttime="20190617 03:01:58.258" endtime="20190617 03:01:58.466"></status>
</kw>
<kw name="Clear Element Text" library="SeleniumLibrary">
<doc>Clears the value of text entry element identified by ``locator``.</doc>
<arguments>
<arg>${loc}</arg>
</arguments>
<status status="PASS" starttime="20190617 03:01:58.466" endtime="20190617 03:01:58.540"></status>
</kw>
<kw name="Input Text" library="SeleniumLibrary">
<doc>Types the given ``text`` into text field identified by ``locator``.</doc>
<arguments>
<arg>${loc}</arg>
<arg>${text}</arg>
</arguments>
<msg timestamp="20190617 03:01:58.543" level="INFO">Typing text 'Jasmine Morgan' into text field 'css=input[id='searchSystemUser_employeeName_empName']'.</msg>
<status status="PASS" starttime="20190617 03:01:58.541" endtime="20190617 03:01:58.738"></status>
</kw>
<status status="PASS" starttime="20190617 03:01:58.256" endtime="20190617 03:01:58.739"></status>
</kw>
<kw name="Select From DropDown With Value" library="Shared_Keywords">
<arguments>
<arg>${search_status_loc}</arg>
<arg>${status_role_label}</arg>
</arguments>
<kw name="Element Should Be Visible" library="SeleniumLibrary">
<doc>Verifies that the element identified by ``locator`` is visible.</doc>
<arguments>
<arg>${loc}</arg>
</arguments>
<msg timestamp="20190617 03:01:58.800" level="INFO">Element 'css=Select[id='searchSystemUser_status']' is displayed.</msg>
<status status="PASS" starttime="20190617 03:01:58.741" endtime="20190617 03:01:58.800"></status>
</kw>
<kw name="Select From List By Label" library="SeleniumLibrary">
<doc>Selects options from selection list ``locator`` by ``labels``.</doc>
<arguments>
<arg>${loc}</arg>
<arg>${index}</arg>
</arguments>
<msg timestamp="20190617 03:01:58.802" level="INFO">Selecting options from selection list 'css=Select[id='searchSystemUser_status']' by label Enabled.</msg>
<status status="PASS" starttime="20190617 03:01:58.801" endtime="20190617 03:01:58.979"></status>
</kw>
<status status="PASS" starttime="20190617 03:01:58.739" endtime="20190617 03:01:58.980"></status>
</kw>
<kw name="Click On Element" library="login_assignment_resource">
<arguments>
<arg>${search_button_loc}</arg>
</arguments>
<kw name="Wait Until Element Is Visible" library="SeleniumLibrary">
<doc>Waits until element ``locator`` is visible.</doc>
<arguments>
<arg>${locator}</arg>
</arguments>
<status status="PASS" starttime="20190617 03:01:58.983" endtime="20190617 03:01:59.035"></status>
</kw>
<kw name="Click Element" library="SeleniumLibrary">
<doc>Click element identified by ``locator``.</doc>
<arguments>
<arg>${locator}</arg>
</arguments>
<msg timestamp="20190617 03:01:59.037" level="INFO">Clicking element 'css=input[id='searchBtn']'.</msg>
<status status="PASS" starttime="20190617 03:01:59.036" endtime="20190617 03:01:59.585"></status>
</kw>
<status status="PASS" starttime="20190617 03:01:58.981" endtime="20190617 03:01:59.586"></status>
</kw>
<kw name="Run Keyword And Return Status" library="BuiltIn">
<doc>Runs the given keyword with given arguments and returns the status as a Boolean value.</doc>
<arguments>
<arg>Element Should Be Visible</arg>
<arg>${search_checkbox_locator}</arg>
</arguments>
<assign>
<var>${result}</var>
</assign>
<kw name="Element Should Be Visible" library="SeleniumLibrary">
<doc>Verifies that the element identified by ``locator`` is visible.</doc>
<arguments>
<arg>${search_checkbox_locator}</arg>
</arguments>
<msg timestamp="20190617 03:01:59.648" level="INFO">Element 'xpath = //table[@class='table hover']/tbody/tr/td[1]/input' is displayed.</msg>
<status status="PASS" starttime="20190617 03:01:59.588" endtime="20190617 03:01:59.649"></status>
</kw>
<msg timestamp="20190617 03:01:59.650" level="INFO">${result} = True</msg>
<status status="PASS" starttime="20190617 03:01:59.587" endtime="20190617 03:01:59.650"></status>
</kw>
<kw name="Run Keyword If" library="BuiltIn">
<doc>Runs the given keyword with the given arguments, if ``condition`` is true.</doc>
<arguments>
<arg>${result}==True</arg>
<arg>Print</arg>
<arg>The user ${new_username} is present in the record</arg>
<arg>ELSE</arg>
<arg>Print</arg>
<arg>The user ${new_username} is not present in the record</arg>
</arguments>
<kw name="Print" library="login_assignment_resource">
<arguments>
<arg>The user ${new_username} is present in the record</arg>
</arguments>
<kw name="Log" library="BuiltIn">
<doc>Logs the given message with the given level.</doc>
<arguments>
<arg>\n${message}\n</arg>
</arguments>
<msg timestamp="20190617 03:01:59.655" level="INFO">
The user 3u9V257EP6 is present in the record
</msg>
<status status="PASS" starttime="20190617 03:01:59.654" endtime="20190617 03:01:59.655"></status>
</kw>
<kw name="Log To Console" library="BuiltIn">
<doc>Logs the given message to the console.</doc>
<arguments>
<arg>\n${message}\n</arg>
</arguments>
<status status="PASS" starttime="20190617 03:01:59.656" endtime="20190617 03:01:59.657"></status>
</kw>
<status status="PASS" starttime="20190617 03:01:59.652" endtime="20190617 03:01:59.658"></status>
</kw>
<status status="PASS" starttime="20190617 03:01:59.651" endtime="20190617 03:01:59.658"></status>
</kw>
<status status="PASS" starttime="20190617 03:01:57.554" endtime="20190617 03:01:59.659"></status>
</kw>
<kw name="Delete The User" library="OrangeHRM_user_Keywords">
<kw name="Element Should Be Visible" library="SeleniumLibrary">
<doc>Verifies that the element identified by ``locator`` is visible.</doc>
<arguments>
<arg>${search_checkbox_locator}</arg>
</arguments>
<msg timestamp="20190617 03:01:59.702" level="INFO">Element 'xpath = //table[@class='table hover']/tbody/tr/td[1]/input' is displayed.</msg>
<status status="PASS" starttime="20190617 03:01:59.661" endtime="20190617 03:01:59.702"></status>
</kw>
<kw name="Checkbox Should Not Be Selected" library="SeleniumLibrary">
<doc>Verifies checkbox ``locator`` is not selected/checked.</doc>
<arguments>
<arg>${search_checkbox_locator}</arg>
</arguments>
<msg timestamp="20190617 03:01:59.704" level="INFO">Verifying checkbox 'xpath = //table[@class='table hover']/tbody/tr/td[1]/input' is not selected.</msg>
<status status="PASS" starttime="20190617 03:01:59.703" endtime="20190617 03:01:59.780"></status>
</kw>
<kw name="Select Checkbox" library="SeleniumLibrary">
<doc>Selects checkbox identified by ``locator``.</doc>
<arguments>
<arg>${search_checkbox_locator}</arg>
</arguments>
<msg timestamp="20190617 03:01:59.782" level="INFO">Selecting checkbox 'xpath = //table[@class='table hover']/tbody/tr/td[1]/input'.</msg>
<status status="PASS" starttime="20190617 03:01:59.781" endtime="20190617 03:01:59.960"></status>
</kw>
<kw name="Checkbox Should Be Selected" library="SeleniumLibrary">
<doc>Verifies checkbox ``locator`` is selected/checked.</doc>
<arguments>
<arg>${search_checkbox_locator}</arg>
</arguments>
<msg timestamp="20190617 03:01:59.962" level="INFO">Verifying checkbox 'xpath = //table[@class='table hover']/tbody/tr/td[1]/input' is selected.</msg>
<status status="PASS" starttime="20190617 03:01:59.961" endtime="20190617 03:02:00.033"></status>
</kw>
<kw name="Click On Element" library="login_assignment_resource">
<arguments>
<arg>${delete_button_loc}</arg>
</arguments>
<kw name="Wait Until Element Is Visible" library="SeleniumLibrary">
<doc>Waits until element ``locator`` is visible.</doc>
<arguments>
<arg>${locator}</arg>
</arguments>
<status status="PASS" starttime="20190617 03:02:00.035" endtime="20190617 03:02:00.096"></status>
</kw>
<kw name="Click Element" library="SeleniumLibrary">
<doc>Click element identified by ``locator``.</doc>
<arguments>
<arg>${locator}</arg>
</arguments>
<msg timestamp="20190617 03:02:00.098" level="INFO">Clicking element 'css = input[name='btnDelete']'.</msg>
<status status="PASS" starttime="20190617 03:02:00.097" endtime="20190617 03:02:00.253"></status>
</kw>
<status status="PASS" starttime="20190617 03:02:00.034" endtime="20190617 03:02:00.255"></status>
</kw>
<kw name="Click On Element" library="login_assignment_resource">
<arguments>
<arg>${delete_ok_button_loc}</arg>
</arguments>
<kw name="Wait Until Element Is Visible" library="SeleniumLibrary">
<doc>Waits until element ``locator`` is visible.</doc>
<arguments>
<arg>${locator}</arg>
</arguments>
<status status="PASS" starttime="20190617 03:02:00.258" endtime="20190617 03:02:00.324"></status>
</kw>
<kw name="Click Element" library="SeleniumLibrary">
<doc>Click element identified by ``locator``.</doc>
<arguments>
<arg>${locator}</arg>
</arguments>
<msg timestamp="20190617 03:02:00.326" level="INFO">Clicking element 'css = input[id='dialogDeleteBtn']'.</msg>
<status status="PASS" starttime="20190617 03:02:00.325" endtime="20190617 03:02:01.133"></status>
</kw>
<status status="PASS" starttime="20190617 03:02:00.256" endtime="20190617 03:02:01.134"></status>
</kw>
<status status="PASS" starttime="20190617 03:01:59.660" endtime="20190617 03:02:01.135"></status>
</kw>
<kw name="Search The User" library="OrangeHRM_user_Keywords">
<kw name="Clear And Enter In Input Text" library="Shared_Keywords">
<arguments>
<arg>${search_username_loc}</arg>
<arg>${new_username}</arg>
</arguments>
<kw name="Click On Element" library="login_assignment_resource">
<arguments>
<arg>${loc}</arg>
</arguments>
<kw name="Wait Until Element Is Visible" library="SeleniumLibrary">
<doc>Waits until element ``locator`` is visible.</doc>
<arguments>
<arg>${locator}</arg>
</arguments>
<status status="PASS" starttime="20190617 03:02:01.144" endtime="20190617 03:02:01.205"></status>
</kw>
<kw name="Click Element" library="SeleniumLibrary">
<doc>Click element identified by ``locator``.</doc>
<arguments>
<arg>${locator}</arg>
</arguments>
<msg timestamp="20190617 03:02:01.207" level="INFO">Clicking element 'css=input[id='searchSystemUser_userName']'.</msg>
<status status="PASS" starttime="20190617 03:02:01.206" endtime="20190617 03:02:01.342"></status>
</kw>
<status status="PASS" starttime="20190617 03:02:01.140" endtime="20190617 03:02:01.342"></status>
</kw>
<kw name="Clear Element Text" library="SeleniumLibrary">
<doc>Clears the value of text entry element identified by ``locator``.</doc>
<arguments>
<arg>${loc}</arg>
</arguments>
<status status="PASS" starttime="20190617 03:02:01.343" endtime="20190617 03:02:01.421"></status>
</kw>
<kw name="Input Text" library="SeleniumLibrary">
<doc>Types the given ``text`` into text field identified by ``locator``.</doc>
<arguments>
<arg>${loc}</arg>
<arg>${text}</arg>
</arguments>
<msg timestamp="20190617 03:02:01.422" level="INFO">Typing text '3u9V257EP6' into text field 'css=input[id='searchSystemUser_userName']'.</msg>
<status status="PASS" starttime="20190617 03:02:01.421" endtime="20190617 03:02:01.589"></status>
</kw>
<status status="PASS" starttime="20190617 03:02:01.137" endtime="20190617 03:02:01.590"></status>
</kw>
<kw name="Select From DropDown With Value" library="Shared_Keywords">
<arguments>
<arg>${search_user_role_loc}</arg>
<arg>${user_role_label}</arg>
</arguments>
<kw name="Element Should Be Visible" library="SeleniumLibrary">
<doc>Verifies that the element identified by ``locator`` is visible.</doc>
<arguments>
<arg>${loc}</arg>
</arguments>
<msg timestamp="20190617 03:02:01.651" level="INFO">Element 'css=Select[id='searchSystemUser_userType']' is displayed.</msg>
<status status="PASS" starttime="20190617 03:02:01.593" endtime="20190617 03:02:01.652"></status>
</kw>
<kw name="Select From List By Label" library="SeleniumLibrary">
<doc>Selects options from selection list ``locator`` by ``labels``.</doc>
<arguments>
<arg>${loc}</arg>
<arg>${index}</arg>
</arguments>
<msg timestamp="20190617 03:02:01.654" level="INFO">Selecting options from selection list 'css=Select[id='searchSystemUser_userType']' by label ESS.</msg>
<status status="PASS" starttime="20190617 03:02:01.653" endtime="20190617 03:02:01.833"></status>
</kw>
<status status="PASS" starttime="20190617 03:02:01.591" endtime="20190617 03:02:01.834"></status>
</kw>
<kw name="Clear And Enter In Input Text" library="Shared_Keywords">
<arguments>
<arg>${search_employee_name_loc}</arg>
<arg>${employeename}</arg>
</arguments>
<kw name="Click On Element" library="login_assignment_resource">
<arguments>
<arg>${loc}</arg>
</arguments>
<kw name="Wait Until Element Is Visible" library="SeleniumLibrary">
<doc>Waits until element ``locator`` is visible.</doc>
<arguments>
<arg>${locator}</arg>
</arguments>
<status status="PASS" starttime="20190617 03:02:01.838" endtime="20190617 03:02:01.895"></status>
</kw>
<kw name="Click Element" library="SeleniumLibrary">
<doc>Click element identified by ``locator``.</doc>
<arguments>
<arg>${locator}</arg>
</arguments>
<msg timestamp="20190617 03:02:01.897" level="INFO">Clicking element 'css=input[id='searchSystemUser_employeeName_empName']'.</msg>
<status status="PASS" starttime="20190617 03:02:01.896" endtime="20190617 03:02:02.040"></status>
</kw>
<status status="PASS" starttime="20190617 03:02:01.837" endtime="20190617 03:02:02.041"></status>
</kw>
<kw name="Clear Element Text" library="SeleniumLibrary">
<doc>Clears the value of text entry element identified by ``locator``.</doc>
<arguments>
<arg>${loc}</arg>
</arguments>
<status status="PASS" starttime="20190617 03:02:02.042" endtime="20190617 03:02:02.119"></status>
</kw>
<kw name="Input Text" library="SeleniumLibrary">
<doc>Types the given ``text`` into text field identified by ``locator``.</doc>
<arguments>
<arg>${loc}</arg>
<arg>${text}</arg>
</arguments>
<msg timestamp="20190617 03:02:02.121" level="INFO">Typing text 'Jasmine Morgan' into text field 'css=input[id='searchSystemUser_employeeName_empName']'.</msg>
<status status="PASS" starttime="20190617 03:02:02.120" endtime="20190617 03:02:02.316"></status>
</kw>
<status status="PASS" starttime="20190617 03:02:01.835" endtime="20190617 03:02:02.317"></status>
</kw>
<kw name="Select From DropDown With Value" library="Shared_Keywords">
<arguments>
<arg>${search_status_loc}</arg>
<arg>${status_role_label}</arg>
</arguments>
<kw name="Element Should Be Visible" library="SeleniumLibrary">
<doc>Verifies that the element identified by ``locator`` is visible.</doc>
<arguments>
<arg>${loc}</arg>
</arguments>
<msg timestamp="20190617 03:02:02.375" level="INFO">Element 'css=Select[id='searchSystemUser_status']' is displayed.</msg>
<status status="PASS" starttime="20190617 03:02:02.320" endtime="20190617 03:02:02.376"></status>
</kw>
<kw name="Select From List By Label" library="SeleniumLibrary">
<doc>Selects options from selection list ``locator`` by ``labels``.</doc>
<arguments>
<arg>${loc}</arg>
<arg>${index}</arg>
</arguments>
<msg timestamp="20190617 03:02:02.378" level="INFO">Selecting options from selection list 'css=Select[id='searchSystemUser_status']' by label Enabled.</msg>
<status status="PASS" starttime="20190617 03:02:02.377" endtime="20190617 03:02:02.555"></status>
</kw>
<status status="PASS" starttime="20190617 03:02:02.318" endtime="20190617 03:02:02.556"></status>
</kw>
<kw name="Click On Element" library="login_assignment_resource">
<arguments>
<arg>${search_button_loc}</arg>
</arguments>
<kw name="Wait Until Element Is Visible" library="SeleniumLibrary">
<doc>Waits until element ``locator`` is visible.</doc>
<arguments>
<arg>${locator}</arg>
</arguments>
<status status="PASS" starttime="20190617 03:02:02.558" endtime="20190617 03:02:02.608"></status>
</kw>
<kw name="Click Element" library="SeleniumLibrary">
<doc>Click element identified by ``locator``.</doc>
<arguments>
<arg>${locator}</arg>
</arguments>
<msg timestamp="20190617 03:02:02.610" level="INFO">Clicking element 'css=input[id='searchBtn']'.</msg>
<status status="PASS" starttime="20190617 03:02:02.609" endtime="20190617 03:02:03.162"></status>
</kw>
<status status="PASS" starttime="20190617 03:02:02.557" endtime="20190617 03:02:03.163"></status>
</kw>
<kw name="Run Keyword And Return Status" library="BuiltIn">
<doc>Runs the given keyword with given arguments and returns the status as a Boolean value.</doc>
<arguments>
<arg>Element Should Be Visible</arg>
<arg>${search_checkbox_locator}</arg>
</arguments>
<assign>
<var>${result}</var>
</assign>
<kw name="Element Should Be Visible" library="SeleniumLibrary">
<doc>Verifies that the element identified by ``locator`` is visible.</doc>
<arguments>
<arg>${search_checkbox_locator}</arg>
</arguments>
<kw name="Capture Page Screenshot" library="SeleniumLibrary">
<doc>Takes screenshot of the current page and embeds it into log file.</doc>
<msg timestamp="20190617 03:02:07.196" level="FAIL">NoSuchWindowException: Message: no such window: target window already closed
from unknown error: web view not found
  (Session info: chrome=75.0.3770.80)
  (Driver info: chromedriver=74.0.3729.6 (255758eccf3d244491b8a1317aa76e1ce10d57e9-refs/branch-heads/3729@{#29}),platform=Windows NT 6.3.9600 x86_64)
</msg>
<status status="FAIL" starttime="20190617 03:02:07.182" endtime="20190617 03:02:07.196"></status>
</kw>
<msg timestamp="20190617 03:02:07.197" level="WARN">Keyword 'Capture Page Screenshot' could not be run on failure: NoSuchWindowException: Message: no such window: target window already closed
from unknown error: web view not found
  (Session info: chrome=75.0.3770.80)
  (Driver info: chromedriver=74.0.3729.6 (255758eccf3d244491b8a1317aa76e1ce10d57e9-refs/branch-heads/3729@{#29}),platform=Windows NT 6.3.9600 x86_64)
</msg>
<msg timestamp="20190617 03:02:07.200" level="FAIL">Element with locator 'xpath = //table[@class='table hover']/tbody/tr/td[1]/input' not found.</msg>
<status status="FAIL" starttime="20190617 03:02:03.166" endtime="20190617 03:02:07.201"></status>
</kw>
<msg timestamp="20190617 03:02:07.202" level="INFO">${result} = False</msg>
<status status="PASS" starttime="20190617 03:02:03.164" endtime="20190617 03:02:07.203"></status>
</kw>
<kw name="Run Keyword If" library="BuiltIn">
<doc>Runs the given keyword with the given arguments, if ``condition`` is true.</doc>
<arguments>
<arg>${result}==True</arg>
<arg>Print</arg>
<arg>The user ${new_username} is present in the record</arg>
<arg>ELSE</arg>
<arg>Print</arg>
<arg>The user ${new_username} is not present in the record</arg>
</arguments>
<kw name="Print" library="login_assignment_resource">
<arguments>
<arg>The user ${new_username} is not present in the record</arg>
</arguments>
<kw name="Log" library="BuiltIn">
<doc>Logs the given message with the given level.</doc>
<arguments>
<arg>\n${message}\n</arg>
</arguments>
<msg timestamp="20190617 03:02:07.212" level="INFO">
The user 3u9V257EP6 is not present in the record
</msg>
<status status="PASS" starttime="20190617 03:02:07.208" endtime="20190617 03:02:07.212"></status>
</kw>
<kw name="Log To Console" library="BuiltIn">
<doc>Logs the given message to the console.</doc>
<arguments>
<arg>\n${message}\n</arg>
</arguments>
<status status="PASS" starttime="20190617 03:02:07.213" endtime="20190617 03:02:07.215"></status>
</kw>
<status status="PASS" starttime="20190617 03:02:07.206" endtime="20190617 03:02:07.216"></status>
</kw>
<status status="PASS" starttime="20190617 03:02:07.204" endtime="20190617 03:02:07.216"></status>
</kw>
<status status="PASS" starttime="20190617 03:02:01.136" endtime="20190617 03:02:07.218"></status>
</kw>
<status status="PASS" starttime="20190617 03:01:33.028" endtime="20190617 03:02:07.219" critical="yes"></status>
</test>
<doc>this file has the test cases of the user project</doc>
<status status="PASS" starttime="20190617 03:01:26.093" endtime="20190617 03:02:07.224"></status>
</suite>
<status status="PASS" starttime="20190617 03:01:26.085" endtime="20190617 03:02:07.239"></status>
</suite>
<status status="PASS" starttime="20190617 03:01:25.991" endtime="20190617 03:02:07.247"></status>
</suite>
<statistics>
<total>
<stat pass="1" fail="0">Critical Tests</stat>
<stat pass="1" fail="0">All Tests</stat>
</total>
<tag>
</tag>
<suite>
<stat pass="1" fail="0" id="s1" name="OrangeHRM user">OrangeHRM user</stat>
<stat pass="1" fail="0" id="s1-s1" name="Testsuite">OrangeHRM user.Testsuite</stat>
<stat pass="1" fail="0" id="s1-s1-s1" name="OrangeHRM user testsuite">OrangeHRM user.Testsuite.OrangeHRM user testsuite</stat>
</suite>
</statistics>
<errors>
<msg timestamp="20190617 03:02:07.197" level="WARN">Keyword 'Capture Page Screenshot' could not be run on failure: NoSuchWindowException: Message: no such window: target window already closed
from unknown error: web view not found
  (Session info: chrome=75.0.3770.80)
  (Driver info: chromedriver=74.0.3729.6 (255758eccf3d244491b8a1317aa76e1ce10d57e9-refs/branch-heads/3729@{#29}),platform=Windows NT 6.3.9600 x86_64)
</msg>
</errors>
</robot>
