<?xml version="1.0" encoding="UTF-8"?>
<robot generator="Robot 3.1 (Python 3.7.3 on win32)" generated="20190701 10:47:24.148" rpa="false">
<suite id="s1" name="Assignment Dictionary" source="C:\Users\gurunag.u\Desktop\robot framework assignmnets\11-06-2019\assignment_dictionary">
<suite id="s1-s1" name="Assignment Dictionary Testsuite" source="C:\Users\gurunag.u\Desktop\robot framework assignmnets\11-06-2019\assignment_dictionary\assignment_dictionary_testsuite.robot">
<test id="s1-s1-t1" name="Testcases of dictionary">
<kw name="Insert To Dictionary" library="assignment_dictionary_resource">
<kw name="Set To Dictionary" library="Collections">
<doc>Adds the given ``key_value_pairs`` and ``items`` to the ``dictionary``.</doc>
<arguments>
<arg>${dictionary}</arg>
<arg>${insert_key}</arg>
<arg>${insert_value}</arg>
</arguments>
<status status="PASS" starttime="20190701 10:47:24.321" endtime="20190701 10:47:24.321"></status>
</kw>
<kw name="Print" library="assignment_dictionary_resource">
<arguments>
<arg>After Inserting '${insert_key}'=${insert_value} : ${dictionary}</arg>
</arguments>
<kw name="Log" library="BuiltIn">
<doc>Logs the given message with the given level.</doc>
<arguments>
<arg>\n${message}\n</arg>
</arguments>
<msg timestamp="20190701 10:47:24.322" level="INFO">
After Inserting 'e'=104 : {'a': '100', 'b': '101', 'c': '102', 'd': '103', 'e': '104'}
</msg>
<status status="PASS" starttime="20190701 10:47:24.322" endtime="20190701 10:47:24.322"></status>
</kw>
<kw name="Log To Console" library="BuiltIn">
<doc>Logs the given message to the console.</doc>
<arguments>
<arg>\n${message}\n</arg>
</arguments>
<status status="PASS" starttime="20190701 10:47:24.323" endtime="20190701 10:47:24.323"></status>
</kw>
<status status="PASS" starttime="20190701 10:47:24.322" endtime="20190701 10:47:24.323"></status>
</kw>
<status status="PASS" starttime="20190701 10:47:24.321" endtime="20190701 10:47:24.323"></status>
</kw>
<kw name="Print" library="assignment_dictionary_resource">
<arguments>
<arg>Dictionary : ${dictionary}</arg>
</arguments>
<kw name="Log" library="BuiltIn">
<doc>Logs the given message with the given level.</doc>
<arguments>
<arg>\n${message}\n</arg>
</arguments>
<msg timestamp="20190701 10:47:24.324" level="INFO">
Dictionary : {'a': '100', 'b': '101', 'c': '102', 'd': '103', 'e': '104'}
</msg>
<status status="PASS" starttime="20190701 10:47:24.324" endtime="20190701 10:47:24.324"></status>
</kw>
<kw name="Log To Console" library="BuiltIn">
<doc>Logs the given message to the console.</doc>
<arguments>
<arg>\n${message}\n</arg>
</arguments>
<status status="PASS" starttime="20190701 10:47:24.325" endtime="20190701 10:47:24.325"></status>
</kw>
<status status="PASS" starttime="20190701 10:47:24.324" endtime="20190701 10:47:24.325"></status>
</kw>
<kw name="Delete From Dictionary" library="assignment_dictionary_resource">
<kw name="Remove From Dictionary" library="Collections">
<doc>Removes the given ``keys`` from the ``dictionary``.</doc>
<arguments>
<arg>${dictionary}</arg>
<arg>${delete_key}</arg>
</arguments>
<msg timestamp="20190701 10:47:24.326" level="INFO">Removed item with key 'c' and value '102'.</msg>
<status status="PASS" starttime="20190701 10:47:24.326" endtime="20190701 10:47:24.327"></status>
</kw>
<kw name="Print" library="assignment_dictionary_resource">
<arguments>
<arg>After Deleting '${delete_key}' : ${dictionary}</arg>
</arguments>
<kw name="Log" library="BuiltIn">
<doc>Logs the given message with the given level.</doc>
<arguments>
<arg>\n${message}\n</arg>
</arguments>
<msg timestamp="20190701 10:47:24.327" level="INFO">
After Deleting 'c' : {'a': '100', 'b': '101', 'd': '103', 'e': '104'}
</msg>
<status status="PASS" starttime="20190701 10:47:24.327" endtime="20190701 10:47:24.328"></status>
</kw>
<kw name="Log To Console" library="BuiltIn">
<doc>Logs the given message to the console.</doc>
<arguments>
<arg>\n${message}\n</arg>
</arguments>
<status status="PASS" starttime="20190701 10:47:24.328" endtime="20190701 10:47:24.328"></status>
</kw>
<status status="PASS" starttime="20190701 10:47:24.327" endtime="20190701 10:47:24.328"></status>
</kw>
<status status="PASS" starttime="20190701 10:47:24.326" endtime="20190701 10:47:24.328"></status>
</kw>
<kw name="Update Value Based On Key" library="assignment_dictionary_resource">
<kw name="Set To Dictionary" library="Collections">
<doc>Adds the given ``key_value_pairs`` and ``items`` to the ``dictionary``.</doc>
<arguments>
<arg>${dictionary}</arg>
<arg>${update_key}</arg>
<arg>${update_value}</arg>
</arguments>
<status status="PASS" starttime="20190701 10:47:24.329" endtime="20190701 10:47:24.329"></status>
</kw>
<kw name="Print" library="assignment_dictionary_resource">
<arguments>
<arg>After Updating '${update_key}'=${update_value} : ${dictionary}</arg>
</arguments>
<kw name="Log" library="BuiltIn">
<doc>Logs the given message with the given level.</doc>
<arguments>
<arg>\n${message}\n</arg>
</arguments>
<msg timestamp="20190701 10:47:24.330" level="INFO">
After Updating 'a'=200 : {'a': '200', 'b': '101', 'd': '103', 'e': '104'}
</msg>
<status status="PASS" starttime="20190701 10:47:24.330" endtime="20190701 10:47:24.330"></status>
</kw>
<kw name="Log To Console" library="BuiltIn">
<doc>Logs the given message to the console.</doc>
<arguments>
<arg>\n${message}\n</arg>
</arguments>
<status status="PASS" starttime="20190701 10:47:24.330" endtime="20190701 10:47:24.331"></status>
</kw>
<status status="PASS" starttime="20190701 10:47:24.329" endtime="20190701 10:47:24.331"></status>
</kw>
<status status="PASS" starttime="20190701 10:47:24.329" endtime="20190701 10:47:24.331"></status>
</kw>
<kw name="Count Of Key-Value Pairs" library="assignment_dictionary_resource">
<kw name="Get Length" library="BuiltIn">
<doc>Returns and logs the length of the given item as an integer.</doc>
<arguments>
<arg>${dictionary}</arg>
</arguments>
<assign>
<var>${count}</var>
</assign>
<msg timestamp="20190701 10:47:24.332" level="INFO">Length is 4</msg>
<msg timestamp="20190701 10:47:24.332" level="INFO">${count} = 4</msg>
<status status="PASS" starttime="20190701 10:47:24.331" endtime="20190701 10:47:24.332"></status>
</kw>
<kw name="Print" library="assignment_dictionary_resource">
<arguments>
<arg>Count of Key-Value Pairs in Dictionary : ${count}</arg>
</arguments>
<kw name="Log" library="BuiltIn">
<doc>Logs the given message with the given level.</doc>
<arguments>
<arg>\n${message}\n</arg>
</arguments>
<msg timestamp="20190701 10:47:24.333" level="INFO">
Count of Key-Value Pairs in Dictionary : 4
</msg>
<status status="PASS" starttime="20190701 10:47:24.332" endtime="20190701 10:47:24.333"></status>
</kw>
<kw name="Log To Console" library="BuiltIn">
<doc>Logs the given message to the console.</doc>
<arguments>
<arg>\n${message}\n</arg>
</arguments>
<status status="PASS" starttime="20190701 10:47:24.333" endtime="20190701 10:47:24.333"></status>
</kw>
<status status="PASS" starttime="20190701 10:47:24.332" endtime="20190701 10:47:24.334"></status>
</kw>
<status status="PASS" starttime="20190701 10:47:24.331" endtime="20190701 10:47:24.334"></status>
</kw>
<status status="PASS" starttime="20190701 10:47:24.320" endtime="20190701 10:47:24.334" critical="yes"></status>
</test>
<doc>this file contains the test cases of the dictionary data structure</doc>
<status status="PASS" starttime="20190701 10:47:24.295" endtime="20190701 10:47:24.335"></status>
</suite>
<status status="PASS" starttime="20190701 10:47:24.273" endtime="20190701 10:47:24.336"></status>
</suite>
<statistics>
<total>
<stat pass="1" fail="0">Critical Tests</stat>
<stat pass="1" fail="0">All Tests</stat>
</total>
<tag>
</tag>
<suite>
<stat pass="1" fail="0" id="s1" name="Assignment Dictionary">Assignment Dictionary</stat>
<stat pass="1" fail="0" id="s1-s1" name="Assignment Dictionary Testsuite">Assignment Dictionary.Assignment Dictionary Testsuite</stat>
</suite>
</statistics>
<errors>
</errors>
</robot>
