<?xml version="1.0" encoding="UTF-8"?>
<robot generator="Robot 3.1 (Python 3.7.0 on win32)" generated="20190616 21:14:56.832" rpa="false">
<suite id="s1" name="Tabs Iframes" source="C:\Users\Gurunag.U\eclipse-workspace\tabs_iframes">
<suite id="s1-s1" name="Testsuite" source="C:\Users\Gurunag.U\eclipse-workspace\tabs_iframes\testsuite">
<suite id="s1-s1-s1" name="Tabs Iframes Testsuite" source="C:\Users\Gurunag.U\eclipse-workspace\tabs_iframes\testsuite\tabs_iframes_testsuite.robot">
<kw name="Open The Browser" library="tabs_iframes_keywords" type="setup">
<kw name="Open Browser" library="SeleniumLibrary">
<doc>Opens a new browser instance to the given ``url``.</doc>
<arguments>
<arg>${url}</arg>
<arg>${browser}</arg>
</arguments>
<msg timestamp="20190616 21:14:57.552" level="INFO">Opening browser 'gc' to base url 'http://www.globalsqa.com/demo-site/frames-and-windows/#Open%20New%20Tab'.</msg>
<status status="PASS" starttime="20190616 21:14:57.551" endtime="20190616 21:15:06.609"></status>
</kw>
<kw name="Maximize Browser Window" library="SeleniumLibrary">
<doc>Maximizes current browser window.</doc>
<status status="PASS" starttime="20190616 21:15:06.610" endtime="20190616 21:15:07.805"></status>
</kw>
<kw name="Set Browser Implicit Wait" library="SeleniumLibrary">
<doc>Sets the implicit wait value used by Selenium.</doc>
<arguments>
<arg>${timeout}</arg>
</arguments>
<status status="PASS" starttime="20190616 21:15:07.806" endtime="20190616 21:15:07.811"></status>
</kw>
<status status="PASS" starttime="20190616 21:14:57.550" endtime="20190616 21:15:07.812"></status>
</kw>
<test id="s1-s1-s1-t1" name="Frames Test Cases">
<kw name="Verify Practice Automation Form" library="tabs_iframes_keywords">
<kw name="Scroll Element Into View" library="SeleniumLibrary">
<doc>Scrolls an element identified by ``locator`` into view.</doc>
<arguments>
<arg>${verify_locator}</arg>
</arguments>
<status status="PASS" starttime="20190616 21:15:07.816" endtime="20190616 21:15:08.009"></status>
</kw>
<kw name="Wait Until Element Is Visible" library="SeleniumLibrary">
<doc>Waits until element ``locator`` is visible.</doc>
<arguments>
<arg>${verify_locator}</arg>
<arg>${timeout}</arg>
</arguments>
<status status="PASS" starttime="20190616 21:15:08.010" endtime="20190616 21:15:08.077"></status>
</kw>
<kw name="Element Should Contain" library="SeleniumLibrary">
<doc>Verifies that element ``locator`` contains text ``expected``.</doc>
<arguments>
<arg>${verify_locator}</arg>
<arg>${text_to_be_located}</arg>
</arguments>
<msg timestamp="20190616 21:15:08.154" level="INFO">Element 'xpath = //div[@class='page_heading']/h1' contains text 'Frames And Windows'.</msg>
<status status="PASS" starttime="20190616 21:15:08.078" endtime="20190616 21:15:08.155"></status>
</kw>
<status status="PASS" starttime="20190616 21:15:07.814" endtime="20190616 21:15:08.156"></status>
</kw>
<kw name="Select Iframe Tab" library="tabs_iframes_keywords">
<kw name="Element Click" library="tabs_iframes_keywords">
<arguments>
<arg>${iframe_tab_locator}</arg>
</arguments>
<kw name="Wait Until Element Is Visible" library="SeleniumLibrary">
<doc>Waits until element ``locator`` is visible.</doc>
<arguments>
<arg>${loc}</arg>
<arg>${timeout}</arg>
</arguments>
<status status="PASS" starttime="20190616 21:15:08.160" endtime="20190616 21:15:08.239"></status>
</kw>
<kw name="Element Should Be Visible" library="SeleniumLibrary">
<doc>Verifies that the element identified by ``locator`` is visible.</doc>
<arguments>
<arg>${loc}</arg>
</arguments>
<msg timestamp="20190616 21:15:08.287" level="INFO">Element 'css = li[id='iFrame']' is displayed.</msg>
<status status="PASS" starttime="20190616 21:15:08.240" endtime="20190616 21:15:08.288"></status>
</kw>
<kw name="Click Element" library="SeleniumLibrary">
<doc>Click element identified by ``locator``.</doc>
<arguments>
<arg>${loc}</arg>
</arguments>
<msg timestamp="20190616 21:15:08.289" level="INFO">Clicking element 'css = li[id='iFrame']'.</msg>
<status status="PASS" starttime="20190616 21:15:08.288" endtime="20190616 21:15:08.614"></status>
</kw>
<status status="PASS" starttime="20190616 21:15:08.158" endtime="20190616 21:15:08.615"></status>
</kw>
<status status="PASS" starttime="20190616 21:15:08.157" endtime="20190616 21:15:08.616"></status>
</kw>
<kw name="Frame and Email Enter" library="tabs_iframes_keywords">
<kw name="Select Frame" library="SeleniumLibrary">
<doc>Sets frame identified by ``locator`` as the current frame.</doc>
<arguments>
<arg>${frame1_loc}</arg>
</arguments>
<msg timestamp="20190616 21:15:08.620" level="INFO">Selecting frame 'css = [name='globalSqa']'.</msg>
<status status="PASS" starttime="20190616 21:15:08.619" endtime="20190616 21:15:08.866"></status>
</kw>
<kw name="Select Frame" library="SeleniumLibrary">
<doc>Sets frame identified by ``locator`` as the current frame.</doc>
<arguments>
<arg>${frame2_loc}</arg>
</arguments>
<msg timestamp="20190616 21:15:08.869" level="INFO">Selecting frame 'xpath = /html/body/div[1]/iframe'.</msg>
<status status="PASS" starttime="20190616 21:15:08.868" endtime="20190616 21:15:08.978"></status>
</kw>
<kw name="Element Click" library="tabs_iframes_keywords">
<arguments>
<arg>${email_locator}</arg>
</arguments>
<kw name="Wait Until Element Is Visible" library="SeleniumLibrary">
<doc>Waits until element ``locator`` is visible.</doc>
<arguments>
<arg>${loc}</arg>
<arg>${timeout}</arg>
</arguments>
<status status="PASS" starttime="20190616 21:15:08.981" endtime="20190616 21:15:09.043"></status>
</kw>
<kw name="Element Should Be Visible" library="SeleniumLibrary">
<doc>Verifies that the element identified by ``locator`` is visible.</doc>
<arguments>
<arg>${loc}</arg>
</arguments>
<msg timestamp="20190616 21:15:09.080" level="INFO">Element 'xpath = //input[@id="custom_field_text_field_1016375"]' is displayed.</msg>
<status status="PASS" starttime="20190616 21:15:09.044" endtime="20190616 21:15:09.080"></status>
</kw>
<kw name="Click Element" library="SeleniumLibrary">
<doc>Click element identified by ``locator``.</doc>
<arguments>
<arg>${loc}</arg>
</arguments>
<msg timestamp="20190616 21:15:09.082" level="INFO">Clicking element 'xpath = //input[@id="custom_field_text_field_1016375"]'.</msg>
<status status="PASS" starttime="20190616 21:15:09.081" endtime="20190616 21:15:09.375"></status>
</kw>
<status status="PASS" starttime="20190616 21:15:08.979" endtime="20190616 21:15:09.376"></status>
</kw>
<kw name="Clear Element Text" library="SeleniumLibrary">
<doc>Clears the value of text entry element identified by ``locator``.</doc>
<arguments>
<arg>${email_locator}</arg>
</arguments>
<status status="PASS" starttime="20190616 21:15:09.377" endtime="20190616 21:15:09.489"></status>
</kw>
<kw name="Input Text" library="SeleniumLibrary">
<doc>Types the given ``text`` into text field identified by ``locator``.</doc>
<arguments>
<arg>${email_locator}</arg>
<arg>${email}</arg>
</arguments>
<msg timestamp="20190616 21:15:09.490" level="INFO">Typing text 'test@test.com' into text field 'xpath = //input[@id="custom_field_text_field_1016375"]'.</msg>
<status status="PASS" starttime="20190616 21:15:09.490" endtime="20190616 21:15:09.689"></status>
</kw>
<kw name="Element Click" library="tabs_iframes_keywords">
<arguments>
<arg>${subscribe_locator}</arg>
</arguments>
<kw name="Wait Until Element Is Visible" library="SeleniumLibrary">
<doc>Waits until element ``locator`` is visible.</doc>
<arguments>
<arg>${loc}</arg>
<arg>${timeout}</arg>
</arguments>
<status status="PASS" starttime="20190616 21:15:09.692" endtime="20190616 21:15:09.749"></status>
</kw>
<kw name="Element Should Be Visible" library="SeleniumLibrary">
<doc>Verifies that the element identified by ``locator`` is visible.</doc>
<arguments>
<arg>${loc}</arg>
</arguments>
<msg timestamp="20190616 21:15:09.795" level="INFO">Element 'css = input[type='submit']' is displayed.</msg>
<status status="PASS" starttime="20190616 21:15:09.750" endtime="20190616 21:15:09.795"></status>
</kw>
<kw name="Click Element" library="SeleniumLibrary">
<doc>Click element identified by ``locator``.</doc>
<arguments>
<arg>${loc}</arg>
</arguments>
<msg timestamp="20190616 21:15:09.797" level="INFO">Clicking element 'css = input[type='submit']'.</msg>
<status status="PASS" starttime="20190616 21:15:09.796" endtime="20190616 21:15:10.096"></status>
</kw>
<status status="PASS" starttime="20190616 21:15:09.690" endtime="20190616 21:15:10.097"></status>
</kw>
<status status="PASS" starttime="20190616 21:15:08.617" endtime="20190616 21:15:10.098"></status>
</kw>
<kw name="verify Subscribe" library="tabs_iframes_keywords">
<kw name="Wait Until Element Is Visible" library="SeleniumLibrary">
<doc>Waits until element ``locator`` is visible.</doc>
<arguments>
<arg>${subscribe_msg_locator}</arg>
<arg>${timeout}</arg>
</arguments>
<status status="PASS" starttime="20190616 21:15:10.100" endtime="20190616 21:15:10.897"></status>
</kw>
<kw name="Element Should Contain" library="SeleniumLibrary">
<doc>Verifies that element ``locator`` contains text ``expected``.</doc>
<arguments>
<arg>${subscribe_msg_locator}</arg>
<arg>${subscribed_msg}</arg>
</arguments>
<msg timestamp="20190616 21:15:10.981" level="INFO">Element 'xpath = //div[@id='mailmunch-optin-form']/div[2]/div/p/strong' contains text 'Thank You For Subscribing!'.</msg>
<status status="PASS" starttime="20190616 21:15:10.898" endtime="20190616 21:15:10.981"></status>
</kw>
<status status="PASS" starttime="20190616 21:15:10.098" endtime="20190616 21:15:10.982"></status>
</kw>
<status status="PASS" starttime="20190616 21:15:07.812" endtime="20190616 21:15:10.983" critical="yes"></status>
</test>
<kw name="close the browser" library="tabs_iframes_keywords" type="teardown">
<kw name="Sleep" library="BuiltIn">
<doc>Pauses the test executed for the given time.</doc>
<arguments>
<arg>${timeout}</arg>
</arguments>
<msg timestamp="20190616 21:15:20.990" level="INFO">Slept 10 seconds</msg>
<status status="PASS" starttime="20190616 21:15:10.988" endtime="20190616 21:15:20.990"></status>
</kw>
<kw name="Close Browser" library="SeleniumLibrary">
<doc>Closes the current browser.</doc>
<status status="PASS" starttime="20190616 21:15:20.991" endtime="20190616 21:15:23.564"></status>
</kw>
<status status="PASS" starttime="20190616 21:15:10.987" endtime="20190616 21:15:23.565"></status>
</kw>
<doc>this file has the test cases of the table</doc>
<status status="PASS" starttime="20190616 21:14:57.001" endtime="20190616 21:15:23.566"></status>
</suite>
<status status="PASS" starttime="20190616 21:14:56.995" endtime="20190616 21:15:23.574"></status>
</suite>
<status status="PASS" starttime="20190616 21:14:56.928" endtime="20190616 21:15:23.578"></status>
</suite>
<statistics>
<total>
<stat pass="1" fail="0">Critical Tests</stat>
<stat pass="1" fail="0">All Tests</stat>
</total>
<tag>
</tag>
<suite>
<stat pass="1" fail="0" id="s1" name="Tabs Iframes">Tabs Iframes</stat>
<stat pass="1" fail="0" id="s1-s1" name="Testsuite">Tabs Iframes.Testsuite</stat>
<stat pass="1" fail="0" id="s1-s1-s1" name="Tabs Iframes Testsuite">Tabs Iframes.Testsuite.Tabs Iframes Testsuite</stat>
</suite>
</statistics>
<errors>
</errors>
</robot>
