<?xml version="1.0" encoding="UTF-8"?>
<robot generator="Robot 3.1 (Python 3.7.0 on win32)" generated="20190613 02:41:31.180" rpa="false">
<suite id="s1" name="Login Assignment" source="C:\Users\Gurunag.U\eclipse-workspace\login_assignment">
<suite id="s1-s1" name="Login Assignment Testsuite" source="C:\Users\Gurunag.U\eclipse-workspace\login_assignment\login_assignment_testsuite.robot">
<test id="s1-s1-t1" name="Login Verification">
<kw name="Open Brower And Open Page" library="login_assignment_resource">
<kw name="Open Browser" library="SeleniumLibrary">
<doc>Opens a new browser instance to the given ``url``.</doc>
<arguments>
<arg>${url}</arg>
<arg>${browser}</arg>
</arguments>
<msg timestamp="20190613 02:41:32.083" level="INFO">Opening browser 'gc' to base url 'https://opensource-demo.orangehrmlive.com/index.php/auth/login'.</msg>
<status status="PASS" starttime="20190613 02:41:32.082" endtime="20190613 02:41:50.442"></status>
</kw>
<kw name="Maximize Browser Window" library="SeleniumLibrary">
<doc>Maximizes current browser window.</doc>
<status status="PASS" starttime="20190613 02:41:50.443" endtime="20190613 02:41:51.588"></status>
</kw>
<status status="PASS" starttime="20190613 02:41:32.080" endtime="20190613 02:41:51.589"></status>
</kw>
<kw name="Verify The Login Page" library="login_assignment_resource">
<kw name="Wait Until Element Is Visible" library="SeleniumLibrary">
<doc>Waits until element ``locator`` is visible.</doc>
<arguments>
<arg>${loginpage_locator}</arg>
</arguments>
<status status="PASS" starttime="20190613 02:41:51.591" endtime="20190613 02:41:51.668"></status>
</kw>
<kw name="Page Should Contain Element" library="SeleniumLibrary">
<doc>Verifies that element ``locator`` is found on the current page.</doc>
<arguments>
<arg>${loginpage_locator}</arg>
</arguments>
<msg timestamp="20190613 02:41:51.692" level="INFO">Current page contains element 'css = div[id='logInPanelHeading']'.</msg>
<status status="PASS" starttime="20190613 02:41:51.669" endtime="20190613 02:41:51.692"></status>
</kw>
<status status="PASS" starttime="20190613 02:41:51.590" endtime="20190613 02:41:51.693"></status>
</kw>
<kw name="Enter Username" library="login_assignment_resource">
<kw name="Element click" library="login_assignment_resource">
<arguments>
<arg>${username_locator}</arg>
</arguments>
<kw name="Wait Until Element Is Visible" library="SeleniumLibrary">
<doc>Waits until element ``locator`` is visible.</doc>
<arguments>
<arg>${locator}</arg>
</arguments>
<status status="PASS" starttime="20190613 02:41:51.697" endtime="20190613 02:41:51.767"></status>
</kw>
<kw name="Click Element" library="SeleniumLibrary">
<doc>Click element identified by ``locator``.</doc>
<arguments>
<arg>${locator}</arg>
</arguments>
<msg timestamp="20190613 02:41:51.768" level="INFO">Clicking element 'css = input[name='txtUsername']'.</msg>
<status status="PASS" starttime="20190613 02:41:51.768" endtime="20190613 02:41:51.896"></status>
</kw>
<status status="PASS" starttime="20190613 02:41:51.695" endtime="20190613 02:41:51.897"></status>
</kw>
<kw name="Clear Element Text" library="SeleniumLibrary">
<doc>Clears the value of text entry element identified by ``locator``.</doc>
<arguments>
<arg>${username_locator}</arg>
</arguments>
<status status="PASS" starttime="20190613 02:41:51.898" endtime="20190613 02:41:51.984"></status>
</kw>
<kw name="Input Text" library="SeleniumLibrary">
<doc>Types the given ``text`` into text field identified by ``locator``.</doc>
<arguments>
<arg>${username_locator}</arg>
<arg>${username}</arg>
</arguments>
<msg timestamp="20190613 02:41:51.986" level="INFO">Typing text 'Admin' into text field 'css = input[name='txtUsername']'.</msg>
<status status="PASS" starttime="20190613 02:41:51.985" endtime="20190613 02:41:52.142"></status>
</kw>
<status status="PASS" starttime="20190613 02:41:51.694" endtime="20190613 02:41:52.145"></status>
</kw>
<kw name="Enter Password" library="login_assignment_resource">
<kw name="Element click" library="login_assignment_resource">
<arguments>
<arg>${password_locator}</arg>
</arguments>
<kw name="Wait Until Element Is Visible" library="SeleniumLibrary">
<doc>Waits until element ``locator`` is visible.</doc>
<arguments>
<arg>${locator}</arg>
</arguments>
<status status="PASS" starttime="20190613 02:41:52.149" endtime="20190613 02:41:52.227"></status>
</kw>
<kw name="Click Element" library="SeleniumLibrary">
<doc>Click element identified by ``locator``.</doc>
<arguments>
<arg>${locator}</arg>
</arguments>
<msg timestamp="20190613 02:41:52.229" level="INFO">Clicking element 'css = input[name='txtPassword']'.</msg>
<status status="PASS" starttime="20190613 02:41:52.228" endtime="20190613 02:41:52.349"></status>
</kw>
<status status="PASS" starttime="20190613 02:41:52.148" endtime="20190613 02:41:52.350"></status>
</kw>
<kw name="Clear Element Text" library="SeleniumLibrary">
<doc>Clears the value of text entry element identified by ``locator``.</doc>
<arguments>
<arg>${password_locator}</arg>
</arguments>
<status status="PASS" starttime="20190613 02:41:52.350" endtime="20190613 02:41:52.430"></status>
</kw>
<kw name="Input Text" library="SeleniumLibrary">
<doc>Types the given ``text`` into text field identified by ``locator``.</doc>
<arguments>
<arg>${password_locator}</arg>
<arg>${password}</arg>
</arguments>
<msg timestamp="20190613 02:41:52.432" level="INFO">Typing text 'admin123' into text field 'css = input[name='txtPassword']'.</msg>
<status status="PASS" starttime="20190613 02:41:52.431" endtime="20190613 02:41:52.594"></status>
</kw>
<status status="PASS" starttime="20190613 02:41:52.146" endtime="20190613 02:41:52.595"></status>
</kw>
<kw name="click on signin button" library="login_assignment_resource">
<kw name="Element click" library="login_assignment_resource">
<arguments>
<arg>${signin_button_locator}</arg>
</arguments>
<kw name="Wait Until Element Is Visible" library="SeleniumLibrary">
<doc>Waits until element ``locator`` is visible.</doc>
<arguments>
<arg>${locator}</arg>
</arguments>
<status status="PASS" starttime="20190613 02:41:52.599" endtime="20190613 02:41:52.667"></status>
</kw>
<kw name="Click Element" library="SeleniumLibrary">
<doc>Click element identified by ``locator``.</doc>
<arguments>
<arg>${locator}</arg>
</arguments>
<msg timestamp="20190613 02:41:52.669" level="INFO">Clicking element 'css = [name='Submit']'.</msg>
<status status="PASS" starttime="20190613 02:41:52.667" endtime="20190613 02:42:06.597"></status>
</kw>
<status status="PASS" starttime="20190613 02:41:52.597" endtime="20190613 02:42:06.598"></status>
</kw>
<status status="PASS" starttime="20190613 02:41:52.595" endtime="20190613 02:42:06.599"></status>
</kw>
<kw name="Verify Logged In Page" library="login_assignment_resource">
<kw name="Element Should Be Visible" library="SeleniumLibrary">
<doc>Verifies that the element identified by ``locator`` is visible.</doc>
<arguments>
<arg>${Welcome_admin_locator}</arg>
</arguments>
<assign>
<var>${message}</var>
</assign>
<msg timestamp="20190613 02:42:06.681" level="INFO">Element 'css = [id='welcome']' is displayed.</msg>
<msg timestamp="20190613 02:42:06.682" level="INFO">${message} = None</msg>
<status status="PASS" starttime="20190613 02:42:06.604" endtime="20190613 02:42:06.682"></status>
</kw>
<kw name="Run Keyword If" library="BuiltIn">
<doc>Runs the given keyword with the given arguments, if ``condition`` is true.</doc>
<arguments>
<arg>${message} == None</arg>
<arg>Print</arg>
<arg>Valid Login</arg>
<arg>ELSE</arg>
<arg>Print</arg>
<arg>Login failed</arg>
</arguments>
<kw name="Print" library="login_assignment_resource">
<arguments>
<arg>Valid Login</arg>
</arguments>
<kw name="Log" library="BuiltIn">
<doc>Logs the given message with the given level.</doc>
<arguments>
<arg>\n${message}\n</arg>
</arguments>
<msg timestamp="20190613 02:42:06.688" level="INFO">
Valid Login
</msg>
<status status="PASS" starttime="20190613 02:42:06.687" endtime="20190613 02:42:06.688"></status>
</kw>
<kw name="Log To Console" library="BuiltIn">
<doc>Logs the given message to the console.</doc>
<arguments>
<arg>\n${message}\n</arg>
</arguments>
<status status="PASS" starttime="20190613 02:42:06.689" endtime="20190613 02:42:06.691"></status>
</kw>
<status status="PASS" starttime="20190613 02:42:06.685" endtime="20190613 02:42:06.692"></status>
</kw>
<status status="PASS" starttime="20190613 02:42:06.683" endtime="20190613 02:42:06.693"></status>
</kw>
<status status="PASS" starttime="20190613 02:42:06.601" endtime="20190613 02:42:06.694"></status>
</kw>
<kw name="Logout" library="login_assignment_resource">
<kw name="Element click" library="login_assignment_resource">
<arguments>
<arg>${Welcome_admin_locator}</arg>
</arguments>
<kw name="Wait Until Element Is Visible" library="SeleniumLibrary">
<doc>Waits until element ``locator`` is visible.</doc>
<arguments>
<arg>${locator}</arg>
</arguments>
<status status="PASS" starttime="20190613 02:42:06.697" endtime="20190613 02:42:06.742"></status>
</kw>
<kw name="Click Element" library="SeleniumLibrary">
<doc>Click element identified by ``locator``.</doc>
<arguments>
<arg>${locator}</arg>
</arguments>
<msg timestamp="20190613 02:42:06.744" level="INFO">Clicking element 'css = [id='welcome']'.</msg>
<status status="PASS" starttime="20190613 02:42:06.743" endtime="20190613 02:42:06.891"></status>
</kw>
<status status="PASS" starttime="20190613 02:42:06.696" endtime="20190613 02:42:06.891"></status>
</kw>
<kw name="Element click" library="login_assignment_resource">
<arguments>
<arg>${logout_locator}</arg>
</arguments>
<kw name="Wait Until Element Is Visible" library="SeleniumLibrary">
<doc>Waits until element ``locator`` is visible.</doc>
<arguments>
<arg>${locator}</arg>
</arguments>
<status status="PASS" starttime="20190613 02:42:06.894" endtime="20190613 02:42:07.223"></status>
</kw>
<kw name="Click Element" library="SeleniumLibrary">
<doc>Click element identified by ``locator``.</doc>
<arguments>
<arg>${locator}</arg>
</arguments>
<msg timestamp="20190613 02:42:07.226" level="INFO">Clicking element 'xpath = //div[@id='welcome-menu']//li[2]/a'.</msg>
<status status="PASS" starttime="20190613 02:42:07.224" endtime="20190613 02:42:14.960"></status>
</kw>
<status status="PASS" starttime="20190613 02:42:06.892" endtime="20190613 02:42:14.961"></status>
</kw>
<kw name="Verify The Login Page" library="login_assignment_resource">
<kw name="Wait Until Element Is Visible" library="SeleniumLibrary">
<doc>Waits until element ``locator`` is visible.</doc>
<arguments>
<arg>${loginpage_locator}</arg>
</arguments>
<status status="PASS" starttime="20190613 02:42:14.963" endtime="20190613 02:42:15.040"></status>
</kw>
<kw name="Page Should Contain Element" library="SeleniumLibrary">
<doc>Verifies that element ``locator`` is found on the current page.</doc>
<arguments>
<arg>${loginpage_locator}</arg>
</arguments>
<msg timestamp="20190613 02:42:15.068" level="INFO">Current page contains element 'css = div[id='logInPanelHeading']'.</msg>
<status status="PASS" starttime="20190613 02:42:15.042" endtime="20190613 02:42:15.068"></status>
</kw>
<status status="PASS" starttime="20190613 02:42:14.961" endtime="20190613 02:42:15.069"></status>
</kw>
<status status="PASS" starttime="20190613 02:42:06.694" endtime="20190613 02:42:15.070"></status>
</kw>
<kw name="close the browser" library="login_assignment_resource">
<kw name="Sleep" library="BuiltIn">
<doc>Pauses the test executed for the given time.</doc>
<arguments>
<arg>3s</arg>
</arguments>
<msg timestamp="20190613 02:42:18.075" level="INFO">Slept 3 seconds</msg>
<status status="PASS" starttime="20190613 02:42:15.072" endtime="20190613 02:42:18.076"></status>
</kw>
<kw name="Close Browser" library="SeleniumLibrary">
<doc>Closes the current browser.</doc>
<status status="PASS" starttime="20190613 02:42:18.077" endtime="20190613 02:42:20.688"></status>
</kw>
<status status="PASS" starttime="20190613 02:42:15.071" endtime="20190613 02:42:20.689"></status>
</kw>
<status status="PASS" starttime="20190613 02:41:32.078" endtime="20190613 02:42:20.690" critical="yes"></status>
</test>
<doc>this file contains the login test cases</doc>
<status status="PASS" starttime="20190613 02:41:31.389" endtime="20190613 02:42:20.693"></status>
</suite>
<status status="PASS" starttime="20190613 02:41:31.305" endtime="20190613 02:42:20.701"></status>
</suite>
<statistics>
<total>
<stat pass="1" fail="0">Critical Tests</stat>
<stat pass="1" fail="0">All Tests</stat>
</total>
<tag>
</tag>
<suite>
<stat pass="1" fail="0" id="s1" name="Login Assignment">Login Assignment</stat>
<stat pass="1" fail="0" id="s1-s1" name="Login Assignment Testsuite">Login Assignment.Login Assignment Testsuite</stat>
</suite>
</statistics>
<errors>
</errors>
</robot>
