<?xml version="1.0" encoding="UTF-8"?>
<robot generator="Robot 3.1 (Python 3.7.0 on win32)" generated="20190614 03:46:54.965" rpa="false">
<suite id="s1" name="Browser control" source="C:\Users\Gurunag.U\eclipse-workspace\Browser_control">
<suite id="s1-s1" name="Testsuite" source="C:\Users\Gurunag.U\eclipse-workspace\Browser_control\testsuite">
<suite id="s1-s1-s1" name="Browser control testsuite" source="C:\Users\Gurunag.U\eclipse-workspace\Browser_control\testsuite\Browser_control_testsuite.robot">
<kw name="Open The Browser" library="browser_control_keywords" type="setup">
<kw name="Open Browser" library="SeleniumLibrary">
<doc>Opens a new browser instance to the given ``url``.</doc>
<arguments>
<arg>${url}</arg>
<arg>${browser}</arg>
</arguments>
<msg timestamp="20190614 03:46:55.787" level="INFO">Opening browser 'gc' to base url 'http://www.seleniumframework.com/Practiceform/'.</msg>
<status status="PASS" starttime="20190614 03:46:55.786" endtime="20190614 03:47:03.394"></status>
</kw>
<kw name="Maximize Browser Window" library="SeleniumLibrary">
<doc>Maximizes current browser window.</doc>
<status status="PASS" starttime="20190614 03:47:03.395" endtime="20190614 03:47:04.549"></status>
</kw>
<kw name="Set Browser Implicit Wait" library="SeleniumLibrary">
<doc>Sets the implicit wait value used by Selenium.</doc>
<arguments>
<arg>5s</arg>
</arguments>
<status status="PASS" starttime="20190614 03:47:04.550" endtime="20190614 03:47:04.555"></status>
</kw>
<status status="PASS" starttime="20190614 03:46:55.785" endtime="20190614 03:47:04.555"></status>
</kw>
<test id="s1-s1-s1-t1" name="Link text test">
<kw name="Link Text Window" library="browser_control_keywords">
<kw name="Home Page verification" library="browser_control_keywords">
<kw name="Select Window" library="SeleniumLibrary">
<doc>Selects browser window matching ``locator``.</doc>
<arguments>
<arg>${page_title}</arg>
</arguments>
<status status="PASS" starttime="20190614 03:47:04.560" endtime="20190614 03:47:04.656"></status>
</kw>
<kw name="Wait Until Element Is Visible" library="SeleniumLibrary">
<doc>Waits until element ``locator`` is visible.</doc>
<arguments>
<arg>${page_verify_locator}</arg>
</arguments>
<status status="PASS" starttime="20190614 03:47:04.657" endtime="20190614 03:47:04.727"></status>
</kw>
<status status="PASS" starttime="20190614 03:47:04.559" endtime="20190614 03:47:04.727"></status>
</kw>
<kw name="Element Click" library="browser_control_keywords">
<arguments>
<arg>${link_text_locator}</arg>
</arguments>
<kw name="Wait Until Element Is Visible" library="SeleniumLibrary">
<doc>Waits until element ``locator`` is visible.</doc>
<arguments>
<arg>${loc}</arg>
</arguments>
<status status="PASS" starttime="20190614 03:47:04.729" endtime="20190614 03:47:04.795"></status>
</kw>
<kw name="Element Should Be Visible" library="SeleniumLibrary">
<doc>Verifies that the element identified by ``locator`` is visible.</doc>
<arguments>
<arg>${loc}</arg>
</arguments>
<msg timestamp="20190614 03:47:04.840" level="INFO">Element 'css = a[title='seleniumframework']' is displayed.</msg>
<status status="PASS" starttime="20190614 03:47:04.795" endtime="20190614 03:47:04.841"></status>
</kw>
<kw name="Click Element" library="SeleniumLibrary">
<doc>Click element identified by ``locator``.</doc>
<arguments>
<arg>${loc}</arg>
</arguments>
<msg timestamp="20190614 03:47:04.843" level="INFO">Clicking element 'css = a[title='seleniumframework']'.</msg>
<status status="PASS" starttime="20190614 03:47:04.842" endtime="20190614 03:47:05.013"></status>
</kw>
<status status="PASS" starttime="20190614 03:47:04.728" endtime="20190614 03:47:05.014"></status>
</kw>
<kw name="Select Window" library="SeleniumLibrary">
<doc>Selects browser window matching ``locator``.</doc>
<arguments>
<arg>${new_window_title}</arg>
</arguments>
<status status="PASS" starttime="20190614 03:47:05.016" endtime="20190614 03:47:09.970"></status>
</kw>
<kw name="Element Should Be Visible" library="SeleniumLibrary">
<doc>Verifies that the element identified by ``locator`` is visible.</doc>
<arguments>
<arg>${new_window_verify_loc}</arg>
</arguments>
<msg timestamp="20190614 03:47:10.314" level="INFO">Element 'xpath = //strong[contains(text(),'Agile')]' is displayed.</msg>
<status status="PASS" starttime="20190614 03:47:09.971" endtime="20190614 03:47:10.314"></status>
</kw>
<status status="PASS" starttime="20190614 03:47:04.558" endtime="20190614 03:47:10.315"></status>
</kw>
<kw name="Close Window" library="SeleniumLibrary" type="teardown">
<doc>Closes currently opened pop-up window.</doc>
<status status="PASS" starttime="20190614 03:47:10.317" endtime="20190614 03:47:10.368"></status>
</kw>
<status status="PASS" starttime="20190614 03:47:04.556" endtime="20190614 03:47:10.369" critical="yes"></status>
</test>
<kw name="Close The Browser" library="browser_control_keywords" type="teardown">
<kw name="Sleep" library="BuiltIn">
<doc>Pauses the test executed for the given time.</doc>
<arguments>
<arg>5s</arg>
</arguments>
<msg timestamp="20190614 03:47:15.377" level="INFO">Slept 5 seconds</msg>
<status status="PASS" starttime="20190614 03:47:10.374" endtime="20190614 03:47:15.378"></status>
</kw>
<kw name="Close Browser" library="SeleniumLibrary">
<doc>Closes the current browser.</doc>
<status status="PASS" starttime="20190614 03:47:15.379" endtime="20190614 03:47:17.815"></status>
</kw>
<status status="PASS" starttime="20190614 03:47:10.373" endtime="20190614 03:47:17.816"></status>
</kw>
<doc>this file contains the testcases used in the project</doc>
<status status="PASS" starttime="20190614 03:46:55.164" endtime="20190614 03:47:17.816"></status>
</suite>
<status status="PASS" starttime="20190614 03:46:55.157" endtime="20190614 03:47:17.824"></status>
</suite>
<status status="PASS" starttime="20190614 03:46:55.079" endtime="20190614 03:47:17.830"></status>
</suite>
<statistics>
<total>
<stat pass="1" fail="0">Critical Tests</stat>
<stat pass="1" fail="0">All Tests</stat>
</total>
<tag>
</tag>
<suite>
<stat pass="1" fail="0" id="s1" name="Browser control">Browser control</stat>
<stat pass="1" fail="0" id="s1-s1" name="Testsuite">Browser control.Testsuite</stat>
<stat pass="1" fail="0" id="s1-s1-s1" name="Browser control testsuite">Browser control.Testsuite.Browser control testsuite</stat>
</suite>
</statistics>
<errors>
</errors>
</robot>
