<?xml version="1.0" encoding="UTF-8"?>
<robot generator="Robot 3.1 (Python 3.7.0 on win32)" generated="20190613 06:32:07.272" rpa="false">
<suite id="s1" name="ToolsQA2" source="C:\Users\Gurunag.U\eclipse-workspace\ToolsQA2">
<suite id="s1-s1" name="ToolsQA2 testcases" source="C:\Users\Gurunag.U\eclipse-workspace\ToolsQA2\ToolsQA2_testcases.robot">
<test id="s1-s1-t1" name="test">
<kw name="Open The Browser" library="ToolsQA2_keywords">
<kw name="Open Browser" library="SeleniumLibrary">
<doc>Opens a new browser instance to the given ``url``.</doc>
<arguments>
<arg>${url}</arg>
<arg>${browser}</arg>
</arguments>
<msg timestamp="20190613 06:32:08.088" level="INFO">Opening browser 'gc' to base url 'https://www.toolsqa.com/automation-practice-form/'.</msg>
<status status="PASS" starttime="20190613 06:32:08.087" endtime="20190613 06:32:13.142"></status>
</kw>
<kw name="Maximize Browser Window" library="SeleniumLibrary">
<doc>Maximizes current browser window.</doc>
<status status="PASS" starttime="20190613 06:32:13.143" endtime="20190613 06:32:15.402"></status>
</kw>
<status status="PASS" starttime="20190613 06:32:08.086" endtime="20190613 06:32:15.403"></status>
</kw>
<kw name="Verify Page Open" library="ToolsQA2_keywords">
<kw name="Wait Until Element Is Visible" library="SeleniumLibrary">
<doc>Waits until element ``locator`` is visible.</doc>
<arguments>
<arg>${pagetest_locator}</arg>
<arg>10s</arg>
</arguments>
<status status="PASS" starttime="20190613 06:32:15.404" endtime="20190613 06:32:15.445"></status>
</kw>
<kw name="Page Should Contain Element" library="SeleniumLibrary">
<doc>Verifies that element ``locator`` is found on the current page.</doc>
<arguments>
<arg>${pagetest_locator}</arg>
</arguments>
<msg timestamp="20190613 06:32:15.456" level="INFO">Current page contains element 'css = [class='page-title-head hgroup'] h1'.</msg>
<status status="PASS" starttime="20190613 06:32:15.446" endtime="20190613 06:32:15.457"></status>
</kw>
<status status="PASS" starttime="20190613 06:32:15.403" endtime="20190613 06:32:15.457"></status>
</kw>
<kw name="Text Input" library="ToolsQA2_keywords">
<arguments>
<arg>${firstname_locator}</arg>
<arg>${firstname}</arg>
</arguments>
<kw name="Wait Until Element Is Visible" library="SeleniumLibrary">
<doc>Waits until element ``locator`` is visible.</doc>
<arguments>
<arg>${locator}</arg>
</arguments>
<status status="PASS" starttime="20190613 06:32:15.458" endtime="20190613 06:32:15.516"></status>
</kw>
<kw name="Click Element" library="SeleniumLibrary">
<doc>Click element identified by ``locator``.</doc>
<arguments>
<arg>${locator}</arg>
</arguments>
<msg timestamp="20190613 06:32:15.518" level="INFO">Clicking element 'css = input[name='firstname']'.</msg>
<status status="PASS" starttime="20190613 06:32:15.517" endtime="20190613 06:32:15.794"></status>
</kw>
<kw name="Clear Element Text" library="SeleniumLibrary">
<doc>Clears the value of text entry element identified by ``locator``.</doc>
<arguments>
<arg>${locator}</arg>
</arguments>
<status status="PASS" starttime="20190613 06:32:15.795" endtime="20190613 06:32:15.964"></status>
</kw>
<kw name="Input Text" library="SeleniumLibrary">
<doc>Types the given ``text`` into text field identified by ``locator``.</doc>
<arguments>
<arg>${locator}</arg>
<arg>${value}</arg>
</arguments>
<msg timestamp="20190613 06:32:15.965" level="INFO">Typing text 'Gurunag' into text field 'css = input[name='firstname']'.</msg>
<status status="PASS" starttime="20190613 06:32:15.965" endtime="20190613 06:32:16.100"></status>
</kw>
<status status="PASS" starttime="20190613 06:32:15.457" endtime="20190613 06:32:16.101"></status>
</kw>
<kw name="Text Input" library="ToolsQA2_keywords">
<arguments>
<arg>${lastname_locator}</arg>
<arg>${lastname}</arg>
</arguments>
<kw name="Wait Until Element Is Visible" library="SeleniumLibrary">
<doc>Waits until element ``locator`` is visible.</doc>
<arguments>
<arg>${locator}</arg>
</arguments>
<status status="PASS" starttime="20190613 06:32:16.104" endtime="20190613 06:32:16.159"></status>
</kw>
<kw name="Click Element" library="SeleniumLibrary">
<doc>Click element identified by ``locator``.</doc>
<arguments>
<arg>${locator}</arg>
</arguments>
<msg timestamp="20190613 06:32:16.160" level="INFO">Clicking element 'css = input[name='lastname']'.</msg>
<status status="PASS" starttime="20190613 06:32:16.159" endtime="20190613 06:32:16.261"></status>
</kw>
<kw name="Clear Element Text" library="SeleniumLibrary">
<doc>Clears the value of text entry element identified by ``locator``.</doc>
<arguments>
<arg>${locator}</arg>
</arguments>
<status status="PASS" starttime="20190613 06:32:16.263" endtime="20190613 06:32:16.373"></status>
</kw>
<kw name="Input Text" library="SeleniumLibrary">
<doc>Types the given ``text`` into text field identified by ``locator``.</doc>
<arguments>
<arg>${locator}</arg>
<arg>${value}</arg>
</arguments>
<msg timestamp="20190613 06:32:16.375" level="INFO">Typing text 'Sai' into text field 'css = input[name='lastname']'.</msg>
<status status="PASS" starttime="20190613 06:32:16.374" endtime="20190613 06:32:16.500"></status>
</kw>
<status status="PASS" starttime="20190613 06:32:16.102" endtime="20190613 06:32:16.500"></status>
</kw>
<kw name="Select Male Radio Button" library="ToolsQA2_keywords">
<kw name="Wait Until Element Is Visible" library="SeleniumLibrary">
<doc>Waits until element ``locator`` is visible.</doc>
<arguments>
<arg>${exp_radio_locator}</arg>
</arguments>
<status status="PASS" starttime="20190613 06:32:16.502" endtime="20190613 06:32:16.545"></status>
</kw>
<kw name="Select Radio Button" library="SeleniumLibrary">
<doc>Sets radio button group ``group_name`` to ``value``.</doc>
<arguments>
<arg>${exp_radio_value}</arg>
<arg>${index}</arg>
</arguments>
<msg timestamp="20190613 06:32:16.546" level="INFO">Selecting '2' from radio button 'exp'.</msg>
<status status="PASS" starttime="20190613 06:32:16.546" endtime="20190613 06:32:16.677"></status>
</kw>
<kw name="Run Keyword And Return Status" library="BuiltIn">
<doc>Runs the given keyword with given arguments and returns the status as a Boolean value.</doc>
<arguments>
<arg>Radio Button Should Not Be Selected</arg>
<arg>${exp_radio_locator}</arg>
</arguments>
<assign>
<var>${result}</var>
</assign>
<kw name="Radio Button Should Not Be Selected" library="SeleniumLibrary">
<doc>Verifies radio button group ``group_name`` has no selection.</doc>
<arguments>
<arg>${exp_radio_locator}</arg>
</arguments>
<msg timestamp="20190613 06:32:16.679" level="INFO">Verifying radio button 'css = label[for='exp']' has no selection.</msg>
<kw name="Capture Page Screenshot" library="SeleniumLibrary">
<doc>Takes screenshot of the current page and embeds it into log file.</doc>
<msg timestamp="20190613 06:32:17.221" level="INFO" html="yes">&lt;/td&gt;&lt;/tr&gt;&lt;tr&gt;&lt;td colspan="3"&gt;&lt;a href="selenium-screenshot-22.png"&gt;&lt;img src="selenium-screenshot-22.png" width="800px"&gt;&lt;/a&gt;</msg>
<status status="PASS" starttime="20190613 06:32:16.737" endtime="20190613 06:32:17.221"></status>
</kw>
<msg timestamp="20190613 06:32:17.225" level="FAIL">InvalidSelectorException: Message: invalid selector: Unable to locate an element with the xpath expression //input[@type='radio' and @name='css = label[for='exp']'] because of the following error:
SyntaxError: Failed to execute 'evaluate' on 'Document': The string '//input[@type='radio' and @name='css = label[for='exp']']' is not a valid XPath expression.
  (Session info: chrome=75.0.3770.80)
  (Driver info: chromedriver=74.0.3729.6 (255758eccf3d244491b8a1317aa76e1ce10d57e9-refs/branch-heads/3729@{#29}),platform=Windows NT 6.3.9600 x86_64)
</msg>
<status status="FAIL" starttime="20190613 06:32:16.679" endtime="20190613 06:32:17.225"></status>
</kw>
<msg timestamp="20190613 06:32:17.226" level="INFO">${result} = False</msg>
<status status="PASS" starttime="20190613 06:32:16.678" endtime="20190613 06:32:17.226"></status>
</kw>
<kw name="Run Keyword If" library="BuiltIn">
<doc>Runs the given keyword with the given arguments, if ``condition`` is true.</doc>
<arguments>
<arg>${result} == True</arg>
<arg>Print</arg>
<arg>radio button not selected</arg>
<arg>ELSE</arg>
<arg>Print</arg>
<arg>radio button selected</arg>
</arguments>
<kw name="Print" library="ToolsQA2_keywords">
<arguments>
<arg>radio button selected</arg>
</arguments>
<kw name="Log" library="BuiltIn">
<doc>Logs the given message with the given level.</doc>
<arguments>
<arg>\n${message}\n</arg>
</arguments>
<msg timestamp="20190613 06:32:17.228" level="INFO">
radio button selected
</msg>
<status status="PASS" starttime="20190613 06:32:17.227" endtime="20190613 06:32:17.228"></status>
</kw>
<kw name="Log To Console" library="BuiltIn">
<doc>Logs the given message to the console.</doc>
<arguments>
<arg>\n${message}\n</arg>
</arguments>
<status status="PASS" starttime="20190613 06:32:17.228" endtime="20190613 06:32:17.228"></status>
</kw>
<status status="PASS" starttime="20190613 06:32:17.227" endtime="20190613 06:32:17.229"></status>
</kw>
<status status="PASS" starttime="20190613 06:32:17.226" endtime="20190613 06:32:17.229"></status>
</kw>
<status status="PASS" starttime="20190613 06:32:16.501" endtime="20190613 06:32:17.229"></status>
</kw>
<kw name="Text Input" library="ToolsQA2_keywords">
<arguments>
<arg>${date_locator}</arg>
<arg>${date}</arg>
</arguments>
<kw name="Wait Until Element Is Visible" library="SeleniumLibrary">
<doc>Waits until element ``locator`` is visible.</doc>
<arguments>
<arg>${locator}</arg>
</arguments>
<status status="PASS" starttime="20190613 06:32:17.230" endtime="20190613 06:32:17.248"></status>
</kw>
<kw name="Click Element" library="SeleniumLibrary">
<doc>Click element identified by ``locator``.</doc>
<arguments>
<arg>${locator}</arg>
</arguments>
<msg timestamp="20190613 06:32:17.248" level="INFO">Clicking element 'css = input[id='datepicker']'.</msg>
<status status="PASS" starttime="20190613 06:32:17.248" endtime="20190613 06:32:17.348"></status>
</kw>
<kw name="Clear Element Text" library="SeleniumLibrary">
<doc>Clears the value of text entry element identified by ``locator``.</doc>
<arguments>
<arg>${locator}</arg>
</arguments>
<status status="PASS" starttime="20190613 06:32:17.348" endtime="20190613 06:32:17.377"></status>
</kw>
<kw name="Input Text" library="SeleniumLibrary">
<doc>Types the given ``text`` into text field identified by ``locator``.</doc>
<arguments>
<arg>${locator}</arg>
<arg>${value}</arg>
</arguments>
<msg timestamp="20190613 06:32:17.378" level="INFO">Typing text '13-06-2019' into text field 'css = input[id='datepicker']'.</msg>
<status status="PASS" starttime="20190613 06:32:17.377" endtime="20190613 06:32:17.468"></status>
</kw>
<status status="PASS" starttime="20190613 06:32:17.229" endtime="20190613 06:32:17.469"></status>
</kw>
<kw name="Automation Tester Checkbox" library="ToolsQA2_keywords">
<kw name="Wait Until Element Is Visible" library="SeleniumLibrary">
<doc>Waits until element ``locator`` is visible.</doc>
<arguments>
<arg>${Automation_tester_loc}</arg>
</arguments>
<status status="PASS" starttime="20190613 06:32:17.470" endtime="20190613 06:32:17.501"></status>
</kw>
<kw name="Select Checkbox" library="SeleniumLibrary">
<doc>Selects checkbox identified by ``locator``.</doc>
<arguments>
<arg>${Automation_tester_loc}</arg>
</arguments>
<msg timestamp="20190613 06:32:17.502" level="INFO">Selecting checkbox 'css = input[value='Automation Tester']'.</msg>
<status status="PASS" starttime="20190613 06:32:17.502" endtime="20190613 06:32:17.608"></status>
</kw>
<kw name="Checkbox Should Be Selected" library="SeleniumLibrary">
<doc>Verifies checkbox ``locator`` is selected/checked.</doc>
<arguments>
<arg>${Automation_tester_loc}</arg>
</arguments>
<msg timestamp="20190613 06:32:17.609" level="INFO">Verifying checkbox 'css = input[value='Automation Tester']' is selected.</msg>
<status status="PASS" starttime="20190613 06:32:17.608" endtime="20190613 06:32:17.633"></status>
</kw>
<status status="PASS" starttime="20190613 06:32:17.469" endtime="20190613 06:32:17.634"></status>
</kw>
<kw name="Selenium Commands Selector" library="ToolsQA2_keywords">
<kw name="Wait Until Element Is Visible" library="SeleniumLibrary">
<doc>Waits until element ``locator`` is visible.</doc>
<arguments>
<arg>${selenium_cmd_locator}</arg>
</arguments>
<status status="PASS" starttime="20190613 06:32:17.635" endtime="20190613 06:32:17.661"></status>
</kw>
<kw name="Generate A Single Integer" library="ToolsQA2_keywords">
<arguments>
<arg>${random_0-4}</arg>
</arguments>
<assign>
<var>${num}</var>
</assign>
<kw name="Generate Random String" library="String">
<doc>Generates a string with a desired ``length`` from the given ``chars``.</doc>
<arguments>
<arg>${length}</arg>
<arg>${random}</arg>
</arguments>
<assign>
<var>${num}</var>
</assign>
<msg timestamp="20190613 06:32:17.662" level="INFO">${num} = 1</msg>
<status status="PASS" starttime="20190613 06:32:17.662" endtime="20190613 06:32:17.663"></status>
</kw>
<msg timestamp="20190613 06:32:17.663" level="INFO">${num} = 1</msg>
<status status="PASS" starttime="20190613 06:32:17.661" endtime="20190613 06:32:17.663"></status>
</kw>
<kw name="Select From List By Index" library="SeleniumLibrary">
<doc>Selects options from selection list ``locator`` by ``indexes``.</doc>
<arguments>
<arg>${selenium_cmd_locator}</arg>
<arg>${num}</arg>
</arguments>
<msg timestamp="20190613 06:32:17.664" level="INFO">Selecting options from selection list 'css = select[id='selenium_commands']' by index 1.</msg>
<status status="PASS" starttime="20190613 06:32:17.663" endtime="20190613 06:32:17.761"></status>
</kw>
<status status="PASS" starttime="20190613 06:32:17.634" endtime="20190613 06:32:17.761"></status>
</kw>
<kw name="Profile Pic Selector" library="ToolsQA2_keywords">
<kw name="Choose File" library="SeleniumLibrary">
<doc>Inputs the ``file_path`` into file input field ``locator``.</doc>
<arguments>
<arg>${pic_upload_locator}</arg>
<arg>${pic_location}</arg>
</arguments>
<status status="PASS" starttime="20190613 06:32:17.762" endtime="20190613 06:32:17.796"></status>
</kw>
<status status="PASS" starttime="20190613 06:32:17.762" endtime="20190613 06:32:17.796"></status>
</kw>
<kw name="Sleep" library="BuiltIn">
<doc>Pauses the test executed for the given time.</doc>
<arguments>
<arg>5s</arg>
</arguments>
<msg timestamp="20190613 06:32:22.798" level="INFO">Slept 5 seconds</msg>
<status status="PASS" starttime="20190613 06:32:17.797" endtime="20190613 06:32:22.799"></status>
</kw>
<kw name="Close Browser" library="SeleniumLibrary">
<doc>Closes the current browser.</doc>
<status status="PASS" starttime="20190613 06:32:22.800" endtime="20190613 06:32:25.303"></status>
</kw>
<status status="PASS" starttime="20190613 06:32:08.084" endtime="20190613 06:32:25.304" critical="yes"></status>
</test>
<status status="PASS" starttime="20190613 06:32:07.415" endtime="20190613 06:32:25.306"></status>
</suite>
<status status="PASS" starttime="20190613 06:32:07.364" endtime="20190613 06:32:25.310"></status>
</suite>
<statistics>
<total>
<stat pass="1" fail="0">Critical Tests</stat>
<stat pass="1" fail="0">All Tests</stat>
</total>
<tag>
</tag>
<suite>
<stat pass="1" fail="0" id="s1" name="ToolsQA2">ToolsQA2</stat>
<stat pass="1" fail="0" id="s1-s1" name="ToolsQA2 testcases">ToolsQA2.ToolsQA2 testcases</stat>
</suite>
</statistics>
<errors>
</errors>
</robot>
