<?xml version="1.0" encoding="UTF-8"?>
<robot generator="Robot 3.1 (Python 3.7.3 on win32)" generated="20190701 16:10:50.779" rpa="false">
<suite id="s1" name="ToolsQA assignment" source="C:\Users\gurunag.u\Desktop\robot framework assignmnets\12-06-2019\login_assignment\ToolsQA_assignment">
<suite id="s1-s1" name="ToolsQA assignment testsuite" source="C:\Users\gurunag.u\Desktop\robot framework assignmnets\12-06-2019\login_assignment\ToolsQA_assignment\ToolsQA_assignment_testsuite.robot">
<test id="s1-s1-t1" name="OPening the browser">
<kw name="Open Brower And Open Page" library="ToolsQA_assignment_resource">
<kw name="Open Browser" library="SeleniumLibrary">
<doc>Opens a new browser instance to the given ``url``.</doc>
<arguments>
<arg>${url}</arg>
<arg>${browser}</arg>
</arguments>
<msg timestamp="20190701 16:10:51.031" level="INFO">Opening browser 'gc' to base url 'https://www.toolsqa.com/automation-practice-form/'.</msg>
<status status="PASS" starttime="20190701 16:10:51.031" endtime="20190701 16:10:55.720"></status>
</kw>
<kw name="Maximize Browser Window" library="SeleniumLibrary">
<doc>Maximizes current browser window.</doc>
<status status="PASS" starttime="20190701 16:10:55.720" endtime="20190701 16:10:57.048"></status>
</kw>
<status status="PASS" starttime="20190701 16:10:51.030" endtime="20190701 16:10:57.049"></status>
</kw>
<status status="PASS" starttime="20190701 16:10:51.030" endtime="20190701 16:10:57.049" critical="yes"></status>
</test>
<test id="s1-s1-t2" name="Test Practice Automation Form">
<kw name="Verify Practice Automation Form" library="ToolsQA_assignment_resource">
<kw name="Wait Until Element Is Visible" library="SeleniumLibrary">
<doc>Waits until element ``locator`` is visible.</doc>
<arguments>
<arg>${verify_automationForm_locator}</arg>
</arguments>
<status status="PASS" starttime="20190701 16:10:57.050" endtime="20190701 16:10:57.073"></status>
</kw>
<kw name="Element Should Contain" library="SeleniumLibrary">
<doc>Verifies that element ``locator`` contains text ``expected``.</doc>
<arguments>
<arg>${verify_automationForm_locator}</arg>
<arg>${text_to_be_located}</arg>
</arguments>
<assign>
<var>${result}</var>
</assign>
<msg timestamp="20190701 16:10:57.094" level="INFO">Element 'xpath = //div[@class='wpb_wrapper']/h1' contains text 'Practice Automation Form'.</msg>
<msg timestamp="20190701 16:10:57.094" level="INFO">${result} = None</msg>
<status status="PASS" starttime="20190701 16:10:57.073" endtime="20190701 16:10:57.095"></status>
</kw>
<kw name="Run Keyword If" library="BuiltIn">
<doc>Runs the given keyword with the given arguments, if ``condition`` is true.</doc>
<arguments>
<arg>${result} == None</arg>
<arg>Print</arg>
<arg>'${text_to_be_located}' found in page</arg>
</arguments>
<kw name="Print" library="ToolsQA_assignment_resource">
<arguments>
<arg>'${text_to_be_located}' found in page</arg>
</arguments>
<kw name="Log" library="BuiltIn">
<doc>Logs the given message with the given level.</doc>
<arguments>
<arg>\n${message}\n</arg>
</arguments>
<msg timestamp="20190701 16:10:57.096" level="INFO">
'Practice Automation Form' found in page
</msg>
<status status="PASS" starttime="20190701 16:10:57.096" endtime="20190701 16:10:57.096"></status>
</kw>
<kw name="Log To Console" library="BuiltIn">
<doc>Logs the given message to the console.</doc>
<arguments>
<arg>\n${message}\n</arg>
</arguments>
<status status="PASS" starttime="20190701 16:10:57.097" endtime="20190701 16:10:57.097"></status>
</kw>
<status status="PASS" starttime="20190701 16:10:57.095" endtime="20190701 16:10:57.098"></status>
</kw>
<status status="PASS" starttime="20190701 16:10:57.095" endtime="20190701 16:10:57.098"></status>
</kw>
<status status="PASS" starttime="20190701 16:10:57.050" endtime="20190701 16:10:57.098"></status>
</kw>
<status status="PASS" starttime="20190701 16:10:57.049" endtime="20190701 16:10:57.098" critical="yes"></status>
</test>
<test id="s1-s1-t3" name="Test Linktest">
<kw name="Verify Link Test" library="ToolsQA_assignment_resource">
<kw name="Click Element" library="SeleniumLibrary">
<doc>Click element identified by ``locator``.</doc>
<arguments>
<arg>${linktest_locator}</arg>
</arguments>
<msg timestamp="20190701 16:10:57.100" level="INFO">Clicking element 'css = a[title='Automation Practice Table']&gt;strong'.</msg>
<status status="PASS" starttime="20190701 16:10:57.100" endtime="20190701 16:10:58.548"></status>
</kw>
<kw name="Wait Until Element Is Visible" library="SeleniumLibrary">
<doc>Waits until element ``locator`` is visible.</doc>
<arguments>
<arg>${linktestcheck_locator}</arg>
</arguments>
<status status="PASS" starttime="20190701 16:10:58.548" endtime="20190701 16:10:58.574"></status>
</kw>
<kw name="Element Should Be Visible" library="SeleniumLibrary">
<doc>Verifies that the element identified by ``locator`` is visible.</doc>
<arguments>
<arg>${linktestcheck_locator}</arg>
</arguments>
<assign>
<var>${result}</var>
</assign>
<msg timestamp="20190701 16:10:58.586" level="INFO">Element 'css = table[class='tsc_table_s13'] strong' is displayed.</msg>
<msg timestamp="20190701 16:10:58.587" level="INFO">${result} = None</msg>
<status status="PASS" starttime="20190701 16:10:58.574" endtime="20190701 16:10:58.587"></status>
</kw>
<kw name="Run Keyword If" library="BuiltIn">
<doc>Runs the given keyword with the given arguments, if ``condition`` is true.</doc>
<arguments>
<arg>${result} == None</arg>
<arg>Print</arg>
<arg>link test verified</arg>
<arg>ELSE</arg>
<arg>Print</arg>
<arg>link test failed</arg>
</arguments>
<kw name="Print" library="ToolsQA_assignment_resource">
<arguments>
<arg>link test verified</arg>
</arguments>
<kw name="Log" library="BuiltIn">
<doc>Logs the given message with the given level.</doc>
<arguments>
<arg>\n${message}\n</arg>
</arguments>
<msg timestamp="20190701 16:10:58.589" level="INFO">
link test verified
</msg>
<status status="PASS" starttime="20190701 16:10:58.588" endtime="20190701 16:10:58.589"></status>
</kw>
<kw name="Log To Console" library="BuiltIn">
<doc>Logs the given message to the console.</doc>
<arguments>
<arg>\n${message}\n</arg>
</arguments>
<status status="PASS" starttime="20190701 16:10:58.589" endtime="20190701 16:10:58.589"></status>
</kw>
<status status="PASS" starttime="20190701 16:10:58.588" endtime="20190701 16:10:58.590"></status>
</kw>
<status status="PASS" starttime="20190701 16:10:58.587" endtime="20190701 16:10:58.590"></status>
</kw>
<kw name="Go Back" library="SeleniumLibrary">
<doc>Simulates the user clicking the back button on their browser.</doc>
<status status="PASS" starttime="20190701 16:10:58.590" endtime="20190701 16:10:58.725"></status>
</kw>
<status status="PASS" starttime="20190701 16:10:57.099" endtime="20190701 16:10:58.725"></status>
</kw>
<status status="PASS" starttime="20190701 16:10:57.099" endtime="20190701 16:10:58.726" critical="yes"></status>
</test>
<test id="s1-s1-t4" name="Test Radio Button">
<kw name="Year Of Experience Radio Button" library="ToolsQA_assignment_resource">
<kw name="Wait Until Element Is Visible" library="SeleniumLibrary">
<doc>Waits until element ``locator`` is visible.</doc>
<arguments>
<arg>${radiobutton_locator}</arg>
</arguments>
<status status="PASS" starttime="20190701 16:10:58.728" endtime="20190701 16:10:59.027"></status>
</kw>
<kw name="Scroll Element Into View" library="SeleniumLibrary">
<doc>Scrolls an element identified by ``locator`` into view.</doc>
<arguments>
<arg>${radiobutton_locator}</arg>
</arguments>
<status status="PASS" starttime="20190701 16:10:59.027" endtime="20190701 16:10:59.059"></status>
</kw>
<kw name="Generate A Single Integer" library="ToolsQA_assignment_resource">
<arguments>
<arg>${random_1-7}</arg>
</arguments>
<assign>
<var>${num}</var>
</assign>
<kw name="Generate Random String" library="String">
<doc>Generates a string with a desired ``length`` from the given ``chars``.</doc>
<arguments>
<arg>${length}</arg>
<arg>${random}</arg>
</arguments>
<assign>
<var>${num}</var>
</assign>
<msg timestamp="20190701 16:10:59.060" level="INFO">${num} = 2</msg>
<status status="PASS" starttime="20190701 16:10:59.060" endtime="20190701 16:10:59.061"></status>
</kw>
<msg timestamp="20190701 16:10:59.061" level="INFO">${num} = 2</msg>
<status status="PASS" starttime="20190701 16:10:59.059" endtime="20190701 16:10:59.061"></status>
</kw>
<kw name="Select Radio Button" library="SeleniumLibrary">
<doc>Sets radio button group ``group_name`` to ``value``.</doc>
<arguments>
<arg>${radiobutton}</arg>
<arg>${num}</arg>
</arguments>
<msg timestamp="20190701 16:10:59.062" level="INFO">Selecting '2' from radio button 'exp'.</msg>
<status status="PASS" starttime="20190701 16:10:59.062" endtime="20190701 16:10:59.113"></status>
</kw>
<status status="PASS" starttime="20190701 16:10:58.728" endtime="20190701 16:10:59.113"></status>
</kw>
<status status="PASS" starttime="20190701 16:10:58.727" endtime="20190701 16:10:59.114" critical="yes"></status>
</test>
<test id="s1-s1-t5" name="Test Check Box">
<kw name="Automation Tools Check Box" library="ToolsQA_assignment_resource">
<kw name="Generate A Single Integer" library="ToolsQA_assignment_resource">
<arguments>
<arg>${random_0-2}</arg>
</arguments>
<assign>
<var>${num}</var>
</assign>
<kw name="Generate Random String" library="String">
<doc>Generates a string with a desired ``length`` from the given ``chars``.</doc>
<arguments>
<arg>${length}</arg>
<arg>${random}</arg>
</arguments>
<assign>
<var>${num}</var>
</assign>
<msg timestamp="20190701 16:10:59.115" level="INFO">${num} = 1</msg>
<status status="PASS" starttime="20190701 16:10:59.115" endtime="20190701 16:10:59.116"></status>
</kw>
<msg timestamp="20190701 16:10:59.116" level="INFO">${num} = 1</msg>
<status status="PASS" starttime="20190701 16:10:59.115" endtime="20190701 16:10:59.116"></status>
</kw>
<kw name="Set Variable" library="BuiltIn">
<doc>Returns the given values which can then be assigned to a variables.</doc>
<arguments>
<arg>css = input[id='tool-${num}']</arg>
</arguments>
<assign>
<var>${automation_checkbox_loc}</var>
</assign>
<msg timestamp="20190701 16:10:59.116" level="INFO">${automation_checkbox_loc} = css = input[id='tool-1']</msg>
<status status="PASS" starttime="20190701 16:10:59.116" endtime="20190701 16:10:59.117"></status>
</kw>
<kw name="Wait Until Element Is Visible" library="SeleniumLibrary">
<doc>Waits until element ``locator`` is visible.</doc>
<arguments>
<arg>${automation_checkbox_loc}</arg>
</arguments>
<status status="PASS" starttime="20190701 16:10:59.117" endtime="20190701 16:10:59.138"></status>
</kw>
<kw name="Scroll Element Into View" library="SeleniumLibrary">
<doc>Scrolls an element identified by ``locator`` into view.</doc>
<arguments>
<arg>${automation_checkbox_loc}</arg>
</arguments>
<status status="PASS" starttime="20190701 16:10:59.138" endtime="20190701 16:10:59.179"></status>
</kw>
<kw name="Scroll Element Into View" library="SeleniumLibrary">
<doc>Scrolls an element identified by ``locator`` into view.</doc>
<arguments>
<arg>${automation_checkbox_loc}</arg>
</arguments>
<status status="PASS" starttime="20190701 16:10:59.179" endtime="20190701 16:10:59.207"></status>
</kw>
<kw name="Select Checkbox" library="SeleniumLibrary">
<doc>Selects checkbox identified by ``locator``.</doc>
<arguments>
<arg>${automation_checkbox_loc}</arg>
</arguments>
<msg timestamp="20190701 16:10:59.207" level="INFO">Selecting checkbox 'css = input[id='tool-1']'.</msg>
<status status="PASS" starttime="20190701 16:10:59.207" endtime="20190701 16:10:59.269"></status>
</kw>
<status status="PASS" starttime="20190701 16:10:59.114" endtime="20190701 16:10:59.269"></status>
</kw>
<status status="PASS" starttime="20190701 16:10:59.114" endtime="20190701 16:10:59.269" critical="yes"></status>
</test>
<test id="s1-s1-t6" name="Test Dropdown">
<kw name="Select Random Field From Dropdown" library="ToolsQA_assignment_resource">
<kw name="Wait Until Element Is Visible" library="SeleniumLibrary">
<doc>Waits until element ``locator`` is visible.</doc>
<arguments>
<arg>${dropdown_locator}</arg>
</arguments>
<status status="PASS" starttime="20190701 16:10:59.270" endtime="20190701 16:10:59.291"></status>
</kw>
<kw name="Scroll Element Into View" library="SeleniumLibrary">
<doc>Scrolls an element identified by ``locator`` into view.</doc>
<arguments>
<arg>${dropdown_locator}</arg>
</arguments>
<status status="PASS" starttime="20190701 16:10:59.292" endtime="20190701 16:10:59.325"></status>
</kw>
<kw name="Generate A Single Integer" library="ToolsQA_assignment_resource">
<arguments>
<arg>${random_0-6}</arg>
</arguments>
<assign>
<var>${index}</var>
</assign>
<kw name="Generate Random String" library="String">
<doc>Generates a string with a desired ``length`` from the given ``chars``.</doc>
<arguments>
<arg>${length}</arg>
<arg>${random}</arg>
</arguments>
<assign>
<var>${num}</var>
</assign>
<msg timestamp="20190701 16:10:59.327" level="INFO">${num} = 0</msg>
<status status="PASS" starttime="20190701 16:10:59.326" endtime="20190701 16:10:59.327"></status>
</kw>
<msg timestamp="20190701 16:10:59.327" level="INFO">${index} = 0</msg>
<status status="PASS" starttime="20190701 16:10:59.325" endtime="20190701 16:10:59.327"></status>
</kw>
<kw name="Select From List By Index" library="SeleniumLibrary">
<doc>Selects options from selection list ``locator`` by ``indexes``.</doc>
<arguments>
<arg>${dropdown_locator}</arg>
<arg>${index}</arg>
</arguments>
<msg timestamp="20190701 16:10:59.328" level="INFO">Selecting options from selection list 'css = select[id='continents']' by index 0.</msg>
<status status="PASS" starttime="20190701 16:10:59.328" endtime="20190701 16:10:59.369"></status>
</kw>
<status status="PASS" starttime="20190701 16:10:59.270" endtime="20190701 16:10:59.369"></status>
</kw>
<status status="PASS" starttime="20190701 16:10:59.270" endtime="20190701 16:10:59.369" critical="yes"></status>
</test>
<doc>this file contains the test cases for the toolsQA website</doc>
<status status="PASS" starttime="20190701 16:10:50.840" endtime="20190701 16:10:59.370"></status>
</suite>
<status status="PASS" starttime="20190701 16:10:50.820" endtime="20190701 16:10:59.375"></status>
</suite>
<statistics>
<total>
<stat pass="6" fail="0">Critical Tests</stat>
<stat pass="6" fail="0">All Tests</stat>
</total>
<tag>
</tag>
<suite>
<stat pass="6" fail="0" id="s1" name="ToolsQA assignment">ToolsQA assignment</stat>
<stat pass="6" fail="0" id="s1-s1" name="ToolsQA assignment testsuite">ToolsQA assignment.ToolsQA assignment testsuite</stat>
</suite>
</statistics>
<errors>
</errors>
</robot>
