<?xml version="1.0" encoding="UTF-8"?>
<robot generator="Robot 3.1 (Python 3.7.0 on win32)" generated="20190612 06:03:59.393" rpa="false">
<suite id="s1" name="Login Assignment" source="C:\Users\Gurunag.U\eclipse-workspace\login_assignment">
<suite id="s1-s1" name="Login Assignment Testsuite" source="C:\Users\Gurunag.U\eclipse-workspace\login_assignment\login_assignment_testsuite.robot">
<test id="s1-s1-t1" name="Login Verification">
<kw name="Open Brower And Open Page" library="login_assignment_resource">
<kw name="Open Browser" library="SeleniumLibrary">
<doc>Opens a new browser instance to the given ``url``.</doc>
<arguments>
<arg>${url}</arg>
<arg>${browser}</arg>
</arguments>
<msg timestamp="20190612 06:04:00.209" level="INFO">Opening browser 'gc' to base url 'https://opensource-demo.orangehrmlive.com/index.php/auth/login'.</msg>
<status status="PASS" starttime="20190612 06:04:00.208" endtime="20190612 06:04:14.263"></status>
</kw>
<kw name="Maximize Browser Window" library="SeleniumLibrary">
<doc>Maximizes current browser window.</doc>
<status status="PASS" starttime="20190612 06:04:14.265" endtime="20190612 06:04:15.408"></status>
</kw>
<status status="PASS" starttime="20190612 06:04:00.207" endtime="20190612 06:04:15.409"></status>
</kw>
<kw name="Verify The Login Page" library="login_assignment_resource">
<kw name="Wait Until Element Is Visible" library="SeleniumLibrary">
<doc>Waits until element ``locator`` is visible.</doc>
<arguments>
<arg>${loginpage_locator}</arg>
</arguments>
<status status="PASS" starttime="20190612 06:04:15.410" endtime="20190612 06:04:15.477"></status>
</kw>
<kw name="Page Should Contain Element" library="SeleniumLibrary">
<doc>Verifies that element ``locator`` is found on the current page.</doc>
<arguments>
<arg>${loginpage_locator}</arg>
</arguments>
<msg timestamp="20190612 06:04:15.498" level="INFO">Current page contains element 'css = div[id='logInPanelHeading']'.</msg>
<status status="PASS" starttime="20190612 06:04:15.478" endtime="20190612 06:04:15.498"></status>
</kw>
<status status="PASS" starttime="20190612 06:04:15.409" endtime="20190612 06:04:15.499"></status>
</kw>
<kw name="Enter Username" library="login_assignment_resource">
<kw name="Wait Until Element Is Visible" library="SeleniumLibrary">
<doc>Waits until element ``locator`` is visible.</doc>
<arguments>
<arg>${username_locator}</arg>
</arguments>
<status status="PASS" starttime="20190612 06:04:15.500" endtime="20190612 06:04:15.561"></status>
</kw>
<kw name="Click Element" library="SeleniumLibrary">
<doc>Click element identified by ``locator``.</doc>
<arguments>
<arg>${username_locator}</arg>
</arguments>
<msg timestamp="20190612 06:04:15.563" level="INFO">Clicking element 'css = input[name='txtUsername']'.</msg>
<status status="PASS" starttime="20190612 06:04:15.562" endtime="20190612 06:04:15.682"></status>
</kw>
<kw name="Clear Element Text" library="SeleniumLibrary">
<doc>Clears the value of text entry element identified by ``locator``.</doc>
<arguments>
<arg>${username_locator}</arg>
</arguments>
<status status="PASS" starttime="20190612 06:04:15.683" endtime="20190612 06:04:15.760"></status>
</kw>
<kw name="Input Text" library="SeleniumLibrary">
<doc>Types the given ``text`` into text field identified by ``locator``.</doc>
<arguments>
<arg>${username_locator}</arg>
<arg>${username}</arg>
</arguments>
<msg timestamp="20190612 06:04:15.762" level="INFO">Typing text 'Admin' into text field 'css = input[name='txtUsername']'.</msg>
<status status="PASS" starttime="20190612 06:04:15.761" endtime="20190612 06:04:15.905"></status>
</kw>
<status status="PASS" starttime="20190612 06:04:15.499" endtime="20190612 06:04:15.906"></status>
</kw>
<kw name="Enter Password" library="login_assignment_resource">
<kw name="Wait Until Element Is Visible" library="SeleniumLibrary">
<doc>Waits until element ``locator`` is visible.</doc>
<arguments>
<arg>${password_locator}</arg>
</arguments>
<status status="PASS" starttime="20190612 06:04:15.908" endtime="20190612 06:04:15.975"></status>
</kw>
<kw name="Click Element" library="SeleniumLibrary">
<doc>Click element identified by ``locator``.</doc>
<arguments>
<arg>${password_locator}</arg>
</arguments>
<msg timestamp="20190612 06:04:15.977" level="INFO">Clicking element 'css = input[name='txtPassword']'.</msg>
<status status="PASS" starttime="20190612 06:04:15.976" endtime="20190612 06:04:16.092"></status>
</kw>
<kw name="Clear Element Text" library="SeleniumLibrary">
<doc>Clears the value of text entry element identified by ``locator``.</doc>
<arguments>
<arg>${password_locator}</arg>
</arguments>
<status status="PASS" starttime="20190612 06:04:16.093" endtime="20190612 06:04:16.173"></status>
</kw>
<kw name="Input Text" library="SeleniumLibrary">
<doc>Types the given ``text`` into text field identified by ``locator``.</doc>
<arguments>
<arg>${password_locator}</arg>
<arg>${password}</arg>
</arguments>
<msg timestamp="20190612 06:04:16.175" level="INFO">Typing text 'admin123' into text field 'css = input[name='txtPassword']'.</msg>
<status status="PASS" starttime="20190612 06:04:16.174" endtime="20190612 06:04:16.326"></status>
</kw>
<status status="PASS" starttime="20190612 06:04:15.907" endtime="20190612 06:04:16.327"></status>
</kw>
<kw name="click on signin button" library="login_assignment_resource">
<kw name="Wait Until Element Is Visible" library="SeleniumLibrary">
<doc>Waits until element ``locator`` is visible.</doc>
<arguments>
<arg>${signin_button_locator}</arg>
</arguments>
<status status="PASS" starttime="20190612 06:04:16.330" endtime="20190612 06:04:16.390"></status>
</kw>
<kw name="Click Element" library="SeleniumLibrary">
<doc>Click element identified by ``locator``.</doc>
<arguments>
<arg>${signin_button_locator}</arg>
</arguments>
<msg timestamp="20190612 06:04:16.391" level="INFO">Clicking element 'css = [name='Submit']'.</msg>
<status status="PASS" starttime="20190612 06:04:16.390" endtime="20190612 06:04:18.017"></status>
</kw>
<status status="PASS" starttime="20190612 06:04:16.328" endtime="20190612 06:04:18.018"></status>
</kw>
<kw name="Verify Logged In Page" library="login_assignment_resource">
<kw name="Element Should Be Visible" library="SeleniumLibrary">
<doc>Verifies that the element identified by ``locator`` is visible.</doc>
<arguments>
<arg>${loggedin_page_locator}</arg>
</arguments>
<assign>
<var>${message}</var>
</assign>
<msg timestamp="20190612 06:04:18.087" level="INFO">Element 'css = [id='welcome']' is displayed.</msg>
<msg timestamp="20190612 06:04:18.088" level="INFO">${message} = None</msg>
<status status="PASS" starttime="20190612 06:04:18.020" endtime="20190612 06:04:18.088"></status>
</kw>
<kw name="Run Keyword If" library="BuiltIn">
<doc>Runs the given keyword with the given arguments, if ``condition`` is true.</doc>
<arguments>
<arg>${message} == None</arg>
<arg>Print</arg>
<arg>Valid Login</arg>
<arg>ELSE</arg>
<arg>Print</arg>
<arg>Login failed</arg>
</arguments>
<kw name="Print" library="login_assignment_resource">
<arguments>
<arg>Valid Login</arg>
</arguments>
<kw name="Log" library="BuiltIn">
<doc>Logs the given message with the given level.</doc>
<arguments>
<arg>\n${message}\n</arg>
</arguments>
<msg timestamp="20190612 06:04:18.093" level="INFO">
Valid Login
</msg>
<status status="PASS" starttime="20190612 06:04:18.092" endtime="20190612 06:04:18.093"></status>
</kw>
<kw name="Log To Console" library="BuiltIn">
<doc>Logs the given message to the console.</doc>
<arguments>
<arg>\n${message}\n</arg>
</arguments>
<status status="PASS" starttime="20190612 06:04:18.094" endtime="20190612 06:04:18.096"></status>
</kw>
<status status="PASS" starttime="20190612 06:04:18.091" endtime="20190612 06:04:18.096"></status>
</kw>
<status status="PASS" starttime="20190612 06:04:18.089" endtime="20190612 06:04:18.097"></status>
</kw>
<status status="PASS" starttime="20190612 06:04:18.019" endtime="20190612 06:04:18.098"></status>
</kw>
<kw name="close the browser" library="login_assignment_resource">
<kw name="Sleep" library="BuiltIn">
<doc>Pauses the test executed for the given time.</doc>
<arguments>
<arg>3s</arg>
</arguments>
<msg timestamp="20190612 06:04:21.101" level="INFO">Slept 3 seconds</msg>
<status status="PASS" starttime="20190612 06:04:18.100" endtime="20190612 06:04:21.102"></status>
</kw>
<kw name="Close Browser" library="SeleniumLibrary">
<doc>Closes the current browser.</doc>
<status status="PASS" starttime="20190612 06:04:21.102" endtime="20190612 06:04:23.514"></status>
</kw>
<status status="PASS" starttime="20190612 06:04:18.098" endtime="20190612 06:04:23.516"></status>
</kw>
<status status="PASS" starttime="20190612 06:04:00.205" endtime="20190612 06:04:23.517" critical="yes"></status>
</test>
<doc>this file contains the login test cases</doc>
<status status="PASS" starttime="20190612 06:03:59.576" endtime="20190612 06:04:23.519"></status>
</suite>
<status status="PASS" starttime="20190612 06:03:59.502" endtime="20190612 06:04:23.527"></status>
</suite>
<statistics>
<total>
<stat pass="1" fail="0">Critical Tests</stat>
<stat pass="1" fail="0">All Tests</stat>
</total>
<tag>
</tag>
<suite>
<stat pass="1" fail="0" id="s1" name="Login Assignment">Login Assignment</stat>
<stat pass="1" fail="0" id="s1-s1" name="Login Assignment Testsuite">Login Assignment.Login Assignment Testsuite</stat>
</suite>
</statistics>
<errors>
</errors>
</robot>
