<?xml version="1.0" encoding="UTF-8"?>
<robot generator="Robot 3.1 (Python 3.7.0 on win32)" generated="20190612 01:43:10.623" rpa="false">
<suite id="s1" name="Open Close Browser" source="C:\Users\Gurunag.U\eclipse-workspace\open_close_browser">
<suite id="s1-s1" name="Open And Close Browser" source="C:\Users\Gurunag.U\eclipse-workspace\open_close_browser\open_and_close_browser.robot">
<test id="s1-s1-t1" name="open the browser">
<kw name="Open Browser" library="SeleniumLibrary">
<doc>Opens a new browser instance to the given ``url``.</doc>
<arguments>
<arg>${url}</arg>
<arg>${browser}</arg>
</arguments>
<msg timestamp="20190612 01:43:11.866" level="INFO">Opening browser 'gc' to base url 'https://www.google.com/'.</msg>
<status status="PASS" starttime="20190612 01:43:11.865" endtime="20190612 01:43:18.941"></status>
</kw>
<kw name="Maximize Browser Window" library="SeleniumLibrary">
<doc>Maximizes current browser window.</doc>
<status status="PASS" starttime="20190612 01:43:18.943" endtime="20190612 01:43:20.092"></status>
</kw>
<kw name="Sleep" library="BuiltIn">
<doc>Pauses the test executed for the given time.</doc>
<arguments>
<arg>2s</arg>
</arguments>
<msg timestamp="20190612 01:43:22.093" level="INFO">Slept 2 seconds</msg>
<status status="PASS" starttime="20190612 01:43:20.093" endtime="20190612 01:43:22.094"></status>
</kw>
<kw name="Input Password" library="SeleniumLibrary">
<doc>Types the given password into text field identified by ``locator``.</doc>
<arguments>
<arg>${text_locator}</arg>
<arg>robotframework</arg>
</arguments>
<msg timestamp="20190612 01:43:22.096" level="INFO">Typing password into text field 'name=q'.</msg>
<status status="PASS" starttime="20190612 01:43:22.094" endtime="20190612 01:43:22.420"></status>
</kw>
<kw name="Sleep" library="BuiltIn">
<doc>Pauses the test executed for the given time.</doc>
<arguments>
<arg>2s</arg>
</arguments>
<msg timestamp="20190612 01:43:24.422" level="INFO">Slept 2 seconds</msg>
<status status="PASS" starttime="20190612 01:43:22.421" endtime="20190612 01:43:24.423"></status>
</kw>
<kw name="Click Button" library="SeleniumLibrary">
<doc>Clicks button identified by ``locator``.</doc>
<arguments>
<arg>${search_locator}</arg>
</arguments>
<msg timestamp="20190612 01:43:24.426" level="INFO">Clicking button 'class=gNO89b'.</msg>
<status status="PASS" starttime="20190612 01:43:24.423" endtime="20190612 01:43:27.223"></status>
</kw>
<kw name="Sleep" library="BuiltIn">
<doc>Pauses the test executed for the given time.</doc>
<arguments>
<arg>2s</arg>
</arguments>
<msg timestamp="20190612 01:43:29.226" level="INFO">Slept 2 seconds</msg>
<status status="PASS" starttime="20190612 01:43:27.224" endtime="20190612 01:43:29.227"></status>
</kw>
<kw name="Click Element" library="SeleniumLibrary">
<doc>Click element identified by ``locator``.</doc>
<arguments>
<arg>${RFW_locator}</arg>
</arguments>
<msg timestamp="20190612 01:43:29.230" level="INFO">Clicking element 'class=LC20lb'.</msg>
<status status="PASS" starttime="20190612 01:43:29.228" endtime="20190612 01:43:32.945"></status>
</kw>
<kw name="Sleep" library="BuiltIn">
<doc>Pauses the test executed for the given time.</doc>
<arguments>
<arg>5s</arg>
</arguments>
<msg timestamp="20190612 01:43:37.949" level="INFO">Slept 5 seconds</msg>
<status status="PASS" starttime="20190612 01:43:32.946" endtime="20190612 01:43:37.950"></status>
</kw>
<kw name="Close Browser" library="SeleniumLibrary">
<doc>Closes the current browser.</doc>
<status status="PASS" starttime="20190612 01:43:37.951" endtime="20190612 01:43:40.355"></status>
</kw>
<status status="PASS" starttime="20190612 01:43:11.863" endtime="20190612 01:43:40.356" critical="yes"></status>
</test>
<doc>this file contains of open and close browser scenario.</doc>
<status status="PASS" starttime="20190612 01:43:10.874" endtime="20190612 01:43:40.360"></status>
</suite>
<status status="PASS" starttime="20190612 01:43:10.800" endtime="20190612 01:43:40.367"></status>
</suite>
<statistics>
<total>
<stat pass="1" fail="0">Critical Tests</stat>
<stat pass="1" fail="0">All Tests</stat>
</total>
<tag>
</tag>
<suite>
<stat pass="1" fail="0" id="s1" name="Open Close Browser">Open Close Browser</stat>
<stat pass="1" fail="0" id="s1-s1" name="Open And Close Browser">Open Close Browser.Open And Close Browser</stat>
</suite>
</statistics>
<errors>
</errors>
</robot>
